#
# There is insufficient memory for the Java Runtime Environment to continue.
# Native memory allocation (malloc) failed to allocate 1048576 bytes. Error detail: AllocateHeap
# Possible reasons:
#   The system is out of physical RAM or swap space
#   This process is running with CompressedOops enabled, and the Java Heap may be blocking the growth of the native heap
# Possible solutions:
#   Reduce memory load on the system
#   Increase physical memory or swap space
#   Check if swap backing store is full
#   Decrease Java heap size (-Xmx/-Xms)
#   Decrease number of Java threads
#   Decrease Java thread stack sizes (-Xss)
#   Set larger code cache with -XX:ReservedCodeCacheSize=
#   JVM is running with Unscaled Compressed Oops mode in which the Java heap is
#     placed in the first 4GB address space. The Java Heap base address is the
#     maximum limit for the native heap growth. Please use -XX:HeapBaseMinAddress
#     to set the Java Heap base and to place the Java Heap above 4GB virtual address.
# This output file may be truncated or incomplete.
#
#  Out of Memory Error (allocation.cpp:44), pid=27172, tid=8480
#
# JRE version:  (17.0.14+7) (build )
# Java VM: OpenJDK 64-Bit Server VM (17.0.14+7-LTS, mixed mode, sharing, tiered, compressed oops, compressed class ptrs, g1 gc, windows-amd64)
# No core dump will be written. Minidumps are not enabled by default on client versions of Windows
#

---------------  S U M M A R Y ------------

Command Line: -Xmx64m -Xms64m -Dorg.gradle.appname=gradlew org.gradle.wrapper.GradleWrapperMain :app:installDebug

Host: 12th Gen Intel(R) Core(TM) i5-12500H, 16 cores, 15G,  Windows 11 , 64 bit Build 26100 (10.0.26100.3912)
Time: Sat May 10 11:47:30 2025 India Standard Time elapsed time: 1.028415 seconds (0d 0h 0m 1s)

---------------  T H R E A D  ---------------

Current thread (0x000001dfef8ea760):  JavaThread "Unknown thread" [_thread_in_vm, id=8480, stack(0x0000007d7f400000,0x0000007d7f500000)]

Stack: [0x0000007d7f400000,0x0000007d7f500000]
Native frames: (J=compiled Java code, j=interpreted, Vv=VM code, C=native code)
V  [jvm.dll+0x6886b9]
V  [jvm.dll+0x83f6f8]
V  [jvm.dll+0x8411a3]
V  [jvm.dll+0x841813]
V  [jvm.dll+0x2495cf]
V  [jvm.dll+0xa77b3]
V  [jvm.dll+0x2eb612]
V  [jvm.dll+0x2e314b]
V  [jvm.dll+0x8115fb]
V  [jvm.dll+0x370c01]
V  [jvm.dll+0x7f00ef]
V  [jvm.dll+0x3f76ff]
V  [jvm.dll+0x3f9231]
C  [jli.dll+0x52a0]
C  [ucrtbase.dll+0x37b0]
C  [KERNEL32.DLL+0x2e8d7]
C  [ntdll.dll+0x9c5dc]


---------------  P R O C E S S  ---------------

Threads class SMR info:
_java_thread_list=0x00007ff9da16efd8, length=0, elements={
}

Java Threads: ( => current thread )

Other Threads:
  0x000001dfef90e250 GCTaskThread "GC Thread#0" [stack: 0x0000007d7f500000,0x0000007d7f600000] [id=23808]

[error occurred during error reporting (printing all threads), id 0xc0000005, EXCEPTION_ACCESS_VIOLATION (0xc0000005) at pc=0x00007ff9d9920330]

VM state: not at safepoint (not fully initialized)

VM Mutex/Monitor currently owned by a thread:  ([mutex/lock_event])
[0x000001dfef8e5600] Heap_lock - owner thread: 0x000001dfef8ea760

Heap address: 0x00000000fc000000, size: 64 MB, Compressed Oops mode: 32-bit

CDS archive(s) mapped at: [0x0000000000000000-0x0000000000000000-0x0000000000000000), size 0, SharedBaseAddress: 0x0000000800000000, ArchiveRelocationMode: 1.
Narrow klass base: 0x0000000000000000, Narrow klass shift: 0, Narrow klass range: 0x0

GC Precious Log:
<Empty>

Heap:
 garbage-first heap   total 0K, used 0K [0x00000000fc000000, 0x0000000100000000)
  region size 1024K, 0 young (0K), 0 survivors (0K)

[error occurred during error reporting (printing heap information), id 0xc0000005, EXCEPTION_ACCESS_VIOLATION (0xc0000005) at pc=0x00007ff9d9d122e9]

GC Heap History (0 events):
No events

Dll operation events (1 events):
Event: 0.006 Loaded shared library C:\Program Files\Microsoft\jdk-17.0.14.7-hotspot\bin\java.dll

Deoptimization events (0 events):
No events

Classes loaded (0 events):
No events

Classes unloaded (0 events):
No events

Classes redefined (0 events):
No events

Internal exceptions (0 events):
No events

VM Operations (0 events):
No events

Memory protections (0 events):
No events

Nmethod flushes (0 events):
No events

Events (0 events):
No events


Dynamic libraries:
0x00007ff6470d0000 - 0x00007ff6470de000 	C:\Program Files\Microsoft\jdk-17.0.14.7-hotspot\bin\java.exe
0x00007ffa8ad60000 - 0x00007ffa8afc6000 	C:\WINDOWS\SYSTEM32\ntdll.dll
0x00007ffa89030000 - 0x00007ffa890f9000 	C:\WINDOWS\System32\KERNEL32.DLL
0x00007ffa88300000 - 0x00007ffa886cc000 	C:\WINDOWS\System32\KERNELBASE.dll
0x00007ffa889d0000 - 0x00007ffa88b1b000 	C:\WINDOWS\System32\ucrtbase.dll
0x00007ffa2b670000 - 0x00007ffa2b68d000 	C:\Program Files\Microsoft\jdk-17.0.14.7-hotspot\bin\VCRUNTIME140.dll
0x00007ffa2b650000 - 0x00007ffa2b667000 	C:\Program Files\Microsoft\jdk-17.0.14.7-hotspot\bin\jli.dll
0x00007ffa89c90000 - 0x00007ffa89e5a000 	C:\WINDOWS\System32\USER32.dll
0x00007ffa6dad0000 - 0x00007ffa6dd6a000 	C:\WINDOWS\WinSxS\amd64_microsoft.windows.common-controls_6595b64144ccf1df_6.0.26100.3912_none_3e07963ce335137e\COMCTL32.dll
0x00007ffa889a0000 - 0x00007ffa889c7000 	C:\WINDOWS\System32\win32u.dll
0x00007ffa8a1d0000 - 0x00007ffa8a279000 	C:\WINDOWS\System32\msvcrt.dll
0x00007ffa8a280000 - 0x00007ffa8a2ab000 	C:\WINDOWS\System32\GDI32.dll
0x00007ffa88070000 - 0x00007ffa881a2000 	C:\WINDOWS\System32\gdi32full.dll
0x00007ffa888f0000 - 0x00007ffa88993000 	C:\WINDOWS\System32\msvcp_win.dll
0x00007ffa89200000 - 0x00007ffa89230000 	C:\WINDOWS\System32\IMM32.DLL
0x00007ffa42dc0000 - 0x00007ffa42dcc000 	C:\Program Files\Microsoft\jdk-17.0.14.7-hotspot\bin\vcruntime140_1.dll
0x00007ffa07350000 - 0x00007ffa073dd000 	C:\Program Files\Microsoft\jdk-17.0.14.7-hotspot\bin\msvcp140.dll
0x00007ff9d9630000 - 0x00007ff9da2a2000 	C:\Program Files\Microsoft\jdk-17.0.14.7-hotspot\bin\server\jvm.dll
0x00007ffa8a050000 - 0x00007ffa8a102000 	C:\WINDOWS\System32\ADVAPI32.dll
0x00007ffa89be0000 - 0x00007ffa89c86000 	C:\WINDOWS\System32\sechost.dll
0x00007ffa8ac00000 - 0x00007ffa8ad16000 	C:\WINDOWS\System32\RPCRT4.dll
0x00007ffa897c0000 - 0x00007ffa89834000 	C:\WINDOWS\System32\WS2_32.dll
0x00007ffa7dfd0000 - 0x00007ffa7e006000 	C:\WINDOWS\SYSTEM32\WINMM.dll
0x00007ffa87d40000 - 0x00007ffa87d9e000 	C:\WINDOWS\SYSTEM32\POWRPROF.dll
0x00007ffa76970000 - 0x00007ffa7697b000 	C:\WINDOWS\SYSTEM32\VERSION.dll
0x00007ffa87d20000 - 0x00007ffa87d34000 	C:\WINDOWS\SYSTEM32\UMPDC.dll
0x00007ffa86cb0000 - 0x00007ffa86cca000 	C:\WINDOWS\SYSTEM32\kernel.appcore.dll
0x00007ffa42300000 - 0x00007ffa4230a000 	C:\Program Files\Microsoft\jdk-17.0.14.7-hotspot\bin\jimage.dll
0x00007ffa85540000 - 0x00007ffa85781000 	C:\WINDOWS\SYSTEM32\DBGHELP.DLL
0x00007ffa89850000 - 0x00007ffa89bd4000 	C:\WINDOWS\System32\combase.dll
0x00007ffa89f60000 - 0x00007ffa8a040000 	C:\WINDOWS\System32\OLEAUT32.dll
0x00007ffa5a850000 - 0x00007ffa5a889000 	C:\WINDOWS\SYSTEM32\dbgcore.DLL
0x00007ffa886d0000 - 0x00007ffa88769000 	C:\WINDOWS\System32\bcryptPrimitives.dll
0x00007ffa2b620000 - 0x00007ffa2b645000 	C:\Program Files\Microsoft\jdk-17.0.14.7-hotspot\bin\java.dll

dbghelp: loaded successfully - version: 4.0.5 - missing functions: none
symbol engine: initialized successfully - sym options: 0x614 - pdb path: .;C:\Program Files\Microsoft\jdk-17.0.14.7-hotspot\bin;C:\WINDOWS\SYSTEM32;C:\WINDOWS\WinSxS\amd64_microsoft.windows.common-controls_6595b64144ccf1df_6.0.26100.3912_none_3e07963ce335137e;C:\Program Files\Microsoft\jdk-17.0.14.7-hotspot\bin\server

VM Arguments:
jvm_args: -Xmx64m -Xms64m -Dorg.gradle.appname=gradlew 
java_command: org.gradle.wrapper.GradleWrapperMain :app:installDebug
java_class_path (initial): E:\priya\kharchaji\\gradle\wrapper\gradle-wrapper.jar
Launcher Type: SUN_STANDARD

[Global flags]
     intx CICompilerCount                          = 12                                        {product} {ergonomic}
     uint ConcGCThreads                            = 3                                         {product} {ergonomic}
     uint G1ConcRefinementThreads                  = 13                                        {product} {ergonomic}
   size_t G1HeapRegionSize                         = 1048576                                   {product} {ergonomic}
    uintx GCDrainStackTargetSize                   = 64                                        {product} {ergonomic}
   size_t InitialHeapSize                          = 67108864                                  {product} {command line}
   size_t MarkStackSize                            = 4194304                                   {product} {ergonomic}
   size_t MaxHeapSize                              = 67108864                                  {product} {command line}
   size_t MinHeapDeltaBytes                        = 1048576                                   {product} {ergonomic}
   size_t MinHeapSize                              = 67108864                                  {product} {command line}
    uintx NonNMethodCodeHeapSize                   = 7602480                                {pd product} {ergonomic}
    uintx NonProfiledCodeHeapSize                  = 122027880                              {pd product} {ergonomic}
    uintx ProfiledCodeHeapSize                     = 122027880                              {pd product} {ergonomic}
    uintx ReservedCodeCacheSize                    = 251658240                              {pd product} {ergonomic}
     bool SegmentedCodeCache                       = true                                      {product} {ergonomic}
   size_t SoftMaxHeapSize                          = 67108864                               {manageable} {ergonomic}
     bool UseCompressedClassPointers               = true                           {product lp64_product} {ergonomic}
     bool UseCompressedOops                        = true                           {product lp64_product} {ergonomic}
     bool UseG1GC                                  = true                                      {product} {ergonomic}
     bool UseLargePagesIndividualAllocation        = false                                  {pd product} {ergonomic}

Logging:
Log output configuration:
 #0: stdout all=warning uptime,level,tags
 #1: stderr all=off uptime,level,tags

Environment Variables:
JAVA_HOME=C:\Program Files\Microsoft\jdk-17.0.14.7-hotspot
CLASSPATH=E:\priya\kharchaji\\gradle\wrapper\gradle-wrapper.jar
PATH=C:\Program Files\PowerShell\7;C:\scrcpy-win32-v3.1;C:\src\flutter\bin;C:\androids\platform-tools;C:\AndroidSDK\cmdline-tools\latest\bin;C:\Program Files\Microsoft\jdk-17.0.14.7-hotspot\bin;C:\Program Files\Microsoft\jdk-17.0.14.7-hotspot\bin;C:\Program Files\WindowsApps\Microsoft.DesktopAppInstaller_1.24.25200.0_x64__8wekyb3d8bbwe;c:\Users\Abhishek soni\AppData\Local\Programs\cursor\resources\app\bin;C:\Program Files\Microsoft\jdk-17.0.10.7-hotspot\\bin;C:\Users\Abhishek soni\AppData\Local\Android\Sdk;C:\Users\Abhishek soni\AppData\Local\Android\Sdk\platform-tools;C:\Program Files\nodejs;C:\WINDOWS\system32;C:\WINDOWS;C:\WINDOWS\System32\Wbem;C:\WINDOWS\System32\WindowsPowerShell\v1.0\;C:\WINDOWS\System32\OpenSSH\;C:\Program Files\dotnet\;C:\MinGW\bin;E:\Aakash itr\platform-tools_r34.0.1-windows\platform-tools;C:\ProgramData\chocolatey\bin;C:\Program Files\nodejs\;C:\Program Files\Git\cmd;C:\Program Files (x86)\Microsoft SQL Server\160\Tools\Binn\;C:\Program Files\Microsoft SQL Server\160\Tools\Binn\;C:\Program Files\Microsoft SQL Server\Client SDK\ODBC\170\Tools\Binn\;C:\Program Files\Microsoft SQL Server\160\DTS\Binn\;C:\Program Files\Microsoft\jdk-17.0.14.7-hotspot;C:\Program Files\PowerShell\7\;C:\Users\Abhishek soni\AppData\Local\Programs\Python\Python313\Scripts\;C:\Users\Abhishek soni\AppData\Local\Programs\Python\Python313\;E:\trucckkk\Go_rider_passenger_app\flutter\flutter\bin;C:\Users\Abhishek soni\AppData\Local\Programs\Microsoft VS Code\bin;C:\Program Files\Tesseract-OCR;E:\codekamaal\my_first_app\flutter\bin;C:\Users\Abhishek soni\AppData\Local\Programs\cursor\resources\app\bin;C:\Users\Abhishek soni\AppData\Local\Microsoft\WindowsApps;C:\Users\Abhishek soni\AppData\Local\Microsoft\WinGet\Packages\Genymobile.scrcpy_Microsoft.Winget.Source_8wekyb3d8bbwe\scrcpy-win64-v3.1;C:\Program Files\WindowsApps\Microsoft.DesktopAppInstaller_1.25.320.0_x64__8wekyb3d8bbwe;C:\Windows\System32
USERNAME=Abhishek soni
LANG=en_US.UTF-8
OS=Windows_NT
PROCESSOR_IDENTIFIER=Intel64 Family 6 Model 154 Stepping 3, GenuineIntel
TMP=C:\Users\Abhishek soni\AppData\Local\Temp
TEMP=C:\Users\Abhishek soni\AppData\Local\Temp



Periodic native trim disabled


---------------  S Y S T E M  ---------------

OS:
 Windows 11 , 64 bit Build 26100 (10.0.26100.3912)
OS uptime: 0 days 16:20 hours
Hyper-V role detected

CPU: total 16 (initial active 16) (8 cores per cpu, 2 threads per core) family 6 model 154 stepping 3 microcode 0x435, cx8, cmov, fxsr, ht, mmx, 3dnowpref, sse, sse2, sse3, ssse3, sse4.1, sse4.2, popcnt, lzcnt, tsc, tscinvbit, avx, avx2, aes, erms, clmul, bmi1, bmi2, adx, sha, fma, vzeroupper, clflush, clflushopt, clwb, hv
Processor Information for processor 0
  Max Mhz: 2500, Current Mhz: 2500, Mhz Limit: 2500
Processor Information for processor 1
  Max Mhz: 2500, Current Mhz: 2500, Mhz Limit: 2500
Processor Information for processor 2
  Max Mhz: 2500, Current Mhz: 2500, Mhz Limit: 2500
Processor Information for processor 3
  Max Mhz: 2500, Current Mhz: 2500, Mhz Limit: 2500
Processor Information for processor 4
  Max Mhz: 2500, Current Mhz: 2500, Mhz Limit: 2500
Processor Information for processor 5
  Max Mhz: 2500, Current Mhz: 2500, Mhz Limit: 2500
Processor Information for processor 6
  Max Mhz: 2500, Current Mhz: 2500, Mhz Limit: 2500
Processor Information for processor 7
  Max Mhz: 2500, Current Mhz: 1532, Mhz Limit: 2500
Processor Information for processor 8
  Max Mhz: 2500, Current Mhz: 1500, Mhz Limit: 1800
Processor Information for processor 9
  Max Mhz: 2500, Current Mhz: 1500, Mhz Limit: 1800
Processor Information for processor 10
  Max Mhz: 2500, Current Mhz: 1500, Mhz Limit: 1800
Processor Information for processor 11
  Max Mhz: 2500, Current Mhz: 1500, Mhz Limit: 1800
Processor Information for processor 12
  Max Mhz: 2500, Current Mhz: 1800, Mhz Limit: 1800
Processor Information for processor 13
  Max Mhz: 2500, Current Mhz: 1800, Mhz Limit: 1800
Processor Information for processor 14
  Max Mhz: 2500, Current Mhz: 1500, Mhz Limit: 1800
Processor Information for processor 15
  Max Mhz: 2500, Current Mhz: 1500, Mhz Limit: 1800

Memory: 4k page, system-wide physical 16095M (2512M free)
TotalPageFile size 23095M (AvailPageFile size 8M)
current process WorkingSet (physical memory assigned to process): 12M, peak: 12M
current process commit charge ("private bytes"): 68M, peak: 69M

vm_info: OpenJDK 64-Bit Server VM (17.0.14+7-LTS) for windows-amd64 JRE (17.0.14+7-LTS), built on Jan  8 2025 23:39:28 by "MicrosoftCorporation" with unknown MS VC++:1939

END.
