#
# There is insufficient memory for the Java Runtime Environment to continue.
# Native memory allocation (mmap) failed to map 31457280 bytes. Error detail: G1 virtual space
# Possible reasons:
#   The system is out of physical RAM or swap space
#   This process is running with CompressedOops enabled, and the Java Heap may be blocking the growth of the native heap
# Possible solutions:
#   Reduce memory load on the system
#   Increase physical memory or swap space
#   Check if swap backing store is full
#   Decrease Java heap size (-Xmx/-Xms)
#   Decrease number of Java threads
#   Decrease Java thread stack sizes (-Xss)
#   Set larger code cache with -XX:ReservedCodeCacheSize=
#   JVM is running with Zero Based Compressed Oops mode in which the Java heap is
#     placed in the first 32GB address space. The Java Heap base address is the
#     maximum limit for the native heap growth. Please use -XX:HeapBaseMinAddress
#     to set the Java Heap base and to place the Java Heap above 32GB virtual address.
# This output file may be truncated or incomplete.
#
#  Out of Memory Error (os_windows.cpp:3710), pid=18420, tid=26008
#
# JRE version: OpenJDK Runtime Environment Microsoft-10800295 (17.0.14+7) (build 17.0.14+7-LTS)
# Java VM: OpenJDK 64-Bit Server VM Microsoft-10800295 (17.0.14+7-LTS, mixed mode, sharing, tiered, compressed oops, compressed class ptrs, g1 gc, windows-amd64)
# No core dump will be written. Minidumps are not enabled by default on client versions of Windows
#

---------------  S U M M A R Y ------------

Command Line: org.jetbrains.kotlin.cli.jvm.K2JVMCompiler @E:\priya\kharrrchu\latest_kharchaji-\app\build\20250517_10625387778014840758.compiler.options

Host: 12th Gen Intel(R) Core(TM) i5-12500H, 16 cores, 15G,  Windows 11 , 64 bit Build 26100 (10.0.26100.3912)
Time: Sat May 17 18:09:40 2025 India Standard Time elapsed time: 29.507032 seconds (0d 0h 0m 29s)

---------------  T H R E A D  ---------------

Current thread (0x0000024357b8ec30):  VMThread "VM Thread" [stack: 0x000000f9aab00000,0x000000f9aac00000] [id=26008]

Stack: [0x000000f9aab00000,0x000000f9aac00000]
Native frames: (J=compiled Java code, j=interpreted, Vv=VM code, C=native code)
V  [jvm.dll+0x6886b9]
V  [jvm.dll+0x83f6f8]
V  [jvm.dll+0x8411a3]
V  [jvm.dll+0x841813]
V  [jvm.dll+0x2495cf]
V  [jvm.dll+0x6855f9]
V  [jvm.dll+0x679a8a]
V  [jvm.dll+0x30afc7]
V  [jvm.dll+0x312536]
V  [jvm.dll+0x362eee]
V  [jvm.dll+0x36312d]
V  [jvm.dll+0x2e225c]
V  [jvm.dll+0x2e0609]
V  [jvm.dll+0x2dfd6c]
V  [jvm.dll+0x32291b]
V  [jvm.dll+0x84604d]
V  [jvm.dll+0x846d83]
V  [jvm.dll+0x8472af]
V  [jvm.dll+0x847694]
V  [jvm.dll+0x84775e]
V  [jvm.dll+0x7ef2ac]
V  [jvm.dll+0x687597]
C  [ucrtbase.dll+0x37b0]
C  [KERNEL32.DLL+0x2e8d7]
C  [ntdll.dll+0x9c5dc]

VM_Operation (0x000000f9aa5fc1f0): G1CollectForAllocation, mode: safepoint, requested by thread 0x00000243345ba920


---------------  P R O C E S S  ---------------

Threads class SMR info:
_java_thread_list=0x00000243a1894f20, length=21, elements={
0x00000243345ba920, 0x0000024399014500, 0x0000024399014fd0, 0x00000243990268c0,
0x000002439902b1b0, 0x000002439902ba80, 0x0000024399030360, 0x0000024399030f60,
0x000002439903a940, 0x00000243990453a0, 0x0000024399166970, 0x0000024399166e90,
0x000002439917b3d0, 0x00000243991f44f0, 0x00000243991f8880, 0x000002439e6e3450,
0x00000243a16d0320, 0x00000243a16d0870, 0x00000243a16d2300, 0x00000243a16d3d90,
0x00000243a16d2850
}

Java Threads: ( => current thread )
  0x00000243345ba920 JavaThread "main" [_thread_blocked, id=9268, stack(0x000000f9aa500000,0x000000f9aa600000)]
  0x0000024399014500 JavaThread "Reference Handler" daemon [_thread_blocked, id=18512, stack(0x000000f9aac00000,0x000000f9aad00000)]
  0x0000024399014fd0 JavaThread "Finalizer" daemon [_thread_blocked, id=4476, stack(0x000000f9aad00000,0x000000f9aae00000)]
  0x00000243990268c0 JavaThread "Signal Dispatcher" daemon [_thread_blocked, id=23392, stack(0x000000f9aae00000,0x000000f9aaf00000)]
  0x000002439902b1b0 JavaThread "Attach Listener" daemon [_thread_blocked, id=10776, stack(0x000000f9aaf00000,0x000000f9ab000000)]
  0x000002439902ba80 JavaThread "Service Thread" daemon [_thread_blocked, id=22732, stack(0x000000f9ab000000,0x000000f9ab100000)]
  0x0000024399030360 JavaThread "Monitor Deflation Thread" daemon [_thread_blocked, id=12636, stack(0x000000f9ab100000,0x000000f9ab200000)]
  0x0000024399030f60 JavaThread "C2 CompilerThread0" daemon [_thread_blocked, id=18396, stack(0x000000f9ab200000,0x000000f9ab300000)]
  0x000002439903a940 JavaThread "C1 CompilerThread0" daemon [_thread_blocked, id=25312, stack(0x000000f9ab300000,0x000000f9ab400000)]
  0x00000243990453a0 JavaThread "Sweeper thread" daemon [_thread_blocked, id=23588, stack(0x000000f9ab400000,0x000000f9ab500000)]
  0x0000024399166970 JavaThread "C1 CompilerThread1" daemon [_thread_blocked, id=15708, stack(0x000000f9ab500000,0x000000f9ab600000)]
  0x0000024399166e90 JavaThread "C1 CompilerThread2" daemon [_thread_blocked, id=11776, stack(0x000000f9ab600000,0x000000f9ab700000)]
  0x000002439917b3d0 JavaThread "C1 CompilerThread3" daemon [_thread_blocked, id=9196, stack(0x000000f9ab700000,0x000000f9ab800000)]
  0x00000243991f44f0 JavaThread "Notification Thread" daemon [_thread_blocked, id=21116, stack(0x000000f9ab800000,0x000000f9ab900000)]
  0x00000243991f8880 JavaThread "Common-Cleaner" daemon [_thread_blocked, id=18276, stack(0x000000f9aba00000,0x000000f9abb00000)]
  0x000002439e6e3450 JavaThread "C2 CompilerThread1" daemon [_thread_blocked, id=18992, stack(0x000000f9abb00000,0x000000f9abc00000)]
  0x00000243a16d0320 JavaThread "C2 CompilerThread2" daemon [_thread_blocked, id=13148, stack(0x000000f9aca00000,0x000000f9acb00000)]
  0x00000243a16d0870 JavaThread "C2 CompilerThread3" daemon [_thread_blocked, id=17364, stack(0x000000f9acb00000,0x000000f9acc00000)]
  0x00000243a16d2300 JavaThread "C2 CompilerThread4" daemon [_thread_blocked, id=23728, stack(0x000000f9acc00000,0x000000f9acd00000)]
  0x00000243a16d3d90 JavaThread "C2 CompilerThread5" daemon [_thread_blocked, id=22644, stack(0x000000f9acd00000,0x000000f9ace00000)]
  0x00000243a16d2850 JavaThread "C2 CompilerThread6" daemon [_thread_blocked, id=12844, stack(0x000000f9ace00000,0x000000f9acf00000)]

Other Threads:
=>0x0000024357b8ec30 VMThread "VM Thread" [stack: 0x000000f9aab00000,0x000000f9aac00000] [id=26008]
  0x00000243991f7800 WatcherThread [stack: 0x000000f9ab900000,0x000000f9aba00000] [id=19412]
  0x000002433462aa90 GCTaskThread "GC Thread#0" [stack: 0x000000f9aa600000,0x000000f9aa700000] [id=3592]
  0x0000024399296e20 GCTaskThread "GC Thread#1" [stack: 0x000000f9abc00000,0x000000f9abd00000] [id=19936]
  0x0000024399296b60 GCTaskThread "GC Thread#2" [stack: 0x000000f9abd00000,0x000000f9abe00000] [id=22740]
  0x0000024399296320 GCTaskThread "GC Thread#3" [stack: 0x000000f9abe00000,0x000000f9abf00000] [id=16968]
  0x00000243992970e0 GCTaskThread "GC Thread#4" [stack: 0x000000f9abf00000,0x000000f9ac000000] [id=26036]
  0x0000024399295da0 GCTaskThread "GC Thread#5" [stack: 0x000000f9ac000000,0x000000f9ac100000] [id=19784]
  0x0000024399296060 GCTaskThread "GC Thread#6" [stack: 0x000000f9ac100000,0x000000f9ac200000] [id=24772]
  0x0000024399295820 GCTaskThread "GC Thread#7" [stack: 0x000000f9ac200000,0x000000f9ac300000] [id=9204]
  0x0000024399295ae0 GCTaskThread "GC Thread#8" [stack: 0x000000f9ac300000,0x000000f9ac400000] [id=13164]
  0x000002439e911040 GCTaskThread "GC Thread#9" [stack: 0x000000f9ac400000,0x000000f9ac500000] [id=1260]
  0x000002439e911300 GCTaskThread "GC Thread#10" [stack: 0x000000f9ac500000,0x000000f9ac600000] [id=24292]
  0x000002439e90e180 GCTaskThread "GC Thread#11" [stack: 0x000000f9ac600000,0x000000f9ac700000] [id=16556]
  0x000002439e910540 GCTaskThread "GC Thread#12" [stack: 0x000000f9ac900000,0x000000f9aca00000] [id=20080]
  0x000002433463b470 ConcurrentGCThread "G1 Main Marker" [stack: 0x000000f9aa700000,0x000000f9aa800000] [id=13656]
  0x000002433463ca70 ConcurrentGCThread "G1 Conc#0" [stack: 0x000000f9aa800000,0x000000f9aa900000] [id=3552]
  0x000002439e910ac0 ConcurrentGCThread "G1 Conc#1" [stack: 0x000000f9ac700000,0x000000f9ac800000] [id=25068]
  0x000002439e90f200 ConcurrentGCThread "G1 Conc#2" [stack: 0x000000f9ac800000,0x000000f9ac900000] [id=24096]
  0x0000024357a4dd00 ConcurrentGCThread "G1 Refine#0" [stack: 0x000000f9aa900000,0x000000f9aaa00000] [id=18088]
  0x00000243a00d31e0 ConcurrentGCThread "G1 Refine#1" [stack: 0x000000f9ad000000,0x000000f9ad100000] [id=23600]
  0x00000243a00d2c00 ConcurrentGCThread "G1 Refine#2" [stack: 0x000000f9ad100000,0x000000f9ad200000] [id=13752]
  0x0000024357a4e640 ConcurrentGCThread "G1 Service" [stack: 0x000000f9aaa00000,0x000000f9aab00000] [id=20960]

Threads with active compile tasks:
C2 CompilerThread0    29550 18038       4       jdk.internal.loader.BuiltinClassLoader::loadClassOrNull (7 bytes)
C2 CompilerThread1    29550 18037       4       jdk.internal.loader.BuiltinClassLoader::defineClass (121 bytes)
C2 CompilerThread6    29550 17981       4       java.lang.invoke.MethodType::makeImpl (109 bytes)

VM state: at safepoint (normal execution)

VM Mutex/Monitor currently owned by a thread:  ([mutex/lock_event])
[0x00000243321656f0] Threads_lock - owner thread: 0x0000024357b8ec30
[0x00000243345b9110] Heap_lock - owner thread: 0x00000243345ba920

Heap address: 0x0000000704800000, size: 4024 MB, Compressed Oops mode: Zero based, Oop shift amount: 3

CDS archive(s) mapped at: [0x0000024358000000-0x0000024358bb0000-0x0000024358bb0000), size 12255232, SharedBaseAddress: 0x0000024358000000, ArchiveRelocationMode: 1.
Compressed class space mapped at: 0x0000024359000000-0x0000024399000000, reserved size: 1073741824
Narrow klass base: 0x0000024358000000, Narrow klass shift: 0, Narrow klass range: 0x100000000

GC Precious Log:
 CPUs: 16 total, 16 available
 Memory: 16095M
 Large Page Support: Disabled
 NUMA Support: Disabled
 Compressed Oops: Enabled (Zero based)
 Heap Region Size: 2M
 Heap Min Capacity: 8M
 Heap Initial Capacity: 252M
 Heap Max Capacity: 4024M
 Pre-touch: Disabled
 Parallel Workers: 13
 Concurrent Workers: 3
 Concurrent Refinement Workers: 13
 Periodic GC: Disabled

Heap:
 garbage-first heap   total 227328K, used 129880K [0x0000000704800000, 0x0000000800000000)
  region size 2048K, 3 young (6144K), 3 survivors (6144K)
 Metaspace       used 69665K, committed 70016K, reserved 1114112K
  class space    used 7509K, committed 7680K, reserved 1048576K

Heap Regions: E=young(eden), S=young(survivor), O=old, HS=humongous(starts), HC=humongous(continues), CS=collection set, F=free, OA=open archive, CA=closed archive, TAMS=top-at-mark-start (previous, next)
|   0|0x0000000704800000, 0x0000000704a00000, 0x0000000704a00000|100%|HS|  |TAMS 0x0000000704a00000, 0x0000000704a00000| Complete 
|   1|0x0000000704a00000, 0x0000000704c00000, 0x0000000704c00000|100%|HC|  |TAMS 0x0000000704c00000, 0x0000000704c00000| Complete 
|   2|0x0000000704c00000, 0x0000000704e00000, 0x0000000704e00000|100%| O|  |TAMS 0x0000000704e00000, 0x0000000704e00000| Untracked 
|   3|0x0000000704e00000, 0x0000000705000000, 0x0000000705000000|100%| O|  |TAMS 0x0000000705000000, 0x0000000705000000| Untracked 
|   4|0x0000000705000000, 0x0000000705200000, 0x0000000705200000|100%| O|  |TAMS 0x0000000705200000, 0x0000000705200000| Untracked 
|   5|0x0000000705200000, 0x0000000705400000, 0x0000000705400000|100%| O|  |TAMS 0x0000000705400000, 0x0000000705400000| Untracked 
|   6|0x0000000705400000, 0x0000000705600000, 0x0000000705600000|100%| O|  |TAMS 0x0000000705600000, 0x0000000705600000| Untracked 
|   7|0x0000000705600000, 0x0000000705800000, 0x0000000705800000|100%| O|  |TAMS 0x0000000705800000, 0x0000000705800000| Untracked 
|   8|0x0000000705800000, 0x0000000705a00000, 0x0000000705a00000|100%| O|  |TAMS 0x0000000705a00000, 0x0000000705a00000| Untracked 
|   9|0x0000000705a00000, 0x0000000705c00000, 0x0000000705c00000|100%| O|  |TAMS 0x0000000705c00000, 0x0000000705c00000| Untracked 
|  10|0x0000000705c00000, 0x0000000705e00000, 0x0000000705e00000|100%|HS|  |TAMS 0x0000000705e00000, 0x0000000705e00000| Complete 
|  11|0x0000000705e00000, 0x0000000706000000, 0x0000000706000000|100%| O|  |TAMS 0x0000000706000000, 0x0000000706000000| Untracked 
|  12|0x0000000706000000, 0x0000000706200000, 0x0000000706200000|100%| O|  |TAMS 0x0000000706200000, 0x0000000706200000| Untracked 
|  13|0x0000000706200000, 0x0000000706400000, 0x0000000706400000|100%| O|  |TAMS 0x0000000706400000, 0x0000000706400000| Untracked 
|  14|0x0000000706400000, 0x0000000706600000, 0x0000000706600000|100%| O|  |TAMS 0x0000000706600000, 0x0000000706600000| Untracked 
|  15|0x0000000706600000, 0x0000000706800000, 0x0000000706800000|100%| O|  |TAMS 0x0000000706800000, 0x0000000706800000| Untracked 
|  16|0x0000000706800000, 0x0000000706a00000, 0x0000000706a00000|100%| O|  |TAMS 0x0000000706a00000, 0x0000000706a00000| Untracked 
|  17|0x0000000706a00000, 0x0000000706c00000, 0x0000000706c00000|100%| O|  |TAMS 0x0000000706c00000, 0x0000000706c00000| Untracked 
|  18|0x0000000706c00000, 0x0000000706e00000, 0x0000000706e00000|100%| O|  |TAMS 0x0000000706e00000, 0x0000000706e00000| Untracked 
|  19|0x0000000706e00000, 0x0000000707000000, 0x0000000707000000|100%| O|  |TAMS 0x0000000707000000, 0x0000000707000000| Untracked 
|  20|0x0000000707000000, 0x0000000707200000, 0x0000000707200000|100%| O|  |TAMS 0x0000000707200000, 0x0000000707200000| Untracked 
|  21|0x0000000707200000, 0x0000000707400000, 0x0000000707400000|100%| O|  |TAMS 0x0000000707400000, 0x0000000707400000| Untracked 
|  22|0x0000000707400000, 0x0000000707600000, 0x0000000707600000|100%| O|  |TAMS 0x0000000707600000, 0x0000000707600000| Untracked 
|  23|0x0000000707600000, 0x0000000707800000, 0x0000000707800000|100%| O|  |TAMS 0x0000000707800000, 0x0000000707800000| Untracked 
|  24|0x0000000707800000, 0x0000000707a00000, 0x0000000707a00000|100%| O|  |TAMS 0x0000000707a00000, 0x0000000707a00000| Untracked 
|  25|0x0000000707a00000, 0x0000000707c00000, 0x0000000707c00000|100%| O|  |TAMS 0x0000000707c00000, 0x0000000707c00000| Untracked 
|  26|0x0000000707c00000, 0x0000000707e00000, 0x0000000707e00000|100%| O|  |TAMS 0x0000000707e00000, 0x0000000707e00000| Untracked 
|  27|0x0000000707e00000, 0x0000000708000000, 0x0000000708000000|100%| O|  |TAMS 0x0000000708000000, 0x0000000708000000| Untracked 
|  28|0x0000000708000000, 0x0000000708200000, 0x0000000708200000|100%| O|  |TAMS 0x0000000708200000, 0x0000000708200000| Untracked 
|  29|0x0000000708200000, 0x0000000708400000, 0x0000000708400000|100%| O|  |TAMS 0x0000000708400000, 0x0000000708400000| Untracked 
|  30|0x0000000708400000, 0x0000000708600000, 0x0000000708600000|100%| O|  |TAMS 0x0000000708600000, 0x0000000708600000| Untracked 
|  31|0x0000000708600000, 0x0000000708800000, 0x0000000708800000|100%| O|  |TAMS 0x0000000708800000, 0x0000000708800000| Untracked 
|  32|0x0000000708800000, 0x0000000708a00000, 0x0000000708a00000|100%| O|  |TAMS 0x0000000708a00000, 0x0000000708a00000| Untracked 
|  33|0x0000000708a00000, 0x0000000708c00000, 0x0000000708c00000|100%| O|  |TAMS 0x0000000708c00000, 0x0000000708c00000| Untracked 
|  34|0x0000000708c00000, 0x0000000708e00000, 0x0000000708e00000|100%| O|  |TAMS 0x0000000708e00000, 0x0000000708e00000| Untracked 
|  35|0x0000000708e00000, 0x0000000709000000, 0x0000000709000000|100%| O|  |TAMS 0x0000000709000000, 0x0000000709000000| Untracked 
|  36|0x0000000709000000, 0x0000000709200000, 0x0000000709200000|100%| O|  |TAMS 0x0000000709000000, 0x0000000709200000| Untracked 
|  37|0x0000000709200000, 0x0000000709400000, 0x0000000709400000|100%| O|  |TAMS 0x0000000709400000, 0x0000000709400000| Untracked 
|  38|0x0000000709400000, 0x0000000709600000, 0x0000000709600000|100%| O|  |TAMS 0x0000000709600000, 0x0000000709600000| Untracked 
|  39|0x0000000709600000, 0x0000000709800000, 0x0000000709800000|100%|HS|  |TAMS 0x0000000709800000, 0x0000000709800000| Complete 
|  40|0x0000000709800000, 0x0000000709a00000, 0x0000000709a00000|100%| O|  |TAMS 0x0000000709a00000, 0x0000000709a00000| Untracked 
|  41|0x0000000709a00000, 0x0000000709c00000, 0x0000000709c00000|100%| O|  |TAMS 0x0000000709c00000, 0x0000000709c00000| Untracked 
|  42|0x0000000709c00000, 0x0000000709e00000, 0x0000000709e00000|100%| O|  |TAMS 0x0000000709e00000, 0x0000000709e00000| Untracked 
|  43|0x0000000709e00000, 0x000000070a000000, 0x000000070a000000|100%| O|  |TAMS 0x000000070a000000, 0x000000070a000000| Untracked 
|  44|0x000000070a000000, 0x000000070a200000, 0x000000070a200000|100%| O|  |TAMS 0x000000070a200000, 0x000000070a200000| Untracked 
|  45|0x000000070a200000, 0x000000070a400000, 0x000000070a400000|100%| O|  |TAMS 0x000000070a400000, 0x000000070a400000| Untracked 
|  46|0x000000070a400000, 0x000000070a600000, 0x000000070a600000|100%|HS|  |TAMS 0x000000070a600000, 0x000000070a600000| Complete 
|  47|0x000000070a600000, 0x000000070a800000, 0x000000070a800000|100%| O|  |TAMS 0x000000070a800000, 0x000000070a800000| Untracked 
|  48|0x000000070a800000, 0x000000070aa00000, 0x000000070aa00000|100%| O|  |TAMS 0x000000070aa00000, 0x000000070aa00000| Untracked 
|  49|0x000000070aa00000, 0x000000070ac00000, 0x000000070ac00000|100%| O|  |TAMS 0x000000070ac00000, 0x000000070ac00000| Untracked 
|  50|0x000000070ac00000, 0x000000070ae00000, 0x000000070ae00000|100%| O|  |TAMS 0x000000070ae00000, 0x000000070ae00000| Untracked 
|  51|0x000000070ae00000, 0x000000070b000000, 0x000000070b000000|100%| O|  |TAMS 0x000000070b000000, 0x000000070b000000| Untracked 
|  52|0x000000070b000000, 0x000000070b200000, 0x000000070b200000|100%| O|  |TAMS 0x000000070b200000, 0x000000070b200000| Untracked 
|  53|0x000000070b200000, 0x000000070b400000, 0x000000070b400000|100%| O|  |TAMS 0x000000070b400000, 0x000000070b400000| Untracked 
|  54|0x000000070b400000, 0x000000070b600000, 0x000000070b600000|100%| O|  |TAMS 0x000000070b5e9200, 0x000000070b600000| Untracked 
|  55|0x000000070b600000, 0x000000070b800000, 0x000000070b800000|100%| O|  |TAMS 0x000000070b600000, 0x000000070b800000| Untracked 
|  56|0x000000070b800000, 0x000000070ba00000, 0x000000070ba00000|100%| O|  |TAMS 0x000000070b800000, 0x000000070ba00000| Untracked 
|  57|0x000000070ba00000, 0x000000070bc00000, 0x000000070bc00000|100%| O|  |TAMS 0x000000070ba00000, 0x000000070bb56000| Untracked 
|  58|0x000000070bc00000, 0x000000070be00000, 0x000000070be00000|100%| O|  |TAMS 0x000000070bc00000, 0x000000070bc00000| Untracked 
|  59|0x000000070be00000, 0x000000070c000000, 0x000000070c000000|100%| O|  |TAMS 0x000000070be00000, 0x000000070be00000| Untracked 
|  60|0x000000070c000000, 0x000000070c200000, 0x000000070c200000|100%| O|  |TAMS 0x000000070c000000, 0x000000070c000000| Untracked 
|  61|0x000000070c200000, 0x000000070c249c00, 0x000000070c400000| 14%| O|  |TAMS 0x000000070c200000, 0x000000070c200000| Untracked 
|  62|0x000000070c400000, 0x000000070c400000, 0x000000070c600000|  0%| F|  |TAMS 0x000000070c400000, 0x000000070c400000| Untracked 
|  63|0x000000070c600000, 0x000000070c600000, 0x000000070c800000|  0%| F|  |TAMS 0x000000070c600000, 0x000000070c600000| Untracked 
|  64|0x000000070c800000, 0x000000070c800000, 0x000000070ca00000|  0%| F|  |TAMS 0x000000070c800000, 0x000000070c800000| Untracked 
|  65|0x000000070ca00000, 0x000000070ca00000, 0x000000070cc00000|  0%| F|  |TAMS 0x000000070ca00000, 0x000000070ca00000| Untracked 
|  66|0x000000070cc00000, 0x000000070cc00000, 0x000000070ce00000|  0%| F|  |TAMS 0x000000070cc00000, 0x000000070cc00000| Untracked 
|  67|0x000000070ce00000, 0x000000070ce00000, 0x000000070d000000|  0%| F|  |TAMS 0x000000070ce00000, 0x000000070ce00000| Untracked 
|  68|0x000000070d000000, 0x000000070d000000, 0x000000070d200000|  0%| F|  |TAMS 0x000000070d000000, 0x000000070d000000| Untracked 
|  69|0x000000070d200000, 0x000000070d200000, 0x000000070d400000|  0%| F|  |TAMS 0x000000070d200000, 0x000000070d200000| Untracked 
|  70|0x000000070d400000, 0x000000070d400000, 0x000000070d600000|  0%| F|  |TAMS 0x000000070d400000, 0x000000070d400000| Untracked 
|  71|0x000000070d600000, 0x000000070d600000, 0x000000070d800000|  0%| F|  |TAMS 0x000000070d600000, 0x000000070d600000| Untracked 
|  72|0x000000070d800000, 0x000000070d88c470, 0x000000070da00000| 27%| S|CS|TAMS 0x000000070d800000, 0x000000070d800000| Complete 
|  73|0x000000070da00000, 0x000000070da00000, 0x000000070dc00000|  0%| F|  |TAMS 0x000000070da00000, 0x000000070da00000| Untracked 
|  74|0x000000070dc00000, 0x000000070dc00000, 0x000000070de00000|  0%| F|  |TAMS 0x000000070dc00000, 0x000000070dc00000| Untracked 
|  75|0x000000070de00000, 0x000000070de00000, 0x000000070e000000|  0%| F|  |TAMS 0x000000070de00000, 0x000000070de00000| Untracked 
|  76|0x000000070e000000, 0x000000070e200000, 0x000000070e200000|100%| S|CS|TAMS 0x000000070e000000, 0x000000070e000000| Complete 
|  77|0x000000070e200000, 0x000000070e400000, 0x000000070e400000|100%| S|CS|TAMS 0x000000070e200000, 0x000000070e200000| Complete 
|  78|0x000000070e400000, 0x000000070e400000, 0x000000070e600000|  0%| F|  |TAMS 0x000000070e400000, 0x000000070e400000| Untracked 
|  79|0x000000070e600000, 0x000000070e600000, 0x000000070e800000|  0%| F|  |TAMS 0x000000070e600000, 0x000000070e600000| Untracked 
|  80|0x000000070e800000, 0x000000070e800000, 0x000000070ea00000|  0%| F|  |TAMS 0x000000070e800000, 0x000000070e800000| Untracked 
|  81|0x000000070ea00000, 0x000000070ea00000, 0x000000070ec00000|  0%| F|  |TAMS 0x000000070ea00000, 0x000000070ea00000| Untracked 
|  82|0x000000070ec00000, 0x000000070ec00000, 0x000000070ee00000|  0%| F|  |TAMS 0x000000070ec00000, 0x000000070ec00000| Untracked 
|  83|0x000000070ee00000, 0x000000070ee00000, 0x000000070f000000|  0%| F|  |TAMS 0x000000070ee00000, 0x000000070ee00000| Untracked 
|  84|0x000000070f000000, 0x000000070f000000, 0x000000070f200000|  0%| F|  |TAMS 0x000000070f000000, 0x000000070f000000| Untracked 
|  85|0x000000070f200000, 0x000000070f200000, 0x000000070f400000|  0%| F|  |TAMS 0x000000070f200000, 0x000000070f200000| Untracked 
|  86|0x000000070f400000, 0x000000070f400000, 0x000000070f600000|  0%| F|  |TAMS 0x000000070f400000, 0x000000070f400000| Untracked 
|  87|0x000000070f600000, 0x000000070f600000, 0x000000070f800000|  0%| F|  |TAMS 0x000000070f600000, 0x000000070f600000| Untracked 
|  88|0x000000070f800000, 0x000000070f800000, 0x000000070fa00000|  0%| F|  |TAMS 0x000000070f800000, 0x000000070f800000| Untracked 
|  89|0x000000070fa00000, 0x000000070fa00000, 0x000000070fc00000|  0%| F|  |TAMS 0x000000070fa00000, 0x000000070fa00000| Untracked 
|  90|0x000000070fc00000, 0x000000070fc00000, 0x000000070fe00000|  0%| F|  |TAMS 0x000000070fc00000, 0x000000070fc00000| Untracked 
|  91|0x000000070fe00000, 0x000000070fe00000, 0x0000000710000000|  0%| F|  |TAMS 0x000000070fe00000, 0x000000070fe00000| Untracked 
|  92|0x0000000710000000, 0x0000000710000000, 0x0000000710200000|  0%| F|  |TAMS 0x0000000710000000, 0x0000000710000000| Untracked 
|  93|0x0000000710200000, 0x0000000710200000, 0x0000000710400000|  0%| F|  |TAMS 0x0000000710200000, 0x0000000710200000| Untracked 
|  94|0x0000000710400000, 0x0000000710400000, 0x0000000710600000|  0%| F|  |TAMS 0x0000000710400000, 0x0000000710400000| Untracked 
|  95|0x0000000710600000, 0x0000000710600000, 0x0000000710800000|  0%| F|  |TAMS 0x0000000710600000, 0x0000000710600000| Untracked 
|  96|0x0000000710800000, 0x0000000710800000, 0x0000000710a00000|  0%| F|  |TAMS 0x0000000710800000, 0x0000000710800000| Untracked 
|  97|0x0000000710a00000, 0x0000000710a00000, 0x0000000710c00000|  0%| F|  |TAMS 0x0000000710a00000, 0x0000000710a00000| Untracked 
|  98|0x0000000710c00000, 0x0000000710c00000, 0x0000000710e00000|  0%| F|  |TAMS 0x0000000710c00000, 0x0000000710c00000| Untracked 
|  99|0x0000000710e00000, 0x0000000710e00000, 0x0000000711000000|  0%| F|  |TAMS 0x0000000710e00000, 0x0000000710e00000| Untracked 
| 100|0x0000000711000000, 0x0000000711000000, 0x0000000711200000|  0%| F|  |TAMS 0x0000000711000000, 0x0000000711000000| Untracked 
| 101|0x0000000711200000, 0x0000000711200000, 0x0000000711400000|  0%| F|  |TAMS 0x0000000711200000, 0x0000000711200000| Untracked 
| 102|0x0000000711400000, 0x0000000711400000, 0x0000000711600000|  0%| F|  |TAMS 0x0000000711400000, 0x0000000711400000| Untracked 
| 103|0x0000000711600000, 0x0000000711600000, 0x0000000711800000|  0%| F|  |TAMS 0x0000000711600000, 0x0000000711600000| Untracked 
| 104|0x0000000711800000, 0x0000000711800000, 0x0000000711a00000|  0%| F|  |TAMS 0x0000000711800000, 0x0000000711800000| Untracked 
| 105|0x0000000711a00000, 0x0000000711a00000, 0x0000000711c00000|  0%| F|  |TAMS 0x0000000711a00000, 0x0000000711a00000| Untracked 
| 106|0x0000000711c00000, 0x0000000711c00000, 0x0000000711e00000|  0%| F|  |TAMS 0x0000000711c00000, 0x0000000711c00000| Untracked 
| 107|0x0000000711e00000, 0x0000000711e00000, 0x0000000712000000|  0%| F|  |TAMS 0x0000000711e00000, 0x0000000711e00000| Untracked 
| 108|0x0000000712000000, 0x0000000712000000, 0x0000000712200000|  0%| F|  |TAMS 0x0000000712000000, 0x0000000712000000| Untracked 
| 109|0x0000000712200000, 0x0000000712200000, 0x0000000712400000|  0%| F|  |TAMS 0x0000000712200000, 0x0000000712200000| Untracked 
| 125|0x0000000714200000, 0x0000000714200000, 0x0000000714400000|  0%| F|  |TAMS 0x0000000714200000, 0x0000000714200000| Untracked 

Card table byte_map: [0x000002434c160000,0x000002434c940000] _byte_map_base: 0x000002434893c000

Marking Bits (Prev, Next): (CMBitMap*) 0x000002433462b000, (CMBitMap*) 0x000002433462afc0
 Prev Bits: [0x0000024351000000, 0x0000024354ee0000)
 Next Bits: [0x000002434d120000, 0x0000024351000000)

Polling page: 0x00000243323e0000

Metaspace:

Usage:
  Non-class:     60.70 MB used.
      Class:      7.33 MB used.
       Both:     68.03 MB used.

Virtual space:
  Non-class space:       64.00 MB reserved,      60.88 MB ( 95%) committed,  1 nodes.
      Class space:        1.00 GB reserved,       7.50 MB ( <1%) committed,  1 nodes.
             Both:        1.06 GB reserved,      68.38 MB (  6%) committed. 

Chunk freelists:
   Non-Class:  2.14 MB
       Class:  8.50 MB
        Both:  10.64 MB

MaxMetaspaceSize: unlimited
CompressedClassSpaceSize: 1.00 GB
Initial GC threshold: 21.00 MB
Current GC threshold: 107.50 MB
CDS: on
MetaspaceReclaimPolicy: balanced
 - commit_granule_bytes: 65536.
 - commit_granule_words: 8192.
 - virtual_space_node_default_size: 8388608.
 - enlarge_chunks_in_place: 1.
 - new_chunks_are_fully_committed: 0.
 - uncommit_free_chunks: 1.
 - use_allocation_guard: 0.
 - handle_deallocations: 1.


Internal statistics:

num_allocs_failed_limit: 6.
num_arena_births: 438.
num_arena_deaths: 0.
num_vsnodes_births: 2.
num_vsnodes_deaths: 0.
num_space_committed: 1092.
num_space_uncommitted: 0.
num_chunks_returned_to_freelist: 6.
num_chunks_taken_from_freelist: 3017.
num_chunk_merges: 6.
num_chunk_splits: 2370.
num_chunks_enlarged: 2025.
num_inconsistent_stats: 0.

CodeHeap 'non-profiled nmethods': size=119168Kb used=12579Kb max_used=12579Kb free=106588Kb
 bounds [0x0000024343c90000, 0x00000243448e0000, 0x000002434b0f0000]
CodeHeap 'profiled nmethods': size=119104Kb used=41185Kb max_used=41185Kb free=77918Kb
 bounds [0x000002433c0f0000, 0x000002433e930000, 0x0000024343540000]
CodeHeap 'non-nmethods': size=7488Kb used=3086Kb max_used=3168Kb free=4401Kb
 bounds [0x0000024343540000, 0x0000024343870000, 0x0000024343c90000]
 total_blobs=15253 nmethods=14532 adapters=626
 compilation: enabled
              stopped_count=0, restarted_count=0
 full_count=0

Compilation events (20 events):
Event: 28.431 Thread 0x0000024399166e90 18030       3       org.jetbrains.kotlin.backend.common.lower.ExpectDeclarationRemover::tryCopyDefaultArguments (329 bytes)
Event: 28.431 Thread 0x000002439917b3d0 nmethod 18028 0x000002433e91e490 code [0x000002433e91e6a0, 0x000002433e91ed08]
Event: 28.432 Thread 0x000002439917b3d0 18031       1       org.jetbrains.kotlin.ir.descriptors.IrBasedSimpleFunctionDescriptor::isActual (2 bytes)
Event: 28.432 Thread 0x000002439917b3d0 nmethod 18031 0x00000243448d6290 code [0x00000243448d6420, 0x00000243448d64f8]
Event: 28.432 Thread 0x0000024399166970 nmethod 18029 0x000002433e91ef90 code [0x000002433e91f2c0, 0x000002433e9203f8]
Event: 28.433 Thread 0x000002439903a940 nmethod 18027 0x000002433e920990 code [0x000002433e920fc0, 0x000002433e9242d8]
Event: 28.433 Thread 0x00000243a16d2300 18032       4       org.jetbrains.kotlin.ir.visitors.IrElementTransformerVoid::visitReturn (10 bytes)
Event: 28.434 Thread 0x0000024399166e90 nmethod 18030 0x000002433e925390 code [0x000002433e925a80, 0x000002433e929c18]
Event: 28.434 Thread 0x00000243a16d2300 nmethod 18032 0x00000243448d6590 code [0x00000243448d6720, 0x00000243448d67f8]
Event: 28.434 Thread 0x00000243a16d0320 18033       4       org.jetbrains.kotlin.ir.visitors.IrElementTransformerVoid::visitFunctionExpression (10 bytes)
Event: 28.435 Thread 0x00000243a16d0870 nmethod 18009 0x00000243448d6910 code [0x00000243448d6b00, 0x00000243448d76a8]
Event: 28.435 Thread 0x000002439e6e3450 18034       4       org.jetbrains.kotlin.ir.visitors.IrElementTransformerVoid::visitFunctionExpression (16 bytes)
Event: 28.435 Thread 0x00000243a16d0320 nmethod 18033 0x00000243448d7d10 code [0x00000243448d7ea0, 0x00000243448d7f78]
Event: 28.435 Thread 0x00000243a16d3d90 18035       4       org.jetbrains.kotlin.ir.expressions.IrFunctionExpression::transformChildren (29 bytes)
Event: 28.436 Thread 0x000002439e6e3450 nmethod 18034 0x00000243448d8090 code [0x00000243448d8200, 0x00000243448d82b8]
Event: 28.436 Thread 0x000002439903a940 18036       1       org.jetbrains.kotlin.ir.declarations.impl.IrPropertyCommonImpl::isExpect (5 bytes)
Event: 28.436 Thread 0x000002439903a940 nmethod 18036 0x00000243448d8390 code [0x00000243448d8520, 0x00000243448d85f8]
Event: 28.437 Thread 0x000002439e6e3450 18037       4       jdk.internal.loader.BuiltinClassLoader::defineClass (121 bytes)
Event: 28.438 Thread 0x00000243a16d3d90 nmethod 18035 0x00000243448d8690 code [0x00000243448d8820, 0x00000243448d8ab8]
Event: 28.443 Thread 0x0000024399030f60 18038       4       jdk.internal.loader.BuiltinClassLoader::loadClassOrNull (7 bytes)

GC Heap History (20 events):
Event: 19.055 GC heap after
{Heap after GC invocations=26 (full 0):
 garbage-first heap   total 178176K, used 102343K [0x0000000704800000, 0x0000000800000000)
  region size 2048K, 4 young (8192K), 4 survivors (8192K)
 Metaspace       used 56331K, committed 56640K, reserved 1114112K
  class space    used 6252K, committed 6400K, reserved 1048576K
}
Event: 19.127 GC heap before
{Heap before GC invocations=26 (full 0):
 garbage-first heap   total 178176K, used 104391K [0x0000000704800000, 0x0000000800000000)
  region size 2048K, 5 young (10240K), 4 survivors (8192K)
 Metaspace       used 56369K, committed 56640K, reserved 1114112K
  class space    used 6256K, committed 6400K, reserved 1048576K
}
Event: 19.136 GC heap after
{Heap after GC invocations=27 (full 0):
 garbage-first heap   total 178176K, used 102600K [0x0000000704800000, 0x0000000800000000)
  region size 2048K, 1 young (2048K), 1 survivors (2048K)
 Metaspace       used 56369K, committed 56640K, reserved 1114112K
  class space    used 6256K, committed 6400K, reserved 1048576K
}
Event: 19.551 GC heap before
{Heap before GC invocations=27 (full 0):
 garbage-first heap   total 178176K, used 112840K [0x0000000704800000, 0x0000000800000000)
  region size 2048K, 7 young (14336K), 1 survivors (2048K)
 Metaspace       used 56520K, committed 56768K, reserved 1114112K
  class space    used 6269K, committed 6400K, reserved 1048576K
}
Event: 19.553 GC heap after
{Heap after GC invocations=28 (full 0):
 garbage-first heap   total 178176K, used 102393K [0x0000000704800000, 0x0000000800000000)
  region size 2048K, 1 young (2048K), 1 survivors (2048K)
 Metaspace       used 56520K, committed 56768K, reserved 1114112K
  class space    used 6269K, committed 6400K, reserved 1048576K
}
Event: 20.951 GC heap before
{Heap before GC invocations=29 (full 0):
 garbage-first heap   total 192512K, used 147449K [0x0000000704800000, 0x0000000800000000)
  region size 2048K, 22 young (45056K), 1 survivors (2048K)
 Metaspace       used 56745K, committed 57024K, reserved 1114112K
  class space    used 6269K, committed 6400K, reserved 1048576K
}
Event: 20.955 GC heap after
{Heap after GC invocations=30 (full 0):
 garbage-first heap   total 192512K, used 107008K [0x0000000704800000, 0x0000000800000000)
  region size 2048K, 2 young (4096K), 2 survivors (4096K)
 Metaspace       used 56745K, committed 57024K, reserved 1114112K
  class space    used 6269K, committed 6400K, reserved 1048576K
}
Event: 21.104 GC heap before
{Heap before GC invocations=30 (full 0):
 garbage-first heap   total 192512K, used 111104K [0x0000000704800000, 0x0000000800000000)
  region size 2048K, 4 young (8192K), 2 survivors (4096K)
 Metaspace       used 56782K, committed 57088K, reserved 1114112K
  class space    used 6273K, committed 6464K, reserved 1048576K
}
Event: 21.109 GC heap after
{Heap after GC invocations=31 (full 0):
 garbage-first heap   total 192512K, used 106815K [0x0000000704800000, 0x0000000800000000)
  region size 2048K, 1 young (2048K), 1 survivors (2048K)
 Metaspace       used 56782K, committed 57088K, reserved 1114112K
  class space    used 6273K, committed 6464K, reserved 1048576K
}
Event: 22.789 GC heap before
{Heap before GC invocations=31 (full 0):
 garbage-first heap   total 192512K, used 155967K [0x0000000704800000, 0x0000000800000000)
  region size 2048K, 25 young (51200K), 1 survivors (2048K)
 Metaspace       used 57550K, committed 57856K, reserved 1114112K
  class space    used 6334K, committed 6528K, reserved 1048576K
}
Event: 22.794 GC heap after
{Heap after GC invocations=32 (full 0):
 garbage-first heap   total 192512K, used 110025K [0x0000000704800000, 0x0000000800000000)
  region size 2048K, 2 young (4096K), 2 survivors (4096K)
 Metaspace       used 57550K, committed 57856K, reserved 1114112K
  class space    used 6334K, committed 6528K, reserved 1048576K
}
Event: 23.906 GC heap before
{Heap before GC invocations=33 (full 0):
 garbage-first heap   total 192512K, used 157129K [0x0000000704800000, 0x0000000800000000)
  region size 2048K, 26 young (53248K), 2 survivors (4096K)
 Metaspace       used 59565K, committed 59840K, reserved 1114112K
  class space    used 6532K, committed 6656K, reserved 1048576K
}
Event: 23.912 GC heap after
{Heap after GC invocations=34 (full 0):
 garbage-first heap   total 192512K, used 111407K [0x0000000704800000, 0x0000000800000000)
  region size 2048K, 3 young (6144K), 3 survivors (6144K)
 Metaspace       used 59565K, committed 59840K, reserved 1114112K
  class space    used 6532K, committed 6656K, reserved 1048576K
}
Event: 23.968 GC heap before
{Heap before GC invocations=34 (full 0):
 garbage-first heap   total 192512K, used 113455K [0x0000000704800000, 0x0000000800000000)
  region size 2048K, 4 young (8192K), 3 survivors (6144K)
 Metaspace       used 60064K, committed 60352K, reserved 1114112K
  class space    used 6569K, committed 6720K, reserved 1048576K
}
Event: 23.976 GC heap after
{Heap after GC invocations=35 (full 0):
 garbage-first heap   total 192512K, used 111379K [0x0000000704800000, 0x0000000800000000)
  region size 2048K, 1 young (2048K), 1 survivors (2048K)
 Metaspace       used 60064K, committed 60352K, reserved 1114112K
  class space    used 6569K, committed 6720K, reserved 1048576K
}
Event: 25.763 GC heap before
{Heap before GC invocations=35 (full 0):
 garbage-first heap   total 192512K, used 158483K [0x0000000704800000, 0x0000000800000000)
  region size 2048K, 25 young (51200K), 1 survivors (2048K)
 Metaspace       used 65546K, committed 65856K, reserved 1114112K
  class space    used 7109K, committed 7296K, reserved 1048576K
}
Event: 25.770 GC heap after
{Heap after GC invocations=36 (full 0):
 garbage-first heap   total 192512K, used 115543K [0x0000000704800000, 0x0000000800000000)
  region size 2048K, 3 young (6144K), 3 survivors (6144K)
 Metaspace       used 65546K, committed 65856K, reserved 1114112K
  class space    used 7109K, committed 7296K, reserved 1048576K
}
Event: 27.086 GC heap before
{Heap before GC invocations=37 (full 0):
 garbage-first heap   total 198656K, used 158551K [0x0000000704800000, 0x0000000800000000)
  region size 2048K, 24 young (49152K), 3 survivors (6144K)
 Metaspace       used 66981K, committed 67328K, reserved 1114112K
  class space    used 7220K, committed 7360K, reserved 1048576K
}
Event: 27.103 GC heap after
{Heap after GC invocations=38 (full 0):
 garbage-first heap   total 198656K, used 124248K [0x0000000704800000, 0x0000000800000000)
  region size 2048K, 3 young (6144K), 3 survivors (6144K)
 Metaspace       used 66981K, committed 67328K, reserved 1114112K
  class space    used 7220K, committed 7360K, reserved 1048576K
}
Event: 28.445 GC heap before
{Heap before GC invocations=38 (full 0):
 garbage-first heap   total 198656K, used 163160K [0x0000000704800000, 0x0000000800000000)
  region size 2048K, 22 young (45056K), 3 survivors (6144K)
 Metaspace       used 69665K, committed 70016K, reserved 1114112K
  class space    used 7509K, committed 7680K, reserved 1048576K
}

Dll operation events (7 events):
Event: 0.007 Loaded shared library C:\Program Files\Microsoft\jdk-17.0.14.7-hotspot\bin\java.dll
Event: 0.028 Loaded shared library C:\Program Files\Microsoft\jdk-17.0.14.7-hotspot\bin\jsvml.dll
Event: 0.059 Loaded shared library C:\Program Files\Microsoft\jdk-17.0.14.7-hotspot\bin\net.dll
Event: 0.060 Loaded shared library C:\Program Files\Microsoft\jdk-17.0.14.7-hotspot\bin\nio.dll
Event: 0.086 Loaded shared library C:\Program Files\Microsoft\jdk-17.0.14.7-hotspot\bin\zip.dll
Event: 0.114 Loaded shared library C:\Program Files\Microsoft\jdk-17.0.14.7-hotspot\bin\jimage.dll
Event: 1.483 Loaded shared library C:\Program Files\Microsoft\jdk-17.0.14.7-hotspot\bin\verify.dll

Deoptimization events (20 events):
Event: 28.320 Thread 0x00000243345ba920 Uncommon trap: trap_request=0xffffffc6 fr.pc=0x0000024344611140 relative=0x00000000000014e0
Event: 28.320 Thread 0x00000243345ba920 Uncommon trap: reason=bimorphic_or_optimized_type_check action=maybe_recompile pc=0x0000024344611140 method=kotlin.sequences.SequencesKt___SequencesKt.toList(Lkotlin/sequences/Sequence;)Ljava/util/List; @ 62 c2
Event: 28.320 Thread 0x00000243345ba920 DEOPT PACKING pc=0x0000024344611140 sp=0x000000f9aa5fe4c0
Event: 28.320 Thread 0x00000243345ba920 DEOPT UNPACKING pc=0x00000243435969a3 sp=0x000000f9aa5fe4a8 mode 2
Event: 28.320 Thread 0x00000243345ba920 Uncommon trap: trap_request=0xffffffc6 fr.pc=0x0000024344611140 relative=0x00000000000014e0
Event: 28.320 Thread 0x00000243345ba920 Uncommon trap: reason=bimorphic_or_optimized_type_check action=maybe_recompile pc=0x0000024344611140 method=kotlin.sequences.SequencesKt___SequencesKt.toList(Lkotlin/sequences/Sequence;)Ljava/util/List; @ 62 c2
Event: 28.320 Thread 0x00000243345ba920 DEOPT PACKING pc=0x0000024344611140 sp=0x000000f9aa5fe4c0
Event: 28.320 Thread 0x00000243345ba920 DEOPT UNPACKING pc=0x00000243435969a3 sp=0x000000f9aa5fe4a8 mode 2
Event: 28.321 Thread 0x00000243345ba920 Uncommon trap: trap_request=0xffffffc6 fr.pc=0x0000024344611140 relative=0x00000000000014e0
Event: 28.321 Thread 0x00000243345ba920 Uncommon trap: reason=bimorphic_or_optimized_type_check action=maybe_recompile pc=0x0000024344611140 method=kotlin.sequences.SequencesKt___SequencesKt.toList(Lkotlin/sequences/Sequence;)Ljava/util/List; @ 62 c2
Event: 28.321 Thread 0x00000243345ba920 DEOPT PACKING pc=0x0000024344611140 sp=0x000000f9aa5fe4c0
Event: 28.321 Thread 0x00000243345ba920 DEOPT UNPACKING pc=0x00000243435969a3 sp=0x000000f9aa5fe4a8 mode 2
Event: 28.384 Thread 0x00000243345ba920 Uncommon trap: trap_request=0xffffff45 fr.pc=0x000002434432d8b8 relative=0x0000000000008218
Event: 28.384 Thread 0x00000243345ba920 Uncommon trap: reason=unstable_if action=reinterpret pc=0x000002434432d8b8 method=org.jetbrains.org.objectweb.asm.ClassReader.readMethod(Lorg/jetbrains/org/objectweb/asm/ClassVisitor;Lorg/jetbrains/org/objectweb/asm/Context;I)I @ 414 c2
Event: 28.385 Thread 0x00000243345ba920 DEOPT PACKING pc=0x000002434432d8b8 sp=0x000000f9aa5fe190
Event: 28.385 Thread 0x00000243345ba920 DEOPT UNPACKING pc=0x00000243435969a3 sp=0x000000f9aa5fe128 mode 2
Event: 28.422 Thread 0x00000243345ba920 Uncommon trap: trap_request=0xffffff45 fr.pc=0x000002434483bad4 relative=0x0000000000000cd4
Event: 28.422 Thread 0x00000243345ba920 Uncommon trap: reason=unstable_if action=reinterpret pc=0x000002434483bad4 method=kotlin.collections.CollectionsKt___CollectionsKt.zip(Ljava/lang/Iterable;Ljava/lang/Iterable;)Ljava/util/List; @ 74 c2
Event: 28.422 Thread 0x00000243345ba920 DEOPT PACKING pc=0x000002434483bad4 sp=0x000000f9aa5fe6f0
Event: 28.422 Thread 0x00000243345ba920 DEOPT UNPACKING pc=0x00000243435969a3 sp=0x000000f9aa5fe6b8 mode 2

Classes loaded (20 events):
Event: 8.158 Loading class java/util/regex/Pattern$Bound
Event: 8.158 Loading class java/util/regex/Pattern$Bound done
Event: 8.158 Loading class java/util/regex/Pattern$LookBehindEndNode
Event: 8.158 Loading class java/util/regex/Pattern$LookBehindEndNode done
Event: 8.158 Loading class java/util/regex/Pattern$NotBehind
Event: 8.159 Loading class java/util/regex/Pattern$NotBehind done
Event: 9.963 Loading class jdk/internal/math/FloatingDecimal$ASCIIToBinaryBuffer
Event: 9.964 Loading class jdk/internal/math/FloatingDecimal$ASCIIToBinaryBuffer done
Event: 23.527 Loading class java/text/MessageFormat
Event: 23.527 Loading class java/text/MessageFormat done
Event: 23.569 Loading class jdk/internal/reflect/UnsafeBooleanFieldAccessorImpl
Event: 23.569 Loading class jdk/internal/reflect/UnsafeBooleanFieldAccessorImpl done
Event: 23.570 Loading class jdk/internal/reflect/UnsafeQualifiedObjectFieldAccessorImpl
Event: 23.570 Loading class jdk/internal/reflect/UnsafeQualifiedFieldAccessorImpl
Event: 23.570 Loading class jdk/internal/reflect/UnsafeQualifiedFieldAccessorImpl done
Event: 23.570 Loading class jdk/internal/reflect/UnsafeQualifiedObjectFieldAccessorImpl done
Event: 23.692 Loading class java/text/ChoiceFormat
Event: 23.692 Loading class java/text/ChoiceFormat done
Event: 23.735 Loading class java/text/MessageFormat$Field
Event: 23.735 Loading class java/text/MessageFormat$Field done

Classes unloaded (0 events):
No events

Classes redefined (0 events):
No events

Internal exceptions (20 events):
Event: 10.276 Thread 0x00000243345ba920 Exception <a 'java/lang/NoSuchMethodError'{0x000000070e5347e0}: 'java.lang.Object java.lang.invoke.DirectMethodHandle$Holder.newInvokeSpecial(java.lang.Object, java.lang.Object, java.lang.Object, java.lang.Object, java.lang.Object, java.lang.Object, java.lang.Object)'> (0x000000070e5347e0) 
thrown [s\src\hotspot\share\interpreter\linkResolver.cpp, line 759]
Event: 10.276 Thread 0x00000243345ba920 Exception <a 'java/lang/NoSuchMethodError'{0x000000070e539398}: 'java.lang.Object java.lang.invoke.Invokers$Holder.linkToTargetMethod(java.lang.Object, java.lang.Object, java.lang.Object, java.lang.Object, java.lang.Object, java.lang.Object, java.lang.Object)'> (0x000000070e539398) 
thrown [s\src\hotspot\share\interpreter\linkResolver.cpp, line 759]
Event: 10.336 Thread 0x00000243345ba920 Exception <a 'java/lang/NoSuchMethodError'{0x000000070e2dfa78}: 'java.lang.Object java.lang.invoke.DirectMethodHandle$Holder.invokeInterface(java.lang.Object, java.lang.Object, java.lang.Object)'> (0x000000070e2dfa78) 
thrown [s\src\hotspot\share\interpreter\linkResolver.cpp, line 759]
Event: 10.337 Thread 0x00000243345ba920 Exception <a 'java/lang/IncompatibleClassChangeError'{0x000000070e2e3938}: Found class java.lang.Object, but interface was expected> (0x000000070e2e3938) 
thrown [s\src\hotspot\share\interpreter\linkResolver.cpp, line 826]
Event: 10.419 Thread 0x00000243345ba920 Implicit null exception at 0x000002434419f756 to 0x000002434419f865
Event: 10.425 Thread 0x00000243345ba920 Implicit null exception at 0x00000243441a63da to 0x00000243441a6b8c
Event: 10.679 Thread 0x00000243345ba920 Implicit null exception at 0x00000243441e64af to 0x00000243441e6564
Event: 13.884 Thread 0x00000243345ba920 Exception <a 'java/lang/NoSuchMethodError'{0x0000000714334cc0}: 'java.lang.Object java.lang.invoke.DirectMethodHandle$Holder.invokeStatic(java.lang.Object, int, java.lang.Object)'> (0x0000000714334cc0) 
thrown [s\src\hotspot\share\interpreter\linkResolver.cpp, line 759]
Event: 17.640 Thread 0x00000243345ba920 Implicit null exception at 0x00000243442c7bb4 to 0x00000243442c7c41
Event: 17.669 Thread 0x00000243345ba920 Implicit null exception at 0x0000024344032d87 to 0x00000243440335e8
Event: 19.284 Thread 0x00000243345ba920 Implicit null exception at 0x000002434422f1b3 to 0x000002434422f31c
Event: 23.489 Thread 0x00000243345ba920 Implicit null exception at 0x00000243443ba113 to 0x00000243443ba264
Event: 23.674 Thread 0x00000243345ba920 Exception <a 'java/lang/NoSuchMethodError'{0x000000070d995960}: 'java.lang.Object java.lang.invoke.DirectMethodHandle$Holder.invokeStaticInit(java.lang.Object, java.lang.Object, java.lang.Object, java.lang.Object)'> (0x000000070d995960) 
thrown [s\src\hotspot\share\interpreter\linkResolver.cpp, line 759]
Event: 24.164 Thread 0x00000243345ba920 Exception <a 'java/lang/NoSuchMethodError'{0x000000070fb06178}: 'java.lang.Object java.lang.invoke.DirectMethodHandle$Holder.newInvokeSpecial(java.lang.Object, java.lang.Object, java.lang.Object, int, int)'> (0x000000070fb06178) 
thrown [s\src\hotspot\share\interpreter\linkResolver.cpp, line 759]
Event: 24.165 Thread 0x00000243345ba920 Exception <a 'java/lang/NoSuchMethodError'{0x000000070fb09fb8}: 'java.lang.Object java.lang.invoke.DirectMethodHandle$Holder.invokeSpecial(java.lang.Object, java.lang.Object, java.lang.Object, java.lang.Object, int, int)'> (0x000000070fb09fb8) 
thrown [s\src\hotspot\share\interpreter\linkResolver.cpp, line 759]
Event: 24.412 Thread 0x00000243345ba920 Exception <a 'java/lang/NoSuchMethodError'{0x000000070f2cada8}: 'java.lang.Object java.lang.invoke.DirectMethodHandle$Holder.newInvokeSpecial(java.lang.Object, java.lang.Object, int, int, java.lang.Object, java.lang.Object, java.lang.Object)'> (0x000000070f2cada8) 
thrown [s\src\hotspot\share\interpreter\linkResolver.cpp, line 759]
Event: 24.412 Thread 0x00000243345ba920 Exception <a 'java/lang/NoSuchMethodError'{0x000000070f2cf8f8}: 'java.lang.Object java.lang.invoke.DirectMethodHandle$Holder.invokeSpecial(java.lang.Object, java.lang.Object, java.lang.Object, int, int, java.lang.Object, java.lang.Object, java.lang.Object)'> (0x000000070f2cf8f8) 
thrown [s\src\hotspot\share\interpreter\linkResolver.cpp, line 759]
Event: 24.427 Thread 0x00000243345ba920 Implicit null exception at 0x0000024343cfa299 to 0x0000024343cfa568
Event: 24.582 Thread 0x00000243345ba920 Exception <a 'java/lang/NoSuchMethodError'{0x000000070f023420}: 'java.lang.Object java.lang.invoke.DirectMethodHandle$Holder.invokeSpecial(java.lang.Object, java.lang.Object, int, int, java.lang.Object, java.lang.Object, java.lang.Object, java.lang.Object, java.lang.Object)'> (0x000000070f023420) 
thrown [s\src\hotspot\share\interpreter\linkResolver.cpp, line 759]
Event: 26.929 Thread 0x00000243345ba920 Implicit null exception at 0x00000243442bcbe4 to 0x00000243442bf990

VM Operations (20 events):
Event: 27.719 Executing VM operation: HandshakeAllThreads done
Event: 27.756 Executing VM operation: ICBufferFull
Event: 27.756 Executing VM operation: ICBufferFull done
Event: 28.112 Executing VM operation: HandshakeAllThreads
Event: 28.112 Executing VM operation: HandshakeAllThreads done
Event: 28.120 Executing VM operation: HandshakeAllThreads
Event: 28.120 Executing VM operation: HandshakeAllThreads done
Event: 28.123 Executing VM operation: HandshakeAllThreads
Event: 28.123 Executing VM operation: HandshakeAllThreads done
Event: 28.341 Executing VM operation: ICBufferFull
Event: 28.342 Executing VM operation: ICBufferFull done
Event: 28.376 Executing VM operation: HandshakeAllThreads
Event: 28.376 Executing VM operation: HandshakeAllThreads done
Event: 28.403 Executing VM operation: HandshakeAllThreads
Event: 28.403 Executing VM operation: HandshakeAllThreads done
Event: 28.405 Executing VM operation: HandshakeAllThreads
Event: 28.405 Executing VM operation: HandshakeAllThreads done
Event: 28.411 Executing VM operation: HandshakeAllThreads
Event: 28.411 Executing VM operation: HandshakeAllThreads done
Event: 28.445 Executing VM operation: G1CollectForAllocation

Memory protections (0 events):
No events

Nmethod flushes (20 events):
Event: 27.742 Thread 0x00000243990453a0 flushing  nmethod 0x000002433c63e910
Event: 27.747 Thread 0x00000243990453a0 flushing  nmethod 0x000002433c9d3c10
Event: 27.747 Thread 0x00000243990453a0 flushing  nmethod 0x000002433ca01d90
Event: 27.747 Thread 0x00000243990453a0 flushing  nmethod 0x000002433ca14d90
Event: 27.748 Thread 0x00000243990453a0 flushing  nmethod 0x000002433caa5c90
Event: 27.749 Thread 0x00000243990453a0 flushing  nmethod 0x000002433cc4b590
Event: 27.750 Thread 0x00000243990453a0 flushing  nmethod 0x000002433cd09c10
Event: 27.751 Thread 0x00000243990453a0 flushing  nmethod 0x000002433cdff590
Event: 27.752 Thread 0x00000243990453a0 flushing  nmethod 0x000002433cfce090
Event: 27.753 Thread 0x00000243990453a0 flushing  nmethod 0x000002433d109610
Event: 27.754 Thread 0x00000243990453a0 flushing  nmethod 0x000002433d202510
Event: 27.756 Thread 0x00000243990453a0 flushing  nmethod 0x000002433d427290
Event: 27.779 Thread 0x00000243990453a0 flushing  nmethod 0x000002433dda0210
Event: 27.789 Thread 0x00000243990453a0 flushing  nmethod 0x000002433e244a90
Event: 27.794 Thread 0x00000243990453a0 flushing  nmethod 0x000002433e432310
Event: 27.795 Thread 0x00000243990453a0 flushing  nmethod 0x000002433e4cb690
Event: 27.795 Thread 0x00000243990453a0 flushing  nmethod 0x000002433e4d2990
Event: 27.796 Thread 0x00000243990453a0 flushing  nmethod 0x000002433e590210
Event: 27.796 Thread 0x00000243990453a0 flushing  nmethod 0x000002433e592b10
Event: 27.798 Thread 0x00000243990453a0 flushing  nmethod 0x000002433e61ac90

Events (20 events):
Event: 9.100 Thread 0x00000243a2023be0 Thread exited: 0x00000243a2023be0
Event: 9.112 Thread 0x000002439ff15760 Thread exited: 0x000002439ff15760
Event: 10.326 Thread 0x000002439fe42050 Thread exited: 0x000002439fe42050
Event: 12.217 Thread 0x000002439917b3d0 Thread added: 0x00000243a16ce340
Event: 13.318 Thread 0x00000243a16ce340 Thread exited: 0x00000243a16ce340
Event: 13.528 Thread 0x000002439e70b7f0 Thread exited: 0x000002439e70b7f0
Event: 14.407 Thread 0x000002439e3bcc70 Thread exited: 0x000002439e3bcc70
Event: 14.686 Thread 0x0000024399166970 Thread added: 0x00000243a16d0320
Event: 15.254 Thread 0x0000024399166e90 Thread added: 0x00000243a16d1860
Event: 15.984 Thread 0x0000024399030f60 Thread added: 0x00000243a16ce340
Event: 16.321 Thread 0x00000243a16ce340 Thread exited: 0x00000243a16ce340
Event: 17.136 Thread 0x00000243a16d1860 Thread exited: 0x00000243a16d1860
Event: 20.367 Thread 0x0000024399166970 Thread added: 0x00000243a16d0870
Event: 22.957 Thread 0x00000243a16d0320 Thread added: 0x00000243a16d2300
Event: 23.057 Thread 0x000002439917b3d0 Thread added: 0x00000243a16d3d90
Event: 23.105 Thread 0x0000024399166970 Thread added: 0x00000243a16d2850
Event: 23.117 Thread 0x0000024399166970 Thread added: 0x00000243a16d52d0
Event: 24.733 Thread 0x00000243a16d52d0 Thread exited: 0x00000243a16d52d0
Event: 28.010 Thread 0x0000024399166970 Thread added: 0x00000243a26383d0
Event: 28.299 Thread 0x00000243a26383d0 Thread exited: 0x00000243a26383d0


Dynamic libraries:
0x00007ff639330000 - 0x00007ff63933e000 	C:\Program Files\Microsoft\jdk-17.0.14.7-hotspot\bin\java.exe
0x00007ffc97400000 - 0x00007ffc97666000 	C:\WINDOWS\SYSTEM32\ntdll.dll
0x00007ffc96980000 - 0x00007ffc96a49000 	C:\WINDOWS\System32\KERNEL32.DLL
0x00007ffc94b00000 - 0x00007ffc94ecc000 	C:\WINDOWS\System32\KERNELBASE.dll
0x00007ffc94910000 - 0x00007ffc94a5b000 	C:\WINDOWS\System32\ucrtbase.dll
0x00007ffc52260000 - 0x00007ffc52277000 	C:\Program Files\Microsoft\jdk-17.0.14.7-hotspot\bin\jli.dll
0x00007ffc51270000 - 0x00007ffc5128d000 	C:\Program Files\Microsoft\jdk-17.0.14.7-hotspot\bin\VCRUNTIME140.dll
0x00007ffc95f00000 - 0x00007ffc960ca000 	C:\WINDOWS\System32\USER32.dll
0x00007ffc7a280000 - 0x00007ffc7a51a000 	C:\WINDOWS\WinSxS\amd64_microsoft.windows.common-controls_6595b64144ccf1df_6.0.26100.3912_none_3e07963ce335137e\COMCTL32.dll
0x00007ffc95010000 - 0x00007ffc95037000 	C:\WINDOWS\System32\win32u.dll
0x00007ffc954d0000 - 0x00007ffc95579000 	C:\WINDOWS\System32\msvcrt.dll
0x00007ffc95640000 - 0x00007ffc9566b000 	C:\WINDOWS\System32\GDI32.dll
0x00007ffc947d0000 - 0x00007ffc94902000 	C:\WINDOWS\System32\gdi32full.dll
0x00007ffc94f60000 - 0x00007ffc95003000 	C:\WINDOWS\System32\msvcp_win.dll
0x00007ffc97380000 - 0x00007ffc973b0000 	C:\WINDOWS\System32\IMM32.DLL
0x00007ffc6cad0000 - 0x00007ffc6cadc000 	C:\Program Files\Microsoft\jdk-17.0.14.7-hotspot\bin\vcruntime140_1.dll
0x00007ffc377e0000 - 0x00007ffc3786d000 	C:\Program Files\Microsoft\jdk-17.0.14.7-hotspot\bin\msvcp140.dll
0x00007ffc0a3c0000 - 0x00007ffc0b032000 	C:\Program Files\Microsoft\jdk-17.0.14.7-hotspot\bin\server\jvm.dll
0x00007ffc95580000 - 0x00007ffc95632000 	C:\WINDOWS\System32\ADVAPI32.dll
0x00007ffc951c0000 - 0x00007ffc95266000 	C:\WINDOWS\System32\sechost.dll
0x00007ffc952a0000 - 0x00007ffc953b6000 	C:\WINDOWS\System32\RPCRT4.dll
0x00007ffc95450000 - 0x00007ffc954c4000 	C:\WINDOWS\System32\WS2_32.dll
0x00007ffc943e0000 - 0x00007ffc9443e000 	C:\WINDOWS\SYSTEM32\POWRPROF.dll
0x00007ffc8a320000 - 0x00007ffc8a356000 	C:\WINDOWS\SYSTEM32\WINMM.dll
0x00007ffc82f80000 - 0x00007ffc82f8b000 	C:\WINDOWS\SYSTEM32\VERSION.dll
0x00007ffc943c0000 - 0x00007ffc943d4000 	C:\WINDOWS\SYSTEM32\UMPDC.dll
0x00007ffc93350000 - 0x00007ffc9336a000 	C:\WINDOWS\SYSTEM32\kernel.appcore.dll
0x00007ffc6ca30000 - 0x00007ffc6ca3a000 	C:\Program Files\Microsoft\jdk-17.0.14.7-hotspot\bin\jimage.dll
0x00007ffc91d90000 - 0x00007ffc91fd1000 	C:\WINDOWS\SYSTEM32\DBGHELP.DLL
0x00007ffc96230000 - 0x00007ffc965b4000 	C:\WINDOWS\System32\combase.dll
0x00007ffc96140000 - 0x00007ffc96220000 	C:\WINDOWS\System32\OLEAUT32.dll
0x00007ffc6c860000 - 0x00007ffc6c899000 	C:\WINDOWS\SYSTEM32\dbgcore.DLL
0x00007ffc94a60000 - 0x00007ffc94af9000 	C:\WINDOWS\System32\bcryptPrimitives.dll
0x00007ffc51240000 - 0x00007ffc51265000 	C:\Program Files\Microsoft\jdk-17.0.14.7-hotspot\bin\java.dll
0x00007ffc2ca10000 - 0x00007ffc2cae7000 	C:\Program Files\Microsoft\jdk-17.0.14.7-hotspot\bin\jsvml.dll
0x00007ffc96c50000 - 0x00007ffc9737d000 	C:\WINDOWS\System32\SHELL32.dll
0x00007ffc94650000 - 0x00007ffc947c4000 	C:\WINDOWS\System32\wintypes.dll
0x00007ffc92200000 - 0x00007ffc92a56000 	C:\WINDOWS\SYSTEM32\windows.storage.dll
0x00007ffc95bb0000 - 0x00007ffc95c9f000 	C:\WINDOWS\System32\SHCORE.dll
0x00007ffc960d0000 - 0x00007ffc96139000 	C:\WINDOWS\System32\shlwapi.dll
0x00007ffc944a0000 - 0x00007ffc944cf000 	C:\WINDOWS\SYSTEM32\profapi.dll
0x00007ffc4e1e0000 - 0x00007ffc4e1fa000 	C:\Program Files\Microsoft\jdk-17.0.14.7-hotspot\bin\net.dll
0x00007ffc8d620000 - 0x00007ffc8d73e000 	C:\WINDOWS\SYSTEM32\WINHTTP.dll
0x00007ffc938c0000 - 0x00007ffc9392a000 	C:\WINDOWS\system32\mswsock.dll
0x00007ffc4e120000 - 0x00007ffc4e136000 	C:\Program Files\Microsoft\jdk-17.0.14.7-hotspot\bin\nio.dll
0x00007ffc4e100000 - 0x00007ffc4e118000 	C:\Program Files\Microsoft\jdk-17.0.14.7-hotspot\bin\zip.dll
0x00007ffc67960000 - 0x00007ffc67970000 	C:\Program Files\Microsoft\jdk-17.0.14.7-hotspot\bin\verify.dll

dbghelp: loaded successfully - version: 4.0.5 - missing functions: none
symbol engine: initialized successfully - sym options: 0x614 - pdb path: .;C:\Program Files\Microsoft\jdk-17.0.14.7-hotspot\bin;C:\WINDOWS\SYSTEM32;C:\WINDOWS\WinSxS\amd64_microsoft.windows.common-controls_6595b64144ccf1df_6.0.26100.3912_none_3e07963ce335137e;C:\Program Files\Microsoft\jdk-17.0.14.7-hotspot\bin\server

VM Arguments:
java_command: org.jetbrains.kotlin.cli.jvm.K2JVMCompiler @E:\priya\kharrrchu\latest_kharchaji-\app\build\20250517_10625387778014840758.compiler.options
java_class_path (initial): C:\Users\Abhishek soni\.gradle\caches\modules-2\files-2.1\org.jetbrains.kotlin\kotlin-compiler-embeddable\1.9.0\2c8c3a7402becca891f12739b3e9fd2dc2adbd7a\kotlin-compiler-embeddable-1.9.0.jar;C:\Users\Abhishek soni\.gradle\caches\modules-2\files-2.1\org.jetbrains.kotlin\kotlin-stdlib\1.9.0\8ee15ef0c67dc83d874f412d84378d7f0eb50b63\kotlin-stdlib-1.9.0.jar;C:\Users\Abhishek soni\.gradle\caches\modules-2\files-2.1\org.jetbrains.kotlin\kotlin-script-runtime\1.9.0\4b3102cbbb7e1b58d9d1adf89563f00069ffa7d1\kotlin-script-runtime-1.9.0.jar;C:\Users\Abhishek soni\.gradle\caches\modules-2\files-2.1\org.jetbrains.kotlin\kotlin-reflect\1.6.10\1cbe9c92c12a94eea200d23c2bbaedaf3daf5132\kotlin-reflect-1.6.10.jar;C:\Users\Abhishek soni\.gradle\caches\modules-2\files-2.1\org.jetbrains.kotlin\kotlin-daemon-embeddable\1.9.0\186543f5e28cf8d9a0290fecc2cf34301c40a65c\kotlin-daemon-embeddable-1.9.0.jar;C:\Users\Abhishek soni\.gradle\caches\modules-2\files-2.1\org.jetbrains.intellij.deps\trove4j\1.0.20200330\3afb14d5f9ceb459d724e907a21145e8ff394f02\trove4j-1.0.20200330.jar;C:\Users\Abhishek soni\.gradle\caches\modules-2\files-2.1\org.jetbrains.kotlin\kotlin-stdlib-common\1.9.0\cd65c21cfd1eec4d44ef09f9f52b6d9f8a720636\kotlin-stdlib-common-1.9.0.jar;C:\Users\Abhishek soni\.gradle\caches\modules-2\files-2.1\org.jetbrains\annotations\13.0\919f0dfe192fb4e063e7dacadee7f8bb9a2672a9\annotations-13.0.jar
Launcher Type: SUN_STANDARD

[Global flags]
     intx CICompilerCount                          = 12                                        {product} {ergonomic}
     uint ConcGCThreads                            = 3                                         {product} {ergonomic}
     uint G1ConcRefinementThreads                  = 13                                        {product} {ergonomic}
   size_t G1HeapRegionSize                         = 2097152                                   {product} {ergonomic}
    uintx GCDrainStackTargetSize                   = 64                                        {product} {ergonomic}
   size_t InitialHeapSize                          = 264241152                                 {product} {ergonomic}
   size_t MarkStackSize                            = 4194304                                   {product} {ergonomic}
   size_t MaxHeapSize                              = 4219469824                                {product} {ergonomic}
   size_t MaxNewSize                               = 2531262464                                {product} {ergonomic}
   size_t MinHeapDeltaBytes                        = 2097152                                   {product} {ergonomic}
   size_t MinHeapSize                              = 8388608                                   {product} {ergonomic}
    uintx NonNMethodCodeHeapSize                   = 7602480                                {pd product} {ergonomic}
    uintx NonProfiledCodeHeapSize                  = 122027880                              {pd product} {ergonomic}
    uintx ProfiledCodeHeapSize                     = 122027880                              {pd product} {ergonomic}
    uintx ReservedCodeCacheSize                    = 251658240                              {pd product} {ergonomic}
     bool SegmentedCodeCache                       = true                                      {product} {ergonomic}
   size_t SoftMaxHeapSize                          = 4219469824                             {manageable} {ergonomic}
     bool UseCompressedClassPointers               = true                           {product lp64_product} {ergonomic}
     bool UseCompressedOops                        = true                           {product lp64_product} {ergonomic}
     bool UseG1GC                                  = true                                      {product} {ergonomic}
     bool UseLargePagesIndividualAllocation        = false                                  {pd product} {ergonomic}

Logging:
Log output configuration:
 #0: stdout all=warning uptime,level,tags
 #1: stderr all=off uptime,level,tags

Environment Variables:
JAVA_HOME=C:\Program Files\Microsoft\jdk-17.0.14.7-hotspot
CLASSPATH=E:\priya\kharrrchu\latest_kharchaji-\\gradle\wrapper\gradle-wrapper.jar
PATH=C:\Program Files\PowerShell\7;C:\scrcpy-win32-v3.1;C:\src\flutter\bin;C:\androids\platform-tools;C:\AndroidSDK\cmdline-tools\latest\bin;C:\Program Files\Microsoft\jdk-17.0.14.7-hotspot\bin;C:\Program Files\Microsoft\jdk-17.0.14.7-hotspot\bin;C:\Program Files\WindowsApps\Microsoft.DesktopAppInstaller_1.24.25200.0_x64__8wekyb3d8bbwe;c:\Users\Abhishek soni\AppData\Local\Programs\cursor\resources\app\bin;C:\Program Files\Microsoft\jdk-17.0.10.7-hotspot\\bin;C:\Users\Abhishek soni\AppData\Local\Android\Sdk;C:\Users\Abhishek soni\AppData\Local\Android\Sdk\platform-tools;C:\Program Files\nodejs;C:\WINDOWS\system32;C:\WINDOWS;C:\WINDOWS\System32\Wbem;C:\WINDOWS\System32\WindowsPowerShell\v1.0\;C:\WINDOWS\System32\OpenSSH\;C:\Program Files\dotnet\;C:\MinGW\bin;E:\Aakash itr\platform-tools_r34.0.1-windows\platform-tools;C:\ProgramData\chocolatey\bin;C:\Program Files\nodejs\;C:\Program Files\Git\cmd;C:\Program Files (x86)\Microsoft SQL Server\160\Tools\Binn\;C:\Program Files\Microsoft SQL Server\160\Tools\Binn\;C:\Program Files\Microsoft SQL Server\Client SDK\ODBC\170\Tools\Binn\;C:\Program Files\Microsoft SQL Server\160\DTS\Binn\;C:\Program Files\Microsoft\jdk-17.0.14.7-hotspot;C:\Program Files\PowerShell\7\;C:\Users\Abhishek soni\AppData\Local\Programs\Python\Python313\Scripts\;C:\Users\Abhishek soni\AppData\Local\Programs\Python\Python313\;E:\trucckkk\Go_rider_passenger_app\flutter\flutter\bin;C:\Users\Abhishek soni\AppData\Local\Programs\Microsoft VS Code\bin;C:\Program Files\Tesseract-OCR;E:\codekamaal\my_first_app\flutter\bin;C:\Users\Abhishek soni\AppData\Local\Microsoft\WindowsApps;C:\Users\Abhishek soni\AppData\Local\Microsoft\WinGet\Packages\Genymobile.scrcpy_Microsoft.Winget.Source_8wekyb3d8bbwe\scrcpy-win64-v3.1;C:\Program Files\WindowsApps\Microsoft.DesktopAppInstaller_1.25.320.0_x64__8wekyb3d8bbwe;C:\Windows\System32
USERNAME=Abhishek soni
LANG=en_US.UTF-8
OS=Windows_NT
PROCESSOR_IDENTIFIER=Intel64 Family 6 Model 154 Stepping 3, GenuineIntel
TMP=C:\Users\Abhishek soni\AppData\Local\Temp
TEMP=C:\Users\Abhishek soni\AppData\Local\Temp



Periodic native trim disabled


---------------  S Y S T E M  ---------------

OS:
 Windows 11 , 64 bit Build 26100 (10.0.26100.3912)
OS uptime: 1 days 3:06 hours
Hyper-V role detected

CPU: total 16 (initial active 16) (8 cores per cpu, 2 threads per core) family 6 model 154 stepping 3 microcode 0x435, cx8, cmov, fxsr, ht, mmx, 3dnowpref, sse, sse2, sse3, ssse3, sse4.1, sse4.2, popcnt, lzcnt, tsc, tscinvbit, avx, avx2, aes, erms, clmul, bmi1, bmi2, adx, sha, fma, vzeroupper, clflush, clflushopt, clwb, hv
Processor Information for processor 0
  Max Mhz: 2500, Current Mhz: 2500, Mhz Limit: 2500
Processor Information for processor 1
  Max Mhz: 2500, Current Mhz: 2500, Mhz Limit: 2500
Processor Information for processor 2
  Max Mhz: 2500, Current Mhz: 2500, Mhz Limit: 2500
Processor Information for processor 3
  Max Mhz: 2500, Current Mhz: 2500, Mhz Limit: 2500
Processor Information for processor 4
  Max Mhz: 2500, Current Mhz: 2500, Mhz Limit: 2500
Processor Information for processor 5
  Max Mhz: 2500, Current Mhz: 2500, Mhz Limit: 2500
Processor Information for processor 6
  Max Mhz: 2500, Current Mhz: 2500, Mhz Limit: 2500
Processor Information for processor 7
  Max Mhz: 2500, Current Mhz: 2500, Mhz Limit: 2500
Processor Information for processor 8
  Max Mhz: 2500, Current Mhz: 1500, Mhz Limit: 1800
Processor Information for processor 9
  Max Mhz: 2500, Current Mhz: 1500, Mhz Limit: 1800
Processor Information for processor 10
  Max Mhz: 2500, Current Mhz: 1500, Mhz Limit: 1800
Processor Information for processor 11
  Max Mhz: 2500, Current Mhz: 1500, Mhz Limit: 1800
Processor Information for processor 12
  Max Mhz: 2500, Current Mhz: 1800, Mhz Limit: 1800
Processor Information for processor 13
  Max Mhz: 2500, Current Mhz: 1800, Mhz Limit: 1800
Processor Information for processor 14
  Max Mhz: 2500, Current Mhz: 1500, Mhz Limit: 1800
Processor Information for processor 15
  Max Mhz: 2500, Current Mhz: 1800, Mhz Limit: 1800

Memory: 4k page, system-wide physical 16095M (1756M free)
TotalPageFile size 23095M (AvailPageFile size 5M)
current process WorkingSet (physical memory assigned to process): 473M, peak: 479M
current process commit charge ("private bytes"): 550M, peak: 582M

vm_info: OpenJDK 64-Bit Server VM (17.0.14+7-LTS) for windows-amd64 JRE (17.0.14+7-LTS), built on Jan  8 2025 23:39:28 by "MicrosoftCorporation" with unknown MS VC++:1939

END.
