#
# There is insufficient memory for the Java Runtime Environment to continue.
# Native memory allocation (malloc) failed to allocate 928976 bytes. Error detail: Chunk::new
# Possible reasons:
#   The system is out of physical RAM or swap space
#   This process is running with CompressedOops enabled, and the Java Heap may be blocking the growth of the native heap
# Possible solutions:
#   Reduce memory load on the system
#   Increase physical memory or swap space
#   Check if swap backing store is full
#   Decrease Java heap size (-Xmx/-Xms)
#   Decrease number of Java threads
#   Decrease Java thread stack sizes (-Xss)
#   Set larger code cache with -XX:ReservedCodeCacheSize=
#   JVM is running with Zero Based Compressed Oops mode in which the Java heap is
#     placed in the first 32GB address space. The Java Heap base address is the
#     maximum limit for the native heap growth. Please use -XX:HeapBaseMinAddress
#     to set the Java Heap base and to place the Java Heap above 32GB virtual address.
# This output file may be truncated or incomplete.
#
#  Out of Memory Error (arena.cpp:191), pid=23180, tid=17680
#
# JRE version: OpenJDK Runtime Environment Microsoft-10800295 (17.0.14+7) (build 17.0.14+7-LTS)
# Java VM: OpenJDK 64-Bit Server VM Microsoft-10800295 (17.0.14+7-LTS, mixed mode, sharing, tiered, compressed oops, compressed class ptrs, g1 gc, windows-amd64)
# No core dump will be written. Minidumps are not enabled by default on client versions of Windows
#

---------------  S U M M A R Y ------------

Command Line: org.jetbrains.kotlin.cli.jvm.K2JVMCompiler @E:\priya\kharrrchu\latest_kharchaji-\app\build\20250517_16984916215121845308.compiler.options

Host: 12th Gen Intel(R) Core(TM) i5-12500H, 16 cores, 15G,  Windows 11 , 64 bit Build 26100 (10.0.26100.3912)
Time: Sat May 17 18:11:48 2025 India Standard Time elapsed time: 12.625111 seconds (0d 0h 0m 12s)

---------------  T H R E A D  ---------------

Current thread (0x00000208e663a210):  JavaThread "C2 CompilerThread1" daemon [_thread_in_native, id=17680, stack(0x0000005ce2800000,0x0000005ce2900000)]


Current CompileTask:
C2:  12625 1994   !   4       jdk.internal.loader.BuiltinClassLoader::loadClassOrNull (143 bytes)

Stack: [0x0000005ce2800000,0x0000005ce2900000]
Native frames: (J=compiled Java code, j=interpreted, Vv=VM code, C=native code)
V  [jvm.dll+0x6886b9]
V  [jvm.dll+0x83f6f8]
V  [jvm.dll+0x8411a3]
V  [jvm.dll+0x841813]
V  [jvm.dll+0x2495cf]
V  [jvm.dll+0xad0d4]
V  [jvm.dll+0xad76c]
V  [jvm.dll+0x2b0d0f]
V  [jvm.dll+0x58e669]
V  [jvm.dll+0x223852]
V  [jvm.dll+0x223c4f]
V  [jvm.dll+0x21c9f0]
V  [jvm.dll+0x219b1b]
V  [jvm.dll+0x1a5596]
V  [jvm.dll+0x22a27a]
V  [jvm.dll+0x2283bb]
V  [jvm.dll+0x7f4f48]
V  [jvm.dll+0x7ef2ac]
V  [jvm.dll+0x687597]
C  [ucrtbase.dll+0x37b0]
C  [KERNEL32.DLL+0x2e8d7]
C  [ntdll.dll+0x9c5dc]


---------------  P R O C E S S  ---------------

Threads class SMR info:
_java_thread_list=0x00000208e6276cd0, length=13, elements={
0x00000208fcfcba30, 0x00000208ffdaa400, 0x00000208ffdaafc0, 0x00000208ffdbdaa0,
0x00000208ffdc0470, 0x00000208ffdc0e30, 0x00000208ffdc5800, 0x00000208ffdc64f0,
0x00000208ffdc7f00, 0x00000208ffdd4f40, 0x00000208a0c0a9f0, 0x00000208a0c10370,
0x00000208e663a210
}

Java Threads: ( => current thread )
  0x00000208fcfcba30 JavaThread "main" [_thread_in_vm, id=11168, stack(0x0000005ce1200000,0x0000005ce1300000)]
  0x00000208ffdaa400 JavaThread "Reference Handler" daemon [_thread_blocked, id=25984, stack(0x0000005ce1900000,0x0000005ce1a00000)]
  0x00000208ffdaafc0 JavaThread "Finalizer" daemon [_thread_blocked, id=9468, stack(0x0000005ce1a00000,0x0000005ce1b00000)]
  0x00000208ffdbdaa0 JavaThread "Signal Dispatcher" daemon [_thread_blocked, id=19912, stack(0x0000005ce1b00000,0x0000005ce1c00000)]
  0x00000208ffdc0470 JavaThread "Attach Listener" daemon [_thread_blocked, id=24144, stack(0x0000005ce1c00000,0x0000005ce1d00000)]
  0x00000208ffdc0e30 JavaThread "Service Thread" daemon [_thread_blocked, id=6992, stack(0x0000005ce1d00000,0x0000005ce1e00000)]
  0x00000208ffdc5800 JavaThread "Monitor Deflation Thread" daemon [_thread_blocked, id=15056, stack(0x0000005ce1e00000,0x0000005ce1f00000)]
  0x00000208ffdc64f0 JavaThread "C2 CompilerThread0" daemon [_thread_in_native, id=12856, stack(0x0000005ce1f00000,0x0000005ce2000000)]
  0x00000208ffdc7f00 JavaThread "C1 CompilerThread0" daemon [_thread_blocked, id=25200, stack(0x0000005ce2000000,0x0000005ce2100000)]
  0x00000208ffdd4f40 JavaThread "Sweeper thread" daemon [_thread_blocked, id=19008, stack(0x0000005ce2100000,0x0000005ce2200000)]
  0x00000208a0c0a9f0 JavaThread "Notification Thread" daemon [_thread_blocked, id=7628, stack(0x0000005ce2400000,0x0000005ce2500000)]
  0x00000208a0c10370 JavaThread "Common-Cleaner" daemon [_thread_blocked, id=24276, stack(0x0000005ce2600000,0x0000005ce2700000)]
=>0x00000208e663a210 JavaThread "C2 CompilerThread1" daemon [_thread_in_native, id=17680, stack(0x0000005ce2800000,0x0000005ce2900000)]

Other Threads:
  0x00000208ffda4ec0 VMThread "VM Thread" [stack: 0x0000005ce1800000,0x0000005ce1900000] [id=1684]
  0x00000208a0c0cee0 WatcherThread [stack: 0x0000005ce2500000,0x0000005ce2600000] [id=24456]
  0x00000208fd03b6e0 GCTaskThread "GC Thread#0" [stack: 0x0000005ce1300000,0x0000005ce1400000] [id=18872]
  0x00000208e61dd980 GCTaskThread "GC Thread#1" [stack: 0x0000005ce2900000,0x0000005ce2a00000] [id=20156]
  0x00000208e61ddc40 GCTaskThread "GC Thread#2" [stack: 0x0000005ce2a00000,0x0000005ce2b00000] [id=20832]
  0x00000208e61ddf00 GCTaskThread "GC Thread#3" [stack: 0x0000005ce2b00000,0x0000005ce2c00000] [id=10380]
  0x00000208e6221040 GCTaskThread "GC Thread#4" [stack: 0x0000005ce2c00000,0x0000005ce2d00000] [id=3304]
  0x00000208e6226b40 GCTaskThread "GC Thread#5" [stack: 0x0000005ce2d00000,0x0000005ce2e00000] [id=1980]
  0x00000208e6af3080 GCTaskThread "GC Thread#6" [stack: 0x0000005ce2200000,0x0000005ce2300000] [id=11848]
  0x00000208e6c5b4a0 GCTaskThread "GC Thread#7" [stack: 0x0000005ce2300000,0x0000005ce2400000] [id=2648]
  0x00000208e6c1acf0 GCTaskThread "GC Thread#8" [stack: 0x0000005ce2700000,0x0000005ce2800000] [id=19364]
  0x00000208fd04c1b0 ConcurrentGCThread "G1 Main Marker" [stack: 0x0000005ce1400000,0x0000005ce1500000] [id=26064]
  0x00000208fd04d8a0 ConcurrentGCThread "G1 Conc#0" [stack: 0x0000005ce1500000,0x0000005ce1600000] [id=5380]
  0x00000208fd07e770 ConcurrentGCThread "G1 Refine#0" [stack: 0x0000005ce1600000,0x0000005ce1700000] [id=5936]
  0x00000208ffcd2160 ConcurrentGCThread "G1 Service" [stack: 0x0000005ce1700000,0x0000005ce1800000] [id=14976]

Threads with active compile tasks:
C2 CompilerThread0    12639 2023       4       jdk.internal.org.objectweb.asm.SymbolTable::addConstantUtf8 (98 bytes)
C2 CompilerThread1    12639 1994   !   4       jdk.internal.loader.BuiltinClassLoader::loadClassOrNull (143 bytes)

VM state: not at safepoint (normal execution)

VM Mutex/Monitor currently owned by a thread: None

Heap address: 0x0000000704800000, size: 4024 MB, Compressed Oops mode: Zero based, Oop shift amount: 3

CDS archive(s) mapped at: [0x00000208a1000000-0x00000208a1bb0000-0x00000208a1bb0000), size 12255232, SharedBaseAddress: 0x00000208a1000000, ArchiveRelocationMode: 1.
Compressed class space mapped at: 0x00000208a2000000-0x00000208e2000000, reserved size: 1073741824
Narrow klass base: 0x00000208a1000000, Narrow klass shift: 0, Narrow klass range: 0x100000000

GC Precious Log:
 CPUs: 16 total, 16 available
 Memory: 16095M
 Large Page Support: Disabled
 NUMA Support: Disabled
 Compressed Oops: Enabled (Zero based)
 Heap Region Size: 2M
 Heap Min Capacity: 8M
 Heap Initial Capacity: 252M
 Heap Max Capacity: 4024M
 Pre-touch: Disabled
 Parallel Workers: 13
 Concurrent Workers: 3
 Concurrent Refinement Workers: 13
 Periodic GC: Disabled

Heap:
 garbage-first heap   total 258048K, used 20731K [0x0000000704800000, 0x0000000800000000)
  region size 2048K, 10 young (20480K), 3 survivors (6144K)
 Metaspace       used 17695K, committed 17920K, reserved 1114112K
  class space    used 2023K, committed 2112K, reserved 1048576K

Heap Regions: E=young(eden), S=young(survivor), O=old, HS=humongous(starts), HC=humongous(continues), CS=collection set, F=free, OA=open archive, CA=closed archive, TAMS=top-at-mark-start (previous, next)
|   0|0x0000000704800000, 0x0000000704a00000, 0x0000000704a00000|100%|HS|  |TAMS 0x0000000704800000, 0x0000000704800000| Complete 
|   1|0x0000000704a00000, 0x0000000704c00000, 0x0000000704c00000|100%|HC|  |TAMS 0x0000000704a00000, 0x0000000704a00000| Complete 
|   2|0x0000000704c00000, 0x0000000704c00000, 0x0000000704e00000|  0%| F|  |TAMS 0x0000000704c00000, 0x0000000704c00000| Untracked 
|   3|0x0000000704e00000, 0x0000000704e00000, 0x0000000705000000|  0%| F|  |TAMS 0x0000000704e00000, 0x0000000704e00000| Untracked 
|   4|0x0000000705000000, 0x0000000705000000, 0x0000000705200000|  0%| F|  |TAMS 0x0000000705000000, 0x0000000705000000| Untracked 
|   5|0x0000000705200000, 0x0000000705200000, 0x0000000705400000|  0%| F|  |TAMS 0x0000000705200000, 0x0000000705200000| Untracked 
|   6|0x0000000705400000, 0x0000000705400000, 0x0000000705600000|  0%| F|  |TAMS 0x0000000705400000, 0x0000000705400000| Untracked 
|   7|0x0000000705600000, 0x0000000705600000, 0x0000000705800000|  0%| F|  |TAMS 0x0000000705600000, 0x0000000705600000| Untracked 
|   8|0x0000000705800000, 0x0000000705800000, 0x0000000705a00000|  0%| F|  |TAMS 0x0000000705800000, 0x0000000705800000| Untracked 
|   9|0x0000000705a00000, 0x0000000705a00000, 0x0000000705c00000|  0%| F|  |TAMS 0x0000000705a00000, 0x0000000705a00000| Untracked 
|  10|0x0000000705c00000, 0x0000000705c00000, 0x0000000705e00000|  0%| F|  |TAMS 0x0000000705c00000, 0x0000000705c00000| Untracked 
|  11|0x0000000705e00000, 0x0000000705e00000, 0x0000000706000000|  0%| F|  |TAMS 0x0000000705e00000, 0x0000000705e00000| Untracked 
|  12|0x0000000706000000, 0x0000000706000000, 0x0000000706200000|  0%| F|  |TAMS 0x0000000706000000, 0x0000000706000000| Untracked 
|  13|0x0000000706200000, 0x0000000706200000, 0x0000000706400000|  0%| F|  |TAMS 0x0000000706200000, 0x0000000706200000| Untracked 
|  14|0x0000000706400000, 0x0000000706400000, 0x0000000706600000|  0%| F|  |TAMS 0x0000000706400000, 0x0000000706400000| Untracked 
|  15|0x0000000706600000, 0x0000000706600000, 0x0000000706800000|  0%| F|  |TAMS 0x0000000706600000, 0x0000000706600000| Untracked 
|  16|0x0000000706800000, 0x0000000706800000, 0x0000000706a00000|  0%| F|  |TAMS 0x0000000706800000, 0x0000000706800000| Untracked 
|  17|0x0000000706a00000, 0x0000000706a00000, 0x0000000706c00000|  0%| F|  |TAMS 0x0000000706a00000, 0x0000000706a00000| Untracked 
|  18|0x0000000706c00000, 0x0000000706c00000, 0x0000000706e00000|  0%| F|  |TAMS 0x0000000706c00000, 0x0000000706c00000| Untracked 
|  19|0x0000000706e00000, 0x0000000706e00000, 0x0000000707000000|  0%| F|  |TAMS 0x0000000706e00000, 0x0000000706e00000| Untracked 
|  20|0x0000000707000000, 0x0000000707000000, 0x0000000707200000|  0%| F|  |TAMS 0x0000000707000000, 0x0000000707000000| Untracked 
|  21|0x0000000707200000, 0x0000000707200000, 0x0000000707400000|  0%| F|  |TAMS 0x0000000707200000, 0x0000000707200000| Untracked 
|  22|0x0000000707400000, 0x0000000707400000, 0x0000000707600000|  0%| F|  |TAMS 0x0000000707400000, 0x0000000707400000| Untracked 
|  23|0x0000000707600000, 0x0000000707600000, 0x0000000707800000|  0%| F|  |TAMS 0x0000000707600000, 0x0000000707600000| Untracked 
|  24|0x0000000707800000, 0x0000000707800000, 0x0000000707a00000|  0%| F|  |TAMS 0x0000000707800000, 0x0000000707800000| Untracked 
|  25|0x0000000707a00000, 0x0000000707a00000, 0x0000000707c00000|  0%| F|  |TAMS 0x0000000707a00000, 0x0000000707a00000| Untracked 
|  26|0x0000000707c00000, 0x0000000707c00000, 0x0000000707e00000|  0%| F|  |TAMS 0x0000000707c00000, 0x0000000707c00000| Untracked 
|  27|0x0000000707e00000, 0x0000000707e00000, 0x0000000708000000|  0%| F|  |TAMS 0x0000000707e00000, 0x0000000707e00000| Untracked 
|  28|0x0000000708000000, 0x0000000708000000, 0x0000000708200000|  0%| F|  |TAMS 0x0000000708000000, 0x0000000708000000| Untracked 
|  29|0x0000000708200000, 0x0000000708200000, 0x0000000708400000|  0%| F|  |TAMS 0x0000000708200000, 0x0000000708200000| Untracked 
|  30|0x0000000708400000, 0x0000000708400000, 0x0000000708600000|  0%| F|  |TAMS 0x0000000708400000, 0x0000000708400000| Untracked 
|  31|0x0000000708600000, 0x0000000708600000, 0x0000000708800000|  0%| F|  |TAMS 0x0000000708600000, 0x0000000708600000| Untracked 
|  32|0x0000000708800000, 0x0000000708800000, 0x0000000708a00000|  0%| F|  |TAMS 0x0000000708800000, 0x0000000708800000| Untracked 
|  33|0x0000000708a00000, 0x0000000708a00000, 0x0000000708c00000|  0%| F|  |TAMS 0x0000000708a00000, 0x0000000708a00000| Untracked 
|  34|0x0000000708c00000, 0x0000000708c00000, 0x0000000708e00000|  0%| F|  |TAMS 0x0000000708c00000, 0x0000000708c00000| Untracked 
|  35|0x0000000708e00000, 0x0000000708e00000, 0x0000000709000000|  0%| F|  |TAMS 0x0000000708e00000, 0x0000000708e00000| Untracked 
|  36|0x0000000709000000, 0x0000000709000000, 0x0000000709200000|  0%| F|  |TAMS 0x0000000709000000, 0x0000000709000000| Untracked 
|  37|0x0000000709200000, 0x0000000709200000, 0x0000000709400000|  0%| F|  |TAMS 0x0000000709200000, 0x0000000709200000| Untracked 
|  38|0x0000000709400000, 0x0000000709400000, 0x0000000709600000|  0%| F|  |TAMS 0x0000000709400000, 0x0000000709400000| Untracked 
|  39|0x0000000709600000, 0x0000000709600000, 0x0000000709800000|  0%| F|  |TAMS 0x0000000709600000, 0x0000000709600000| Untracked 
|  40|0x0000000709800000, 0x0000000709800000, 0x0000000709a00000|  0%| F|  |TAMS 0x0000000709800000, 0x0000000709800000| Untracked 
|  41|0x0000000709a00000, 0x0000000709a00000, 0x0000000709c00000|  0%| F|  |TAMS 0x0000000709a00000, 0x0000000709a00000| Untracked 
|  42|0x0000000709c00000, 0x0000000709c00000, 0x0000000709e00000|  0%| F|  |TAMS 0x0000000709c00000, 0x0000000709c00000| Untracked 
|  43|0x0000000709e00000, 0x0000000709e00000, 0x000000070a000000|  0%| F|  |TAMS 0x0000000709e00000, 0x0000000709e00000| Untracked 
|  44|0x000000070a000000, 0x000000070a000000, 0x000000070a200000|  0%| F|  |TAMS 0x000000070a000000, 0x000000070a000000| Untracked 
|  45|0x000000070a200000, 0x000000070a200000, 0x000000070a400000|  0%| F|  |TAMS 0x000000070a200000, 0x000000070a200000| Untracked 
|  46|0x000000070a400000, 0x000000070a400000, 0x000000070a600000|  0%| F|  |TAMS 0x000000070a400000, 0x000000070a400000| Untracked 
|  47|0x000000070a600000, 0x000000070a600000, 0x000000070a800000|  0%| F|  |TAMS 0x000000070a600000, 0x000000070a600000| Untracked 
|  48|0x000000070a800000, 0x000000070a800000, 0x000000070aa00000|  0%| F|  |TAMS 0x000000070a800000, 0x000000070a800000| Untracked 
|  49|0x000000070aa00000, 0x000000070aa00000, 0x000000070ac00000|  0%| F|  |TAMS 0x000000070aa00000, 0x000000070aa00000| Untracked 
|  50|0x000000070ac00000, 0x000000070ac00000, 0x000000070ae00000|  0%| F|  |TAMS 0x000000070ac00000, 0x000000070ac00000| Untracked 
|  51|0x000000070ae00000, 0x000000070ae00000, 0x000000070b000000|  0%| F|  |TAMS 0x000000070ae00000, 0x000000070ae00000| Untracked 
|  52|0x000000070b000000, 0x000000070b000000, 0x000000070b200000|  0%| F|  |TAMS 0x000000070b000000, 0x000000070b000000| Untracked 
|  53|0x000000070b200000, 0x000000070b200000, 0x000000070b400000|  0%| F|  |TAMS 0x000000070b200000, 0x000000070b200000| Untracked 
|  54|0x000000070b400000, 0x000000070b400000, 0x000000070b600000|  0%| F|  |TAMS 0x000000070b400000, 0x000000070b400000| Untracked 
|  55|0x000000070b600000, 0x000000070b600000, 0x000000070b800000|  0%| F|  |TAMS 0x000000070b600000, 0x000000070b600000| Untracked 
|  56|0x000000070b800000, 0x000000070b800000, 0x000000070ba00000|  0%| F|  |TAMS 0x000000070b800000, 0x000000070b800000| Untracked 
|  57|0x000000070ba00000, 0x000000070ba00000, 0x000000070bc00000|  0%| F|  |TAMS 0x000000070ba00000, 0x000000070ba00000| Untracked 
|  58|0x000000070bc00000, 0x000000070bc00000, 0x000000070be00000|  0%| F|  |TAMS 0x000000070bc00000, 0x000000070bc00000| Untracked 
|  59|0x000000070be00000, 0x000000070be00000, 0x000000070c000000|  0%| F|  |TAMS 0x000000070be00000, 0x000000070be00000| Untracked 
|  60|0x000000070c000000, 0x000000070c000000, 0x000000070c200000|  0%| F|  |TAMS 0x000000070c000000, 0x000000070c000000| Untracked 
|  61|0x000000070c200000, 0x000000070c200000, 0x000000070c400000|  0%| F|  |TAMS 0x000000070c200000, 0x000000070c200000| Untracked 
|  62|0x000000070c400000, 0x000000070c400000, 0x000000070c600000|  0%| F|  |TAMS 0x000000070c400000, 0x000000070c400000| Untracked 
|  63|0x000000070c600000, 0x000000070c600000, 0x000000070c800000|  0%| F|  |TAMS 0x000000070c600000, 0x000000070c600000| Untracked 
|  64|0x000000070c800000, 0x000000070c800000, 0x000000070ca00000|  0%| F|  |TAMS 0x000000070c800000, 0x000000070c800000| Untracked 
|  65|0x000000070ca00000, 0x000000070ca00000, 0x000000070cc00000|  0%| F|  |TAMS 0x000000070ca00000, 0x000000070ca00000| Untracked 
|  66|0x000000070cc00000, 0x000000070cc00000, 0x000000070ce00000|  0%| F|  |TAMS 0x000000070cc00000, 0x000000070cc00000| Untracked 
|  67|0x000000070ce00000, 0x000000070ce00000, 0x000000070d000000|  0%| F|  |TAMS 0x000000070ce00000, 0x000000070ce00000| Untracked 
|  68|0x000000070d000000, 0x000000070d000000, 0x000000070d200000|  0%| F|  |TAMS 0x000000070d000000, 0x000000070d000000| Untracked 
|  69|0x000000070d200000, 0x000000070d200000, 0x000000070d400000|  0%| F|  |TAMS 0x000000070d200000, 0x000000070d200000| Untracked 
|  70|0x000000070d400000, 0x000000070d400000, 0x000000070d600000|  0%| F|  |TAMS 0x000000070d400000, 0x000000070d400000| Untracked 
|  71|0x000000070d600000, 0x000000070d600000, 0x000000070d800000|  0%| F|  |TAMS 0x000000070d600000, 0x000000070d600000| Untracked 
|  72|0x000000070d800000, 0x000000070d800000, 0x000000070da00000|  0%| F|  |TAMS 0x000000070d800000, 0x000000070d800000| Untracked 
|  73|0x000000070da00000, 0x000000070da00000, 0x000000070dc00000|  0%| F|  |TAMS 0x000000070da00000, 0x000000070da00000| Untracked 
|  74|0x000000070dc00000, 0x000000070dc00000, 0x000000070de00000|  0%| F|  |TAMS 0x000000070dc00000, 0x000000070dc00000| Untracked 
|  75|0x000000070de00000, 0x000000070de00000, 0x000000070e000000|  0%| F|  |TAMS 0x000000070de00000, 0x000000070de00000| Untracked 
|  76|0x000000070e000000, 0x000000070e000000, 0x000000070e200000|  0%| F|  |TAMS 0x000000070e000000, 0x000000070e000000| Untracked 
|  77|0x000000070e200000, 0x000000070e200000, 0x000000070e400000|  0%| F|  |TAMS 0x000000070e200000, 0x000000070e200000| Untracked 
|  78|0x000000070e400000, 0x000000070e400000, 0x000000070e600000|  0%| F|  |TAMS 0x000000070e400000, 0x000000070e400000| Untracked 
|  79|0x000000070e600000, 0x000000070e600000, 0x000000070e800000|  0%| F|  |TAMS 0x000000070e600000, 0x000000070e600000| Untracked 
|  80|0x000000070e800000, 0x000000070e800000, 0x000000070ea00000|  0%| F|  |TAMS 0x000000070e800000, 0x000000070e800000| Untracked 
|  81|0x000000070ea00000, 0x000000070ea00000, 0x000000070ec00000|  0%| F|  |TAMS 0x000000070ea00000, 0x000000070ea00000| Untracked 
|  82|0x000000070ec00000, 0x000000070ec00000, 0x000000070ee00000|  0%| F|  |TAMS 0x000000070ec00000, 0x000000070ec00000| Untracked 
|  83|0x000000070ee00000, 0x000000070ee00000, 0x000000070f000000|  0%| F|  |TAMS 0x000000070ee00000, 0x000000070ee00000| Untracked 
|  84|0x000000070f000000, 0x000000070f000000, 0x000000070f200000|  0%| F|  |TAMS 0x000000070f000000, 0x000000070f000000| Untracked 
|  85|0x000000070f200000, 0x000000070f200000, 0x000000070f400000|  0%| F|  |TAMS 0x000000070f200000, 0x000000070f200000| Untracked 
|  86|0x000000070f400000, 0x000000070f400000, 0x000000070f600000|  0%| F|  |TAMS 0x000000070f400000, 0x000000070f400000| Untracked 
|  87|0x000000070f600000, 0x000000070f600000, 0x000000070f800000|  0%| F|  |TAMS 0x000000070f600000, 0x000000070f600000| Untracked 
|  88|0x000000070f800000, 0x000000070f800000, 0x000000070fa00000|  0%| F|  |TAMS 0x000000070f800000, 0x000000070f800000| Untracked 
|  89|0x000000070fa00000, 0x000000070fa00000, 0x000000070fc00000|  0%| F|  |TAMS 0x000000070fa00000, 0x000000070fa00000| Untracked 
|  90|0x000000070fc00000, 0x000000070fc00000, 0x000000070fe00000|  0%| F|  |TAMS 0x000000070fc00000, 0x000000070fc00000| Untracked 
|  91|0x000000070fe00000, 0x000000070fe00000, 0x0000000710000000|  0%| F|  |TAMS 0x000000070fe00000, 0x000000070fe00000| Untracked 
|  92|0x0000000710000000, 0x0000000710000000, 0x0000000710200000|  0%| F|  |TAMS 0x0000000710000000, 0x0000000710000000| Untracked 
|  93|0x0000000710200000, 0x0000000710200000, 0x0000000710400000|  0%| F|  |TAMS 0x0000000710200000, 0x0000000710200000| Untracked 
|  94|0x0000000710400000, 0x0000000710400000, 0x0000000710600000|  0%| F|  |TAMS 0x0000000710400000, 0x0000000710400000| Untracked 
|  95|0x0000000710600000, 0x0000000710600000, 0x0000000710800000|  0%| F|  |TAMS 0x0000000710600000, 0x0000000710600000| Untracked 
|  96|0x0000000710800000, 0x0000000710800000, 0x0000000710a00000|  0%| F|  |TAMS 0x0000000710800000, 0x0000000710800000| Untracked 
|  97|0x0000000710a00000, 0x0000000710a00000, 0x0000000710c00000|  0%| F|  |TAMS 0x0000000710a00000, 0x0000000710a00000| Untracked 
|  98|0x0000000710c00000, 0x0000000710c00000, 0x0000000710e00000|  0%| F|  |TAMS 0x0000000710c00000, 0x0000000710c00000| Untracked 
|  99|0x0000000710e00000, 0x0000000710e00000, 0x0000000711000000|  0%| F|  |TAMS 0x0000000710e00000, 0x0000000710e00000| Untracked 
| 100|0x0000000711000000, 0x0000000711000000, 0x0000000711200000|  0%| F|  |TAMS 0x0000000711000000, 0x0000000711000000| Untracked 
| 101|0x0000000711200000, 0x0000000711200000, 0x0000000711400000|  0%| F|  |TAMS 0x0000000711200000, 0x0000000711200000| Untracked 
| 102|0x0000000711400000, 0x0000000711400000, 0x0000000711600000|  0%| F|  |TAMS 0x0000000711400000, 0x0000000711400000| Untracked 
| 103|0x0000000711600000, 0x000000071163ec60, 0x0000000711800000| 12%| S|CS|TAMS 0x0000000711600000, 0x0000000711600000| Complete 
| 104|0x0000000711800000, 0x0000000711a00000, 0x0000000711a00000|100%| S|CS|TAMS 0x0000000711800000, 0x0000000711800000| Complete 
| 105|0x0000000711a00000, 0x0000000711c00000, 0x0000000711c00000|100%| S|CS|TAMS 0x0000000711a00000, 0x0000000711a00000| Complete 
| 106|0x0000000711c00000, 0x0000000711c00000, 0x0000000711e00000|  0%| F|  |TAMS 0x0000000711c00000, 0x0000000711c00000| Untracked 
| 107|0x0000000711e00000, 0x0000000711e00000, 0x0000000712000000|  0%| F|  |TAMS 0x0000000711e00000, 0x0000000711e00000| Untracked 
| 108|0x0000000712000000, 0x0000000712000000, 0x0000000712200000|  0%| F|  |TAMS 0x0000000712000000, 0x0000000712000000| Untracked 
| 109|0x0000000712200000, 0x0000000712200000, 0x0000000712400000|  0%| F|  |TAMS 0x0000000712200000, 0x0000000712200000| Untracked 
| 110|0x0000000712400000, 0x0000000712400000, 0x0000000712600000|  0%| F|  |TAMS 0x0000000712400000, 0x0000000712400000| Untracked 
| 111|0x0000000712600000, 0x0000000712600000, 0x0000000712800000|  0%| F|  |TAMS 0x0000000712600000, 0x0000000712600000| Untracked 
| 112|0x0000000712800000, 0x0000000712800000, 0x0000000712a00000|  0%| F|  |TAMS 0x0000000712800000, 0x0000000712800000| Untracked 
| 113|0x0000000712a00000, 0x0000000712a00000, 0x0000000712c00000|  0%| F|  |TAMS 0x0000000712a00000, 0x0000000712a00000| Untracked 
| 114|0x0000000712c00000, 0x0000000712c00000, 0x0000000712e00000|  0%| F|  |TAMS 0x0000000712c00000, 0x0000000712c00000| Untracked 
| 115|0x0000000712e00000, 0x0000000712e00000, 0x0000000713000000|  0%| F|  |TAMS 0x0000000712e00000, 0x0000000712e00000| Untracked 
| 116|0x0000000713000000, 0x0000000713000000, 0x0000000713200000|  0%| F|  |TAMS 0x0000000713000000, 0x0000000713000000| Untracked 
| 117|0x0000000713200000, 0x0000000713200000, 0x0000000713400000|  0%| F|  |TAMS 0x0000000713200000, 0x0000000713200000| Untracked 
| 118|0x0000000713400000, 0x0000000713400000, 0x0000000713600000|  0%| F|  |TAMS 0x0000000713400000, 0x0000000713400000| Untracked 
| 119|0x0000000713600000, 0x0000000713800000, 0x0000000713800000|100%| E|  |TAMS 0x0000000713600000, 0x0000000713600000| Complete 
| 120|0x0000000713800000, 0x0000000713a00000, 0x0000000713a00000|100%| E|CS|TAMS 0x0000000713800000, 0x0000000713800000| Complete 
| 121|0x0000000713a00000, 0x0000000713c00000, 0x0000000713c00000|100%| E|CS|TAMS 0x0000000713a00000, 0x0000000713a00000| Complete 
| 122|0x0000000713c00000, 0x0000000713e00000, 0x0000000713e00000|100%| E|CS|TAMS 0x0000000713c00000, 0x0000000713c00000| Complete 
| 123|0x0000000713e00000, 0x0000000714000000, 0x0000000714000000|100%| E|CS|TAMS 0x0000000713e00000, 0x0000000713e00000| Complete 
| 124|0x0000000714000000, 0x0000000714200000, 0x0000000714200000|100%| E|CS|TAMS 0x0000000714000000, 0x0000000714000000| Complete 
| 125|0x0000000714200000, 0x0000000714400000, 0x0000000714400000|100%| E|CS|TAMS 0x0000000714200000, 0x0000000714200000| Complete 

Card table byte_map: [0x00000208fe0e0000,0x00000208fe8c0000] _byte_map_base: 0x00000208fa8bc000

Marking Bits (Prev, Next): (CMBitMap*) 0x00000208fd03bd00, (CMBitMap*) 0x00000208fd03bd40
 Prev Bits: [0x0000020896a80000, 0x000002089a960000)
 Next Bits: [0x000002089a960000, 0x000002089e840000)

Polling page: 0x00000208fc780000

Metaspace:

Usage:
  Non-class:     15.33 MB used.
      Class:      1.98 MB used.
       Both:     17.31 MB used.

Virtual space:
  Non-class space:       64.00 MB reserved,      15.44 MB ( 24%) committed,  1 nodes.
      Class space:        1.00 GB reserved,       2.06 MB ( <1%) committed,  1 nodes.
             Both:        1.06 GB reserved,      17.50 MB (  2%) committed. 

Chunk freelists:
   Non-Class:  14.44 MB
       Class:  13.89 MB
        Both:  28.33 MB

MaxMetaspaceSize: unlimited
CompressedClassSpaceSize: 1.00 GB
Initial GC threshold: 21.00 MB
Current GC threshold: 21.00 MB
CDS: on
MetaspaceReclaimPolicy: balanced
 - commit_granule_bytes: 65536.
 - commit_granule_words: 8192.
 - virtual_space_node_default_size: 8388608.
 - enlarge_chunks_in_place: 1.
 - new_chunks_are_fully_committed: 0.
 - uncommit_free_chunks: 1.
 - use_allocation_guard: 0.
 - handle_deallocations: 1.


Internal statistics:

num_allocs_failed_limit: 0.
num_arena_births: 136.
num_arena_deaths: 0.
num_vsnodes_births: 2.
num_vsnodes_deaths: 0.
num_space_committed: 280.
num_space_uncommitted: 0.
num_chunks_returned_to_freelist: 0.
num_chunks_taken_from_freelist: 723.
num_chunk_merges: 0.
num_chunk_splits: 585.
num_chunks_enlarged: 511.
num_inconsistent_stats: 0.

CodeHeap 'non-profiled nmethods': size=119168Kb used=661Kb max_used=661Kb free=118506Kb
 bounds [0x000002088f620000, 0x000002088f890000, 0x0000020896a80000]
CodeHeap 'profiled nmethods': size=119104Kb used=3980Kb max_used=3980Kb free=115123Kb
 bounds [0x0000020887a80000, 0x0000020887e70000, 0x000002088eed0000]
CodeHeap 'non-nmethods': size=7488Kb used=1211Kb max_used=2901Kb free=6277Kb
 bounds [0x000002088eed0000, 0x000002088f1b0000, 0x000002088f620000]
 total_blobs=2531 nmethods=2019 adapters=424
 compilation: enabled
              stopped_count=0, restarted_count=0
 full_count=0

Compilation events (20 events):
Event: 6.521 Thread 0x00000208ffdc7f00 nmethod 2005 0x000002088f6c2e90 code [0x000002088f6c3020, 0x000002088f6c30f8]
Event: 6.521 Thread 0x00000208ffdc64f0 2006       4       jdk.internal.org.objectweb.asm.SymbolTable::put (150 bytes)
Event: 7.550 Thread 0x00000208ffdc64f0 nmethod 2006 0x000002088f6c3190 code [0x000002088f6c3320, 0x000002088f6c3b98]
Event: 7.557 Thread 0x00000208ffdc64f0 2007       4       java.lang.StringConcatHelper::newString (67 bytes)
Event: 7.559 Thread 0x00000208ffdc64f0 nmethod 2007 0x000002088f6c3e90 code [0x000002088f6c4020, 0x000002088f6c4118]
Event: 7.574 Thread 0x00000208ffdc64f0 2008       4       java.util.HashMap::get (19 bytes)
Event: 7.581 Thread 0x00000208ffdc64f0 nmethod 2008 0x000002088f6c4210 code [0x000002088f6c43c0, 0x000002088f6c46f8]
Event: 8.592 Thread 0x00000208ffdc7f00 2009       3       java.lang.invoke.MethodHandles$Lookup::isClassAccessible (53 bytes)
Event: 8.593 Thread 0x00000208ffdc7f00 nmethod 2009 0x0000020887e58790 code [0x0000020887e589a0, 0x0000020887e58f58]
Event: 8.593 Thread 0x00000208ffdc7f00 2010       3       java.lang.invoke.MethodHandleNatives::refKindIsMethod (19 bytes)
Event: 8.593 Thread 0x00000208ffdc7f00 nmethod 2010 0x0000020887e59190 code [0x0000020887e59340, 0x0000020887e59578]
Event: 8.594 Thread 0x00000208ffdc7f00 2011       3       jdk.internal.org.objectweb.asm.MethodWriter::visitMaxs (60 bytes)
Event: 8.594 Thread 0x00000208ffdc7f00 nmethod 2011 0x0000020887e59610 code [0x0000020887e597e0, 0x0000020887e59a98]
Event: 8.594 Thread 0x00000208ffdc7f00 2016       3       jdk.internal.org.objectweb.asm.Handler::putExceptionTable (63 bytes)
Event: 8.595 Thread 0x00000208ffdc7f00 nmethod 2016 0x0000020887e59b90 code [0x0000020887e59da0, 0x0000020887e5a228]
Event: 8.595 Thread 0x00000208ffdc7f00 2015       3       jdk.internal.org.objectweb.asm.MethodWriter::putMethodInfo (1274 bytes)
Event: 8.596 Thread 0x00000208ffdc64f0 2018       4       jdk.internal.org.objectweb.asm.ClassReader::readUnsignedShort (26 bytes)
Event: 8.597 Thread 0x00000208ffdc64f0 nmethod 2018 0x000002088f6c4a10 code [0x000002088f6c4b80, 0x000002088f6c4c58]
Event: 8.602 Thread 0x00000208ffdc7f00 nmethod 2015 0x0000020887e5a510 code [0x0000020887e5abe0, 0x0000020887e5d408]
Event: 8.602 Thread 0x00000208ffdc7f00 2013       3       jdk.internal.org.objectweb.asm.MethodWriter::computeMethodInfoSize (571 bytes)

GC Heap History (4 events):
Event: 0.467 GC heap before
{Heap before GC invocations=0 (full 0):
 garbage-first heap   total 258048K, used 24576K [0x0000000704800000, 0x0000000800000000)
  region size 2048K, 11 young (22528K), 0 survivors (0K)
 Metaspace       used 5625K, committed 5760K, reserved 1114112K
  class space    used 553K, committed 640K, reserved 1048576K
}
Event: 0.470 GC heap after
{Heap after GC invocations=1 (full 0):
 garbage-first heap   total 258048K, used 6559K [0x0000000704800000, 0x0000000800000000)
  region size 2048K, 2 young (4096K), 2 survivors (4096K)
 Metaspace       used 5625K, committed 5760K, reserved 1114112K
  class space    used 553K, committed 640K, reserved 1048576K
}
Event: 5.271 GC heap before
{Heap before GC invocations=1 (full 0):
 garbage-first heap   total 258048K, used 43423K [0x0000000704800000, 0x0000000800000000)
  region size 2048K, 20 young (40960K), 2 survivors (4096K)
 Metaspace       used 13736K, committed 13952K, reserved 1114112K
  class space    used 1562K, committed 1664K, reserved 1048576K
}
Event: 5.276 GC heap after
{Heap after GC invocations=2 (full 0):
 garbage-first heap   total 258048K, used 8443K [0x0000000704800000, 0x0000000800000000)
  region size 2048K, 3 young (6144K), 3 survivors (6144K)
 Metaspace       used 13736K, committed 13952K, reserved 1114112K
  class space    used 1562K, committed 1664K, reserved 1048576K
}

Dll operation events (6 events):
Event: 0.008 Loaded shared library C:\Program Files\Microsoft\jdk-17.0.14.7-hotspot\bin\java.dll
Event: 0.039 Loaded shared library C:\Program Files\Microsoft\jdk-17.0.14.7-hotspot\bin\jsvml.dll
Event: 0.086 Loaded shared library C:\Program Files\Microsoft\jdk-17.0.14.7-hotspot\bin\net.dll
Event: 0.087 Loaded shared library C:\Program Files\Microsoft\jdk-17.0.14.7-hotspot\bin\nio.dll
Event: 0.114 Loaded shared library C:\Program Files\Microsoft\jdk-17.0.14.7-hotspot\bin\zip.dll
Event: 0.137 Loaded shared library C:\Program Files\Microsoft\jdk-17.0.14.7-hotspot\bin\jimage.dll

Deoptimization events (20 events):
Event: 4.133 Thread 0x00000208fcfcba30 Uncommon trap: trap_request=0xffffff45 fr.pc=0x000002088f69b3dc relative=0x000000000000005c
Event: 4.133 Thread 0x00000208fcfcba30 Uncommon trap: reason=unstable_if action=reinterpret pc=0x000002088f69b3dc method=jdk.internal.loader.URLClassPath$JarLoader.ensureOpen()V @ 4 c2
Event: 4.134 Thread 0x00000208fcfcba30 DEOPT PACKING pc=0x000002088f69b3dc sp=0x0000005ce12fd7a0
Event: 4.134 Thread 0x00000208fcfcba30 DEOPT UNPACKING pc=0x000002088ef269a3 sp=0x0000005ce12fd738 mode 2
Event: 5.287 Thread 0x00000208fcfcba30 Uncommon trap: trap_request=0xffffffde fr.pc=0x000002088f6afab4 relative=0x0000000000000114
Event: 5.287 Thread 0x00000208fcfcba30 Uncommon trap: reason=class_check action=maybe_recompile pc=0x000002088f6afab4 method=jdk.internal.misc.Unsafe.allocateUninitializedArray(Ljava/lang/Class;I)Ljava/lang/Object; @ 51 c2
Event: 5.287 Thread 0x00000208fcfcba30 DEOPT PACKING pc=0x000002088f6afab4 sp=0x0000005ce12fa510
Event: 5.287 Thread 0x00000208fcfcba30 DEOPT UNPACKING pc=0x000002088ef269a3 sp=0x0000005ce12fa498 mode 2
Event: 5.287 Thread 0x00000208fcfcba30 Uncommon trap: trap_request=0xffffffde fr.pc=0x000002088f6afab4 relative=0x0000000000000114
Event: 5.287 Thread 0x00000208fcfcba30 Uncommon trap: reason=class_check action=maybe_recompile pc=0x000002088f6afab4 method=jdk.internal.misc.Unsafe.allocateUninitializedArray(Ljava/lang/Class;I)Ljava/lang/Object; @ 51 c2
Event: 5.287 Thread 0x00000208fcfcba30 DEOPT PACKING pc=0x000002088f6afab4 sp=0x0000005ce12fa0d0
Event: 5.287 Thread 0x00000208fcfcba30 DEOPT UNPACKING pc=0x000002088ef269a3 sp=0x0000005ce12fa058 mode 2
Event: 5.288 Thread 0x00000208fcfcba30 Uncommon trap: trap_request=0xffffffde fr.pc=0x000002088f6afab4 relative=0x0000000000000114
Event: 5.288 Thread 0x00000208fcfcba30 Uncommon trap: reason=class_check action=maybe_recompile pc=0x000002088f6afab4 method=jdk.internal.misc.Unsafe.allocateUninitializedArray(Ljava/lang/Class;I)Ljava/lang/Object; @ 51 c2
Event: 5.288 Thread 0x00000208fcfcba30 DEOPT PACKING pc=0x000002088f6afab4 sp=0x0000005ce12fa450
Event: 5.288 Thread 0x00000208fcfcba30 DEOPT UNPACKING pc=0x000002088ef269a3 sp=0x0000005ce12fa3d8 mode 2
Event: 5.288 Thread 0x00000208fcfcba30 Uncommon trap: trap_request=0xffffffde fr.pc=0x000002088f6afab4 relative=0x0000000000000114
Event: 5.288 Thread 0x00000208fcfcba30 Uncommon trap: reason=class_check action=maybe_recompile pc=0x000002088f6afab4 method=jdk.internal.misc.Unsafe.allocateUninitializedArray(Ljava/lang/Class;I)Ljava/lang/Object; @ 51 c2
Event: 5.288 Thread 0x00000208fcfcba30 DEOPT PACKING pc=0x000002088f6afab4 sp=0x0000005ce12fa030
Event: 5.288 Thread 0x00000208fcfcba30 DEOPT UNPACKING pc=0x000002088ef269a3 sp=0x0000005ce12f9fb8 mode 2

Classes loaded (20 events):
Event: 5.437 Loading class java/text/ParseException
Event: 5.437 Loading class java/text/ParseException done
Event: 5.437 Loading class javax/xml/stream/XMLStreamException
Event: 5.437 Loading class javax/xml/stream/XMLStreamException done
Event: 5.441 Loading class javax/xml/stream/Location
Event: 5.441 Loading class javax/xml/stream/Location done
Event: 5.441 Loading class javax/xml/namespace/NamespaceContext
Event: 5.441 Loading class javax/xml/namespace/NamespaceContext done
Event: 5.441 Loading class javax/xml/stream/XMLStreamConstants
Event: 5.441 Loading class javax/xml/stream/XMLStreamConstants done
Event: 5.444 Loading class java/io/CharConversionException
Event: 5.444 Loading class java/io/CharConversionException done
Event: 5.445 Loading class javax/xml/stream/XMLStreamReader
Event: 5.445 Loading class javax/xml/stream/XMLStreamReader done
Event: 5.465 Loading class javax/swing/Icon
Event: 5.465 Loading class javax/swing/Icon done
Event: 5.465 Loading class sun/invoke/util/VerifyAccess$1
Event: 5.465 Loading class sun/invoke/util/VerifyAccess$1 done
Event: 5.486 Loading class java/util/concurrent/atomic/AtomicReferenceArray
Event: 5.486 Loading class java/util/concurrent/atomic/AtomicReferenceArray done

Classes unloaded (0 events):
No events

Classes redefined (0 events):
No events

Internal exceptions (20 events):
Event: 5.242 Thread 0x00000208fcfcba30 Exception <a 'java/lang/NoSuchMethodError'{0x0000000711c723c8}: 'java.lang.Object java.lang.invoke.DirectMethodHandle$Holder.invokeStaticInit(java.lang.Object, int)'> (0x0000000711c723c8) 
thrown [s\src\hotspot\share\interpreter\linkResolver.cpp, line 759]
Event: 5.243 Thread 0x00000208fcfcba30 Exception <a 'java/lang/NoSuchMethodError'{0x0000000711c7f0a8}: 'java.lang.Object java.lang.invoke.DirectMethodHandle$Holder.invokeInterface(java.lang.Object, java.lang.Object)'> (0x0000000711c7f0a8) 
thrown [s\src\hotspot\share\interpreter\linkResolver.cpp, line 759]
Event: 5.263 Thread 0x00000208fcfcba30 Exception <a 'java/lang/NoSuchMethodError'{0x0000000711da2230}: 'long java.lang.invoke.DirectMethodHandle$Holder.invokeStatic(java.lang.Object)'> (0x0000000711da2230) 
thrown [s\src\hotspot\share\interpreter\linkResolver.cpp, line 759]
Event: 5.264 Thread 0x00000208fcfcba30 Exception <a 'java/lang/NoSuchMethodError'{0x0000000711da5988}: 'long java.lang.invoke.DirectMethodHandle$Holder.invokeStaticInit(java.lang.Object)'> (0x0000000711da5988) 
thrown [s\src\hotspot\share\interpreter\linkResolver.cpp, line 759]
Event: 5.305 Thread 0x00000208fcfcba30 Exception <a 'java/lang/NoSuchMethodError'{0x000000071434ed60}: 'int java.lang.invoke.DirectMethodHandle$Holder.invokeStaticInit(java.lang.Object, java.lang.Object, java.lang.Object, java.lang.Object)'> (0x000000071434ed60) 
thrown [s\src\hotspot\share\interpreter\linkResolver.cpp, line 759]
Event: 5.328 Thread 0x00000208fcfcba30 Exception <a 'java/lang/NoSuchMethodError'{0x00000007141508e0}: 'long java.lang.invoke.Invokers$Holder.invoke_MT(java.lang.Object, java.lang.Object, java.lang.Object, java.lang.Object)'> (0x00000007141508e0) 
thrown [s\src\hotspot\share\interpreter\linkResolver.cpp, line 759]
Event: 5.330 Thread 0x00000208fcfcba30 Exception <a 'java/lang/NoSuchMethodError'{0x000000071415bf40}: 'int java.lang.invoke.DirectMethodHandle$Holder.invokeSpecial(java.lang.Object, java.lang.Object, java.lang.Object)'> (0x000000071415bf40) 
thrown [s\src\hotspot\share\interpreter\linkResolver.cpp, line 759]
Event: 5.330 Thread 0x00000208fcfcba30 Exception <a 'java/lang/NoSuchMethodError'{0x000000071415fc30}: 'int java.lang.invoke.DirectMethodHandle$Holder.invokeSpecial(java.lang.Object, java.lang.Object, java.lang.Object, java.lang.Object)'> (0x000000071415fc30) 
thrown [s\src\hotspot\share\interpreter\linkResolver.cpp, line 759]
Event: 5.331 Thread 0x00000208fcfcba30 Exception <a 'java/lang/NoSuchMethodError'{0x0000000714163298}: 'int java.lang.invoke.Invokers$Holder.invoke_MT(java.lang.Object, java.lang.Object, java.lang.Object, java.lang.Object)'> (0x0000000714163298) 
thrown [s\src\hotspot\share\interpreter\linkResolver.cpp, line 759]
Event: 5.333 Thread 0x00000208fcfcba30 Exception <a 'java/lang/NoSuchMethodError'{0x0000000714172820}: 'void java.lang.invoke.DelegatingMethodHandle$Holder.reinvoke_L(java.lang.Object, java.lang.Object, java.lang.Object, long, java.lang.Object)'> (0x0000000714172820) 
thrown [s\src\hotspot\share\interpreter\linkResolver.cpp, line 759]
Event: 5.334 Thread 0x00000208fcfcba30 Exception <a 'java/lang/NoSuchMethodError'{0x000000071417a458}: 'java.lang.Object java.lang.invoke.DirectMethodHandle$Holder.invokeSpecial(java.lang.Object, java.lang.Object, java.lang.Object, java.lang.Object, long)'> (0x000000071417a458) 
thrown [s\src\hotspot\share\interpreter\linkResolver.cpp, line 759]
Event: 5.336 Thread 0x00000208fcfcba30 Exception <a 'java/lang/NoSuchMethodError'{0x0000000714189940}: 'int java.lang.invoke.DelegatingMethodHandle$Holder.reinvoke_L(java.lang.Object, java.lang.Object, java.lang.Object, long, java.lang.Object, java.lang.Object)'> (0x0000000714189940) 
thrown [s\src\hotspot\share\interpreter\linkResolver.cpp, line 759]
Event: 5.337 Thread 0x00000208fcfcba30 Exception <a 'java/lang/NoSuchMethodError'{0x00000007141984d0}: 'int java.lang.invoke.DelegatingMethodHandle$Holder.reinvoke_L(java.lang.Object, java.lang.Object, java.lang.Object, long, int, int)'> (0x00000007141984d0) 
thrown [s\src\hotspot\share\interpreter\linkResolver.cpp, line 759]
Event: 5.340 Thread 0x00000208fcfcba30 Exception <a 'java/lang/NoSuchMethodError'{0x00000007141a6e08}: 'int java.lang.invoke.DelegatingMethodHandle$Holder.reinvoke_L(java.lang.Object, java.lang.Object, java.lang.Object, long, long, long)'> (0x00000007141a6e08) 
thrown [s\src\hotspot\share\interpreter\linkResolver.cpp, line 759]
Event: 5.341 Thread 0x00000208fcfcba30 Exception <a 'java/lang/NoSuchMethodError'{0x00000007141b5420}: 'int java.lang.invoke.DelegatingMethodHandle$Holder.reinvoke_L(java.lang.Object, java.lang.Object, java.lang.Object, long, int)'> (0x00000007141b5420) 
thrown [s\src\hotspot\share\interpreter\linkResolver.cpp, line 759]
Event: 5.355 Thread 0x00000208fcfcba30 Exception <a 'java/lang/NoSuchMethodError'{0x0000000713e5d170}: 'int java.lang.invoke.DirectMethodHandle$Holder.invokeStaticInit(java.lang.Object, java.lang.Object, java.lang.Object)'> (0x0000000713e5d170) 
thrown [s\src\hotspot\share\interpreter\linkResolver.cpp, line 759]
Event: 5.359 Thread 0x00000208fcfcba30 Exception <a 'java/lang/NoSuchMethodError'{0x0000000713e85b38}: 'int java.lang.invoke.DirectMethodHandle$Holder.invokeStaticInit(java.lang.Object, java.lang.Object)'> (0x0000000713e85b38) 
thrown [s\src\hotspot\share\interpreter\linkResolver.cpp, line 759]
Event: 5.374 Thread 0x00000208fcfcba30 Exception <a 'java/lang/NoSuchMethodError'{0x0000000713f64f30}: 'void java.lang.invoke.DirectMethodHandle$Holder.invokeSpecial(java.lang.Object, java.lang.Object, java.lang.Object)'> (0x0000000713f64f30) 
thrown [s\src\hotspot\share\interpreter\linkResolver.cpp, line 759]
Event: 5.462 Thread 0x00000208fcfcba30 Exception <a 'java/lang/NoSuchMethodError'{0x0000000713a8b070}: 'void java.lang.invoke.DirectMethodHandle$Holder.invokeStatic(java.lang.Object, java.lang.Object, java.lang.Object, java.lang.Object)'> (0x0000000713a8b070) 
thrown [s\src\hotspot\share\interpreter\linkResolver.cpp, line 759]
Event: 8.592 Thread 0x00000208fcfcba30 Exception <a 'java/lang/NoSuchMethodError'{0x00000007136495e8}: 'void java.lang.invoke.DirectMethodHandle$Holder.invokeStaticInit(java.lang.Object, java.lang.Object)'> (0x00000007136495e8) 
thrown [s\src\hotspot\share\interpreter\linkResolver.cpp, line 759]

VM Operations (20 events):
Event: 0.894 Executing VM operation: HandshakeAllThreads
Event: 0.894 Executing VM operation: HandshakeAllThreads done
Event: 0.940 Executing VM operation: HandshakeAllThreads
Event: 0.940 Executing VM operation: HandshakeAllThreads done
Event: 1.946 Executing VM operation: Cleanup
Event: 1.946 Executing VM operation: Cleanup done
Event: 2.958 Executing VM operation: Cleanup
Event: 4.096 Executing VM operation: Cleanup done
Event: 5.104 Executing VM operation: Cleanup
Event: 5.199 Executing VM operation: Cleanup done
Event: 5.225 Executing VM operation: HandshakeAllThreads
Event: 5.225 Executing VM operation: HandshakeAllThreads done
Event: 5.271 Executing VM operation: G1CollectForAllocation
Event: 5.276 Executing VM operation: G1CollectForAllocation done
Event: 6.290 Executing VM operation: Cleanup
Event: 6.506 Executing VM operation: Cleanup done
Event: 6.517 Executing VM operation: HandshakeAllThreads
Event: 6.517 Executing VM operation: HandshakeAllThreads done
Event: 8.528 Executing VM operation: Cleanup
Event: 8.528 Executing VM operation: Cleanup done

Memory protections (0 events):
No events

Nmethod flushes (0 events):
No events

Events (20 events):
Event: 0.049 Thread 0x00000208fcfcba30 Thread added: 0x00000208ffdbdaa0
Event: 0.050 Thread 0x00000208fcfcba30 Thread added: 0x00000208ffdc0470
Event: 0.050 Thread 0x00000208fcfcba30 Thread added: 0x00000208ffdc0e30
Event: 0.050 Thread 0x00000208fcfcba30 Thread added: 0x00000208ffdc5800
Event: 0.050 Thread 0x00000208fcfcba30 Thread added: 0x00000208ffdc64f0
Event: 0.050 Thread 0x00000208fcfcba30 Thread added: 0x00000208ffdc7f00
Event: 0.050 Thread 0x00000208fcfcba30 Thread added: 0x00000208ffdd4f40
Event: 0.075 Thread 0x00000208ffdc7f00 Thread added: 0x00000208a0be8cf0
Event: 0.075 Thread 0x00000208ffdc7f00 Thread added: 0x00000208a0bea220
Event: 0.077 Thread 0x00000208fcfcba30 Thread added: 0x00000208a0c0a9f0
Event: 0.083 Thread 0x00000208fcfcba30 Thread added: 0x00000208a0c10370
Event: 0.106 Thread 0x00000208ffdc64f0 Thread added: 0x00000208a0c4ec80
Event: 0.340 Thread 0x00000208ffdc7f00 Thread added: 0x00000208e6127f50
Event: 0.585 Thread 0x00000208e6127f50 Thread added: 0x00000208e660a220
Event: 4.114 Thread 0x00000208e660a220 Thread exited: 0x00000208e660a220
Event: 4.114 Thread 0x00000208e6127f50 Thread exited: 0x00000208e6127f50
Event: 5.206 Thread 0x00000208a0bea220 Thread exited: 0x00000208a0bea220
Event: 5.206 Thread 0x00000208a0c4ec80 Thread exited: 0x00000208a0c4ec80
Event: 5.209 Thread 0x00000208a0be8cf0 Thread exited: 0x00000208a0be8cf0
Event: 5.336 Thread 0x00000208ffdc7f00 Thread added: 0x00000208e663a210


Dynamic libraries:
0x00007ff639330000 - 0x00007ff63933e000 	C:\Program Files\Microsoft\jdk-17.0.14.7-hotspot\bin\java.exe
0x00007ffc97400000 - 0x00007ffc97666000 	C:\WINDOWS\SYSTEM32\ntdll.dll
0x00007ffc96980000 - 0x00007ffc96a49000 	C:\WINDOWS\System32\KERNEL32.DLL
0x00007ffc94b00000 - 0x00007ffc94ecc000 	C:\WINDOWS\System32\KERNELBASE.dll
0x00007ffc94910000 - 0x00007ffc94a5b000 	C:\WINDOWS\System32\ucrtbase.dll
0x00007ffc51270000 - 0x00007ffc5128d000 	C:\Program Files\Microsoft\jdk-17.0.14.7-hotspot\bin\VCRUNTIME140.dll
0x00007ffc52260000 - 0x00007ffc52277000 	C:\Program Files\Microsoft\jdk-17.0.14.7-hotspot\bin\jli.dll
0x00007ffc95f00000 - 0x00007ffc960ca000 	C:\WINDOWS\System32\USER32.dll
0x00007ffc7a280000 - 0x00007ffc7a51a000 	C:\WINDOWS\WinSxS\amd64_microsoft.windows.common-controls_6595b64144ccf1df_6.0.26100.3912_none_3e07963ce335137e\COMCTL32.dll
0x00007ffc95010000 - 0x00007ffc95037000 	C:\WINDOWS\System32\win32u.dll
0x00007ffc954d0000 - 0x00007ffc95579000 	C:\WINDOWS\System32\msvcrt.dll
0x00007ffc95640000 - 0x00007ffc9566b000 	C:\WINDOWS\System32\GDI32.dll
0x00007ffc947d0000 - 0x00007ffc94902000 	C:\WINDOWS\System32\gdi32full.dll
0x00007ffc94f60000 - 0x00007ffc95003000 	C:\WINDOWS\System32\msvcp_win.dll
0x00007ffc97380000 - 0x00007ffc973b0000 	C:\WINDOWS\System32\IMM32.DLL
0x00007ffc6cad0000 - 0x00007ffc6cadc000 	C:\Program Files\Microsoft\jdk-17.0.14.7-hotspot\bin\vcruntime140_1.dll
0x00007ffc377e0000 - 0x00007ffc3786d000 	C:\Program Files\Microsoft\jdk-17.0.14.7-hotspot\bin\msvcp140.dll
0x00007ffc0a3c0000 - 0x00007ffc0b032000 	C:\Program Files\Microsoft\jdk-17.0.14.7-hotspot\bin\server\jvm.dll
0x00007ffc95580000 - 0x00007ffc95632000 	C:\WINDOWS\System32\ADVAPI32.dll
0x00007ffc951c0000 - 0x00007ffc95266000 	C:\WINDOWS\System32\sechost.dll
0x00007ffc952a0000 - 0x00007ffc953b6000 	C:\WINDOWS\System32\RPCRT4.dll
0x00007ffc95450000 - 0x00007ffc954c4000 	C:\WINDOWS\System32\WS2_32.dll
0x00007ffc82f80000 - 0x00007ffc82f8b000 	C:\WINDOWS\SYSTEM32\VERSION.dll
0x00007ffc8a320000 - 0x00007ffc8a356000 	C:\WINDOWS\SYSTEM32\WINMM.dll
0x00007ffc943e0000 - 0x00007ffc9443e000 	C:\WINDOWS\SYSTEM32\POWRPROF.dll
0x00007ffc943c0000 - 0x00007ffc943d4000 	C:\WINDOWS\SYSTEM32\UMPDC.dll
0x00007ffc93350000 - 0x00007ffc9336a000 	C:\WINDOWS\SYSTEM32\kernel.appcore.dll
0x00007ffc6ca30000 - 0x00007ffc6ca3a000 	C:\Program Files\Microsoft\jdk-17.0.14.7-hotspot\bin\jimage.dll
0x00007ffc91d90000 - 0x00007ffc91fd1000 	C:\WINDOWS\SYSTEM32\DBGHELP.DLL
0x00007ffc96230000 - 0x00007ffc965b4000 	C:\WINDOWS\System32\combase.dll
0x00007ffc96140000 - 0x00007ffc96220000 	C:\WINDOWS\System32\OLEAUT32.dll
0x00007ffc6c860000 - 0x00007ffc6c899000 	C:\WINDOWS\SYSTEM32\dbgcore.DLL
0x00007ffc94a60000 - 0x00007ffc94af9000 	C:\WINDOWS\System32\bcryptPrimitives.dll
0x00007ffc51240000 - 0x00007ffc51265000 	C:\Program Files\Microsoft\jdk-17.0.14.7-hotspot\bin\java.dll
0x00007ffc2ca10000 - 0x00007ffc2cae7000 	C:\Program Files\Microsoft\jdk-17.0.14.7-hotspot\bin\jsvml.dll
0x00007ffc96c50000 - 0x00007ffc9737d000 	C:\WINDOWS\System32\SHELL32.dll
0x00007ffc94650000 - 0x00007ffc947c4000 	C:\WINDOWS\System32\wintypes.dll
0x00007ffc92200000 - 0x00007ffc92a56000 	C:\WINDOWS\SYSTEM32\windows.storage.dll
0x00007ffc95bb0000 - 0x00007ffc95c9f000 	C:\WINDOWS\System32\SHCORE.dll
0x00007ffc960d0000 - 0x00007ffc96139000 	C:\WINDOWS\System32\shlwapi.dll
0x00007ffc944a0000 - 0x00007ffc944cf000 	C:\WINDOWS\SYSTEM32\profapi.dll
0x00007ffc4e1e0000 - 0x00007ffc4e1fa000 	C:\Program Files\Microsoft\jdk-17.0.14.7-hotspot\bin\net.dll
0x00007ffc8d620000 - 0x00007ffc8d73e000 	C:\WINDOWS\SYSTEM32\WINHTTP.dll
0x00007ffc938c0000 - 0x00007ffc9392a000 	C:\WINDOWS\system32\mswsock.dll
0x00007ffc4e120000 - 0x00007ffc4e136000 	C:\Program Files\Microsoft\jdk-17.0.14.7-hotspot\bin\nio.dll
0x00007ffc4e100000 - 0x00007ffc4e118000 	C:\Program Files\Microsoft\jdk-17.0.14.7-hotspot\bin\zip.dll

dbghelp: loaded successfully - version: 4.0.5 - missing functions: none
symbol engine: initialized successfully - sym options: 0x614 - pdb path: .;C:\Program Files\Microsoft\jdk-17.0.14.7-hotspot\bin;C:\WINDOWS\SYSTEM32;C:\WINDOWS\WinSxS\amd64_microsoft.windows.common-controls_6595b64144ccf1df_6.0.26100.3912_none_3e07963ce335137e;C:\Program Files\Microsoft\jdk-17.0.14.7-hotspot\bin\server

VM Arguments:
java_command: org.jetbrains.kotlin.cli.jvm.K2JVMCompiler @E:\priya\kharrrchu\latest_kharchaji-\app\build\20250517_16984916215121845308.compiler.options
java_class_path (initial): C:\Users\Abhishek soni\.gradle\caches\modules-2\files-2.1\org.jetbrains.kotlin\kotlin-compiler-embeddable\1.9.0\2c8c3a7402becca891f12739b3e9fd2dc2adbd7a\kotlin-compiler-embeddable-1.9.0.jar;C:\Users\Abhishek soni\.gradle\caches\modules-2\files-2.1\org.jetbrains.kotlin\kotlin-stdlib\1.9.0\8ee15ef0c67dc83d874f412d84378d7f0eb50b63\kotlin-stdlib-1.9.0.jar;C:\Users\Abhishek soni\.gradle\caches\modules-2\files-2.1\org.jetbrains.kotlin\kotlin-script-runtime\1.9.0\4b3102cbbb7e1b58d9d1adf89563f00069ffa7d1\kotlin-script-runtime-1.9.0.jar;C:\Users\Abhishek soni\.gradle\caches\modules-2\files-2.1\org.jetbrains.kotlin\kotlin-reflect\1.6.10\1cbe9c92c12a94eea200d23c2bbaedaf3daf5132\kotlin-reflect-1.6.10.jar;C:\Users\Abhishek soni\.gradle\caches\modules-2\files-2.1\org.jetbrains.kotlin\kotlin-daemon-embeddable\1.9.0\186543f5e28cf8d9a0290fecc2cf34301c40a65c\kotlin-daemon-embeddable-1.9.0.jar;C:\Users\Abhishek soni\.gradle\caches\modules-2\files-2.1\org.jetbrains.intellij.deps\trove4j\1.0.20200330\3afb14d5f9ceb459d724e907a21145e8ff394f02\trove4j-1.0.20200330.jar;C:\Users\Abhishek soni\.gradle\caches\modules-2\files-2.1\org.jetbrains.kotlin\kotlin-stdlib-common\1.9.0\cd65c21cfd1eec4d44ef09f9f52b6d9f8a720636\kotlin-stdlib-common-1.9.0.jar;C:\Users\Abhishek soni\.gradle\caches\modules-2\files-2.1\org.jetbrains\annotations\13.0\919f0dfe192fb4e063e7dacadee7f8bb9a2672a9\annotations-13.0.jar
Launcher Type: SUN_STANDARD

[Global flags]
     intx CICompilerCount                          = 12                                        {product} {ergonomic}
     uint ConcGCThreads                            = 3                                         {product} {ergonomic}
     uint G1ConcRefinementThreads                  = 13                                        {product} {ergonomic}
   size_t G1HeapRegionSize                         = 2097152                                   {product} {ergonomic}
    uintx GCDrainStackTargetSize                   = 64                                        {product} {ergonomic}
   size_t InitialHeapSize                          = 264241152                                 {product} {ergonomic}
   size_t MarkStackSize                            = 4194304                                   {product} {ergonomic}
   size_t MaxHeapSize                              = 4219469824                                {product} {ergonomic}
   size_t MaxNewSize                               = 2531262464                                {product} {ergonomic}
   size_t MinHeapDeltaBytes                        = 2097152                                   {product} {ergonomic}
   size_t MinHeapSize                              = 8388608                                   {product} {ergonomic}
    uintx NonNMethodCodeHeapSize                   = 7602480                                {pd product} {ergonomic}
    uintx NonProfiledCodeHeapSize                  = 122027880                              {pd product} {ergonomic}
    uintx ProfiledCodeHeapSize                     = 122027880                              {pd product} {ergonomic}
    uintx ReservedCodeCacheSize                    = 251658240                              {pd product} {ergonomic}
     bool SegmentedCodeCache                       = true                                      {product} {ergonomic}
   size_t SoftMaxHeapSize                          = 4219469824                             {manageable} {ergonomic}
     bool UseCompressedClassPointers               = true                           {product lp64_product} {ergonomic}
     bool UseCompressedOops                        = true                           {product lp64_product} {ergonomic}
     bool UseG1GC                                  = true                                      {product} {ergonomic}
     bool UseLargePagesIndividualAllocation        = false                                  {pd product} {ergonomic}

Logging:
Log output configuration:
 #0: stdout all=warning uptime,level,tags
 #1: stderr all=off uptime,level,tags

Environment Variables:
JAVA_HOME=C:\Program Files\Microsoft\jdk-17.0.14.7-hotspot
CLASSPATH=E:\priya\kharrrchu\latest_kharchaji-\\gradle\wrapper\gradle-wrapper.jar
PATH=C:\Program Files\PowerShell\7;C:\scrcpy-win32-v3.1;C:\src\flutter\bin;C:\androids\platform-tools;C:\AndroidSDK\cmdline-tools\latest\bin;C:\Program Files\Microsoft\jdk-17.0.14.7-hotspot\bin;C:\Program Files\Microsoft\jdk-17.0.14.7-hotspot\bin;C:\Program Files\WindowsApps\Microsoft.DesktopAppInstaller_1.24.25200.0_x64__8wekyb3d8bbwe;c:\Users\Abhishek soni\AppData\Local\Programs\cursor\resources\app\bin;C:\Program Files\Microsoft\jdk-17.0.10.7-hotspot\\bin;C:\Users\Abhishek soni\AppData\Local\Android\Sdk;C:\Users\Abhishek soni\AppData\Local\Android\Sdk\platform-tools;C:\Program Files\nodejs;C:\WINDOWS\system32;C:\WINDOWS;C:\WINDOWS\System32\Wbem;C:\WINDOWS\System32\WindowsPowerShell\v1.0\;C:\WINDOWS\System32\OpenSSH\;C:\Program Files\dotnet\;C:\MinGW\bin;E:\Aakash itr\platform-tools_r34.0.1-windows\platform-tools;C:\ProgramData\chocolatey\bin;C:\Program Files\nodejs\;C:\Program Files\Git\cmd;C:\Program Files (x86)\Microsoft SQL Server\160\Tools\Binn\;C:\Program Files\Microsoft SQL Server\160\Tools\Binn\;C:\Program Files\Microsoft SQL Server\Client SDK\ODBC\170\Tools\Binn\;C:\Program Files\Microsoft SQL Server\160\DTS\Binn\;C:\Program Files\Microsoft\jdk-17.0.14.7-hotspot;C:\Program Files\PowerShell\7\;C:\Users\Abhishek soni\AppData\Local\Programs\Python\Python313\Scripts\;C:\Users\Abhishek soni\AppData\Local\Programs\Python\Python313\;E:\trucckkk\Go_rider_passenger_app\flutter\flutter\bin;C:\Users\Abhishek soni\AppData\Local\Programs\Microsoft VS Code\bin;C:\Program Files\Tesseract-OCR;E:\codekamaal\my_first_app\flutter\bin;C:\Users\Abhishek soni\AppData\Local\Microsoft\WindowsApps;C:\Users\Abhishek soni\AppData\Local\Microsoft\WinGet\Packages\Genymobile.scrcpy_Microsoft.Winget.Source_8wekyb3d8bbwe\scrcpy-win64-v3.1;C:\Program Files\WindowsApps\Microsoft.DesktopAppInstaller_1.25.320.0_x64__8wekyb3d8bbwe;C:\Windows\System32
USERNAME=Abhishek soni
LANG=en_US.UTF-8
OS=Windows_NT
PROCESSOR_IDENTIFIER=Intel64 Family 6 Model 154 Stepping 3, GenuineIntel
TMP=C:\Users\Abhishek soni\AppData\Local\Temp
TEMP=C:\Users\Abhishek soni\AppData\Local\Temp



Periodic native trim disabled


---------------  S Y S T E M  ---------------

OS:
 Windows 11 , 64 bit Build 26100 (10.0.26100.3912)
OS uptime: 1 days 3:09 hours
Hyper-V role detected

CPU: total 16 (initial active 16) (8 cores per cpu, 2 threads per core) family 6 model 154 stepping 3 microcode 0x435, cx8, cmov, fxsr, ht, mmx, 3dnowpref, sse, sse2, sse3, ssse3, sse4.1, sse4.2, popcnt, lzcnt, tsc, tscinvbit, avx, avx2, aes, erms, clmul, bmi1, bmi2, adx, sha, fma, vzeroupper, clflush, clflushopt, clwb, hv
Processor Information for processor 0
  Max Mhz: 2500, Current Mhz: 2500, Mhz Limit: 2500
Processor Information for processor 1
  Max Mhz: 2500, Current Mhz: 2500, Mhz Limit: 2500
Processor Information for processor 2
  Max Mhz: 2500, Current Mhz: 2500, Mhz Limit: 2500
Processor Information for processor 3
  Max Mhz: 2500, Current Mhz: 2500, Mhz Limit: 2500
Processor Information for processor 4
  Max Mhz: 2500, Current Mhz: 2500, Mhz Limit: 2500
Processor Information for processor 5
  Max Mhz: 2500, Current Mhz: 2500, Mhz Limit: 2500
Processor Information for processor 6
  Max Mhz: 2500, Current Mhz: 2500, Mhz Limit: 2500
Processor Information for processor 7
  Max Mhz: 2500, Current Mhz: 2500, Mhz Limit: 2500
Processor Information for processor 8
  Max Mhz: 2500, Current Mhz: 1500, Mhz Limit: 1800
Processor Information for processor 9
  Max Mhz: 2500, Current Mhz: 1800, Mhz Limit: 1800
Processor Information for processor 10
  Max Mhz: 2500, Current Mhz: 1500, Mhz Limit: 1800
Processor Information for processor 11
  Max Mhz: 2500, Current Mhz: 1500, Mhz Limit: 1800
Processor Information for processor 12
  Max Mhz: 2500, Current Mhz: 1500, Mhz Limit: 1800
Processor Information for processor 13
  Max Mhz: 2500, Current Mhz: 1500, Mhz Limit: 1800
Processor Information for processor 14
  Max Mhz: 2500, Current Mhz: 1500, Mhz Limit: 1800
Processor Information for processor 15
  Max Mhz: 2500, Current Mhz: 1500, Mhz Limit: 1800

Memory: 4k page, system-wide physical 16095M (2094M free)
TotalPageFile size 23095M (AvailPageFile size 5M)
current process WorkingSet (physical memory assigned to process): 128M, peak: 128M
current process commit charge ("private bytes"): 392M, peak: 392M

vm_info: OpenJDK 64-Bit Server VM (17.0.14+7-LTS) for windows-amd64 JRE (17.0.14+7-LTS), built on Jan  8 2025 23:39:28 by "MicrosoftCorporation" with unknown MS VC++:1939

END.
