#
# There is insufficient memory for the Java Runtime Environment to continue.
# Native memory allocation (malloc) failed to allocate 1722352 bytes. Error detail: Chunk::new
# Possible reasons:
#   The system is out of physical RAM or swap space
#   This process is running with CompressedOops enabled, and the Java Heap may be blocking the growth of the native heap
# Possible solutions:
#   Reduce memory load on the system
#   Increase physical memory or swap space
#   Check if swap backing store is full
#   Decrease Java heap size (-Xmx/-Xms)
#   Decrease number of Java threads
#   Decrease Java thread stack sizes (-Xss)
#   Set larger code cache with -XX:ReservedCodeCacheSize=
#   JVM is running with Zero Based Compressed Oops mode in which the Java heap is
#     placed in the first 32GB address space. The Java Heap base address is the
#     maximum limit for the native heap growth. Please use -XX:HeapBaseMinAddress
#     to set the Java Heap base and to place the Java Heap above 32GB virtual address.
# This output file may be truncated or incomplete.
#
#  Out of Memory Error (arena.cpp:191), pid=25196, tid=13736
#
# JRE version: OpenJDK Runtime Environment Microsoft-10800295 (17.0.14+7) (build 17.0.14+7-LTS)
# Java VM: OpenJDK 64-Bit Server VM Microsoft-10800295 (17.0.14+7-LTS, mixed mode, sharing, tiered, compressed oops, compressed class ptrs, g1 gc, windows-amd64)
# No core dump will be written. Minidumps are not enabled by default on client versions of Windows
#

---------------  S U M M A R Y ------------

Command Line: org.jetbrains.kotlin.cli.jvm.K2JVMCompiler @E:\priya\kharrrchu\latest_kharchaji-\app\build\20250517_10243733531524612456.compiler.options

Host: 12th Gen Intel(R) Core(TM) i5-12500H, 16 cores, 15G,  Windows 11 , 64 bit Build 26100 (10.0.26100.3912)
Time: Sat May 17 18:09:40 2025 India Standard Time elapsed time: 29.533425 seconds (0d 0h 0m 29s)

---------------  T H R E A D  ---------------

Current thread (0x0000022456f2ace0):  JavaThread "C2 CompilerThread4" daemon [_thread_in_native, id=13736, stack(0x00000056e0a00000,0x00000056e0b00000)]


Current CompileTask:
C2:  29533 18122       4       jdk.internal.loader.BuiltinClassLoader::defineClass (121 bytes)

Stack: [0x00000056e0a00000,0x00000056e0b00000]
Native frames: (J=compiled Java code, j=interpreted, Vv=VM code, C=native code)
V  [jvm.dll+0x6886b9]
V  [jvm.dll+0x83f6f8]
V  [jvm.dll+0x8411a3]
V  [jvm.dll+0x841813]
V  [jvm.dll+0x2495cf]
V  [jvm.dll+0xad0d4]
V  [jvm.dll+0xad76c]
V  [jvm.dll+0x36ae0e]
V  [jvm.dll+0x335403]
V  [jvm.dll+0x33489a]
V  [jvm.dll+0x21a7e8]
V  [jvm.dll+0x219c1f]
V  [jvm.dll+0x1a5596]
V  [jvm.dll+0x22a27a]
V  [jvm.dll+0x2283bb]
V  [jvm.dll+0x7f4f48]
V  [jvm.dll+0x7ef2ac]
V  [jvm.dll+0x687597]
C  [ucrtbase.dll+0x37b0]
C  [KERNEL32.DLL+0x2e8d7]
C  [ntdll.dll+0x9c5dc]


---------------  P R O C E S S  ---------------

Threads class SMR info:
_java_thread_list=0x000002247f9016b0, length=22, elements={
0x000002246ad3b560, 0x000002247ea22490, 0x000002247ea23050, 0x000002247ea37c60,
0x000002247ea3a630, 0x000002247ea3aff0, 0x000002247ea3f9c0, 0x000002247ea40760,
0x000002247ea4a840, 0x000002247ea4b850, 0x000002247f743f30, 0x000002247f80dde0,
0x000002247f81ad10, 0x000002247f81eaa0, 0x000002247f8350f0, 0x00000224540caa10,
0x0000022455d8b260, 0x000002245543a040, 0x0000022456f2ace0, 0x0000022458eabbe0,
0x0000022458eb30c0, 0x0000022458eb1630
}

Java Threads: ( => current thread )
  0x000002246ad3b560 JavaThread "main" [_thread_in_Java, id=21492, stack(0x00000056de300000,0x00000056de400000)]
  0x000002247ea22490 JavaThread "Reference Handler" daemon [_thread_blocked, id=24180, stack(0x00000056dea00000,0x00000056deb00000)]
  0x000002247ea23050 JavaThread "Finalizer" daemon [_thread_blocked, id=2232, stack(0x00000056deb00000,0x00000056dec00000)]
  0x000002247ea37c60 JavaThread "Signal Dispatcher" daemon [_thread_blocked, id=14776, stack(0x00000056dec00000,0x00000056ded00000)]
  0x000002247ea3a630 JavaThread "Attach Listener" daemon [_thread_blocked, id=20380, stack(0x00000056ded00000,0x00000056dee00000)]
  0x000002247ea3aff0 JavaThread "Service Thread" daemon [_thread_blocked, id=2112, stack(0x00000056dee00000,0x00000056def00000)]
  0x000002247ea3f9c0 JavaThread "Monitor Deflation Thread" daemon [_thread_blocked, id=10824, stack(0x00000056def00000,0x00000056df000000)]
  0x000002247ea40760 JavaThread "C2 CompilerThread0" daemon [_thread_in_native, id=23848, stack(0x00000056df000000,0x00000056df100000)]
  0x000002247ea4a840 JavaThread "C1 CompilerThread0" daemon [_thread_in_native, id=5816, stack(0x00000056df100000,0x00000056df200000)]
  0x000002247ea4b850 JavaThread "Sweeper thread" daemon [_thread_blocked, id=2384, stack(0x00000056df200000,0x00000056df300000)]
  0x000002247f743f30 JavaThread "C1 CompilerThread1" daemon [_thread_in_native, id=3088, stack(0x00000056df300000,0x00000056df400000)]
  0x000002247f80dde0 JavaThread "C1 CompilerThread2" daemon [_thread_in_native, id=22556, stack(0x00000056df400000,0x00000056df500000)]
  0x000002247f81ad10 JavaThread "Notification Thread" daemon [_thread_blocked, id=12192, stack(0x00000056df500000,0x00000056df600000)]
  0x000002247f81eaa0 JavaThread "Common-Cleaner" daemon [_thread_blocked, id=21928, stack(0x00000056df700000,0x00000056df800000)]
  0x000002247f8350f0 JavaThread "C2 CompilerThread1" daemon [_thread_in_native, id=14104, stack(0x00000056df800000,0x00000056df900000)]
  0x00000224540caa10 JavaThread "C1 CompilerThread3" daemon [_thread_in_native, id=25300, stack(0x00000056dfa00000,0x00000056dfb00000)]
  0x0000022455d8b260 JavaThread "C2 CompilerThread2" daemon [_thread_in_native, id=4400, stack(0x00000056e0700000,0x00000056e0800000)]
  0x000002245543a040 JavaThread "C2 CompilerThread3" daemon [_thread_in_native, id=7432, stack(0x00000056e0800000,0x00000056e0900000)]
=>0x0000022456f2ace0 JavaThread "C2 CompilerThread4" daemon [_thread_in_native, id=13736, stack(0x00000056e0a00000,0x00000056e0b00000)]
  0x0000022458eabbe0 JavaThread "C2 CompilerThread5" daemon [_thread_in_native, id=23996, stack(0x00000056e1000000,0x00000056e1100000)]
  0x0000022458eb30c0 JavaThread "C2 CompilerThread6" daemon [_thread_in_native, id=23352, stack(0x00000056e1100000,0x00000056e1200000)]
  0x0000022458eb1630 JavaThread "C2 CompilerThread7" daemon [_thread_in_native, id=13012, stack(0x00000056e1200000,0x00000056e1300000)]

Other Threads:
  0x000002247ea1cf50 VMThread "VM Thread" [stack: 0x00000056de900000,0x00000056dea00000] [id=3936]
  0x000002247f81d200 WatcherThread [stack: 0x00000056df600000,0x00000056df700000] [id=14784]
  0x000002246adaa5f0 GCTaskThread "GC Thread#0" [stack: 0x00000056de400000,0x00000056de500000] [id=21332]
  0x000002247f93b0a0 GCTaskThread "GC Thread#1" [stack: 0x00000056dfb00000,0x00000056dfc00000] [id=3168]
  0x000002247f93c6a0 GCTaskThread "GC Thread#2" [stack: 0x00000056dfc00000,0x00000056dfd00000] [id=22112]
  0x000002247f93ade0 GCTaskThread "GC Thread#3" [stack: 0x00000056dfd00000,0x00000056dfe00000] [id=4188]
  0x000002247f93b8e0 GCTaskThread "GC Thread#4" [stack: 0x00000056dfe00000,0x00000056dff00000] [id=6920]
  0x000002247f93b360 GCTaskThread "GC Thread#5" [stack: 0x00000056dff00000,0x00000056e0000000] [id=21024]
  0x000002247f93b620 GCTaskThread "GC Thread#6" [stack: 0x00000056df900000,0x00000056dfa00000] [id=20244]
  0x000002247f93c960 GCTaskThread "GC Thread#7" [stack: 0x00000056e0000000,0x00000056e0100000] [id=24072]
  0x000002247f93be60 GCTaskThread "GC Thread#8" [stack: 0x00000056e0100000,0x00000056e0200000] [id=13096]
  0x0000022454da04c0 GCTaskThread "GC Thread#9" [stack: 0x00000056e0200000,0x00000056e0300000] [id=5312]
  0x0000022454d9f700 GCTaskThread "GC Thread#10" [stack: 0x00000056e0300000,0x00000056e0400000] [id=17556]
  0x0000022454da0d00 GCTaskThread "GC Thread#11" [stack: 0x00000056e0400000,0x00000056e0500000] [id=19440]
  0x0000022454da1800 GCTaskThread "GC Thread#12" [stack: 0x00000056e0900000,0x00000056e0a00000] [id=24932]
  0x000002246adbb0c0 ConcurrentGCThread "G1 Main Marker" [stack: 0x00000056de500000,0x00000056de600000] [id=21124]
  0x000002246adbc7b0 ConcurrentGCThread "G1 Conc#0" [stack: 0x00000056de600000,0x00000056de700000] [id=16988]
  0x0000022454d9f9c0 ConcurrentGCThread "G1 Conc#1" [stack: 0x00000056e0500000,0x00000056e0600000] [id=6748]
  0x0000022454d9fc80 ConcurrentGCThread "G1 Conc#2" [stack: 0x00000056e0600000,0x00000056e0700000] [id=12988]
  0x000002246adee510 ConcurrentGCThread "G1 Refine#0" [stack: 0x00000056de700000,0x00000056de800000] [id=13388]
  0x0000022458690fe0 ConcurrentGCThread "G1 Refine#1" [stack: 0x00000056e0c00000,0x00000056e0d00000] [id=9912]
  0x000002245910f030 ConcurrentGCThread "G1 Refine#2" [stack: 0x00000056e0b00000,0x00000056e0c00000] [id=19636]
  0x000002245910f320 ConcurrentGCThread "G1 Refine#3" [stack: 0x00000056e0d00000,0x00000056e0e00000] [id=24092]
  0x00000224591101d0 ConcurrentGCThread "G1 Refine#4" [stack: 0x00000056e0e00000,0x00000056e0f00000] [id=23584]
  0x00000224584fcbf0 ConcurrentGCThread "G1 Refine#5" [stack: 0x00000056e0f00000,0x00000056e1000000] [id=21364]
  0x000002247e952fc0 ConcurrentGCThread "G1 Service" [stack: 0x00000056de800000,0x00000056de900000] [id=2784]

Threads with active compile tasks:
C2 CompilerThread0    29564 18136       4       jdk.internal.loader.ClassLoaders$AppClassLoader::defineOrCheckPackage (8 bytes)
C1 CompilerThread0    29565 18324       3       org.jetbrains.kotlin.backend.jvm.lower.RepeatedAnnotationLowering::visitValueParameter (13 bytes)
C1 CompilerThread1    29567 18297       3       org.jetbrains.kotlin.backend.jvm.lower.RepeatedAnnotationLowering::transformAnnotations (423 bytes)
C1 CompilerThread2    29569 18273       3       org.jetbrains.kotlin.ir.interpreter.InstructionsUnfolderKt::unfoldInstruction (772 bytes)
C2 CompilerThread1    29571 18139   !   4       jdk.internal.loader.BuiltinClassLoader::loadClassOrNull (143 bytes)
C1 CompilerThread3    29571 18311       3       org.jetbrains.kotlin.backend.jvm.lower.RepeatedAnnotationLowering::visitValueAccess (6 bytes)
C2 CompilerThread2    29572 18150       4       org.jetbrains.kotlin.types.DefaultTypeAttributeTranslator::toAttributes (42 bytes)
C2 CompilerThread3    29573 18137   !   4       jdk.internal.loader.BuiltinClassLoader::defineOrCheckPackage (94 bytes)
C2 CompilerThread4    29574 18122       4       jdk.internal.loader.BuiltinClassLoader::defineClass (121 bytes)
C2 CompilerThread5    29575 18141       4       jdk.internal.loader.BuiltinClassLoader::loadClassOrNull (7 bytes)
C2 CompilerThread6    29577 18153   !   4       jdk.internal.loader.BuiltinClassLoader::findClassOnClassPathOrNull (64 bytes)
C2 CompilerThread7    29579 18263       4       org.jetbrains.kotlin.ir.interpreter.UtilsKt::hasAnnotation (150 bytes)

VM state: not at safepoint (normal execution)

VM Mutex/Monitor currently owned by a thread: None

Heap address: 0x0000000704800000, size: 4024 MB, Compressed Oops mode: Zero based, Oop shift amount: 3

CDS archive(s) mapped at: [0x000002240f000000-0x000002240fbb0000-0x000002240fbb0000), size 12255232, SharedBaseAddress: 0x000002240f000000, ArchiveRelocationMode: 1.
Compressed class space mapped at: 0x0000022410000000-0x0000022450000000, reserved size: 1073741824
Narrow klass base: 0x000002240f000000, Narrow klass shift: 0, Narrow klass range: 0x100000000

GC Precious Log:
 CPUs: 16 total, 16 available
 Memory: 16095M
 Large Page Support: Disabled
 NUMA Support: Disabled
 Compressed Oops: Enabled (Zero based)
 Heap Region Size: 2M
 Heap Min Capacity: 8M
 Heap Initial Capacity: 252M
 Heap Max Capacity: 4024M
 Pre-touch: Disabled
 Parallel Workers: 13
 Concurrent Workers: 3
 Concurrent Refinement Workers: 13
 Periodic GC: Disabled

Heap:
 garbage-first heap   total 229376K, used 148250K [0x0000000704800000, 0x0000000800000000)
  region size 2048K, 11 young (22528K), 3 survivors (6144K)
 Metaspace       used 70857K, committed 71232K, reserved 1114112K
  class space    used 7588K, committed 7808K, reserved 1048576K

Heap Regions: E=young(eden), S=young(survivor), O=old, HS=humongous(starts), HC=humongous(continues), CS=collection set, F=free, OA=open archive, CA=closed archive, TAMS=top-at-mark-start (previous, next)
|   0|0x0000000704800000, 0x0000000704a00000, 0x0000000704a00000|100%|HS|  |TAMS 0x0000000704a00000, 0x0000000704800000| Complete 
|   1|0x0000000704a00000, 0x0000000704c00000, 0x0000000704c00000|100%|HC|  |TAMS 0x0000000704c00000, 0x0000000704a00000| Complete 
|   2|0x0000000704c00000, 0x0000000704e00000, 0x0000000704e00000|100%| O|  |TAMS 0x0000000704e00000, 0x0000000704c00000| Untracked 
|   3|0x0000000704e00000, 0x0000000705000000, 0x0000000705000000|100%| O|  |TAMS 0x0000000705000000, 0x0000000704e00000| Untracked 
|   4|0x0000000705000000, 0x0000000705200000, 0x0000000705200000|100%| O|  |TAMS 0x0000000705200000, 0x0000000705000000| Untracked 
|   5|0x0000000705200000, 0x0000000705400000, 0x0000000705400000|100%| O|  |TAMS 0x0000000705400000, 0x0000000705200000| Untracked 
|   6|0x0000000705400000, 0x0000000705600000, 0x0000000705600000|100%| O|  |TAMS 0x0000000705600000, 0x0000000705400000| Untracked 
|   7|0x0000000705600000, 0x0000000705800000, 0x0000000705800000|100%| O|  |TAMS 0x0000000705800000, 0x0000000705600000| Untracked 
|   8|0x0000000705800000, 0x0000000705a00000, 0x0000000705a00000|100%| O|  |TAMS 0x0000000705a00000, 0x0000000705800000| Untracked 
|   9|0x0000000705a00000, 0x0000000705c00000, 0x0000000705c00000|100%| O|  |TAMS 0x0000000705c00000, 0x0000000705a00000| Untracked 
|  10|0x0000000705c00000, 0x0000000705e00000, 0x0000000705e00000|100%|HS|  |TAMS 0x0000000705e00000, 0x0000000705c00000| Complete 
|  11|0x0000000705e00000, 0x0000000706000000, 0x0000000706000000|100%| O|  |TAMS 0x0000000706000000, 0x0000000705e00000| Untracked 
|  12|0x0000000706000000, 0x0000000706200000, 0x0000000706200000|100%| O|  |TAMS 0x0000000706200000, 0x0000000706000000| Untracked 
|  13|0x0000000706200000, 0x0000000706400000, 0x0000000706400000|100%| O|  |TAMS 0x0000000706400000, 0x0000000706200000| Untracked 
|  14|0x0000000706400000, 0x0000000706600000, 0x0000000706600000|100%| O|  |TAMS 0x0000000706600000, 0x0000000706400000| Untracked 
|  15|0x0000000706600000, 0x0000000706800000, 0x0000000706800000|100%| O|  |TAMS 0x0000000706800000, 0x0000000706600000| Untracked 
|  16|0x0000000706800000, 0x0000000706a00000, 0x0000000706a00000|100%| O|  |TAMS 0x0000000706a00000, 0x0000000706800000| Untracked 
|  17|0x0000000706a00000, 0x0000000706c00000, 0x0000000706c00000|100%| O|  |TAMS 0x0000000706c00000, 0x0000000706a00000| Untracked 
|  18|0x0000000706c00000, 0x0000000706e00000, 0x0000000706e00000|100%| O|  |TAMS 0x0000000706e00000, 0x0000000706c00000| Untracked 
|  19|0x0000000706e00000, 0x0000000707000000, 0x0000000707000000|100%| O|  |TAMS 0x0000000707000000, 0x0000000706e00000| Untracked 
|  20|0x0000000707000000, 0x0000000707200000, 0x0000000707200000|100%| O|  |TAMS 0x0000000707200000, 0x0000000707000000| Untracked 
|  21|0x0000000707200000, 0x0000000707400000, 0x0000000707400000|100%| O|  |TAMS 0x0000000707400000, 0x0000000707200000| Untracked 
|  22|0x0000000707400000, 0x0000000707600000, 0x0000000707600000|100%| O|  |TAMS 0x0000000707600000, 0x0000000707400000| Untracked 
|  23|0x0000000707600000, 0x0000000707800000, 0x0000000707800000|100%| O|  |TAMS 0x0000000707800000, 0x0000000707600000| Untracked 
|  24|0x0000000707800000, 0x0000000707a00000, 0x0000000707a00000|100%| O|  |TAMS 0x0000000707a00000, 0x0000000707800000| Untracked 
|  25|0x0000000707a00000, 0x0000000707c00000, 0x0000000707c00000|100%| O|  |TAMS 0x0000000707c00000, 0x0000000707a00000| Untracked 
|  26|0x0000000707c00000, 0x0000000707e00000, 0x0000000707e00000|100%| O|  |TAMS 0x0000000707e00000, 0x0000000707c00000| Untracked 
|  27|0x0000000707e00000, 0x0000000708000000, 0x0000000708000000|100%| O|  |TAMS 0x0000000708000000, 0x0000000707e00000| Untracked 
|  28|0x0000000708000000, 0x0000000708200000, 0x0000000708200000|100%| O|  |TAMS 0x0000000708200000, 0x0000000708000000| Untracked 
|  29|0x0000000708200000, 0x0000000708400000, 0x0000000708400000|100%| O|  |TAMS 0x0000000708400000, 0x0000000708200000| Untracked 
|  30|0x0000000708400000, 0x0000000708600000, 0x0000000708600000|100%| O|  |TAMS 0x0000000708600000, 0x0000000708400000| Untracked 
|  31|0x0000000708600000, 0x0000000708800000, 0x0000000708800000|100%| O|  |TAMS 0x0000000708800000, 0x0000000708600000| Untracked 
|  32|0x0000000708800000, 0x0000000708a00000, 0x0000000708a00000|100%| O|  |TAMS 0x0000000708a00000, 0x0000000708800000| Untracked 
|  33|0x0000000708a00000, 0x0000000708c00000, 0x0000000708c00000|100%| O|  |TAMS 0x0000000708c00000, 0x0000000708a00000| Untracked 
|  34|0x0000000708c00000, 0x0000000708e00000, 0x0000000708e00000|100%| O|  |TAMS 0x0000000708e00000, 0x0000000708c00000| Untracked 
|  35|0x0000000708e00000, 0x0000000709000000, 0x0000000709000000|100%| O|  |TAMS 0x0000000709000000, 0x0000000708e00000| Untracked 
|  36|0x0000000709000000, 0x0000000709200000, 0x0000000709200000|100%| O|  |TAMS 0x0000000709200000, 0x0000000709000000| Untracked 
|  37|0x0000000709200000, 0x0000000709400000, 0x0000000709400000|100%| O|  |TAMS 0x0000000709400000, 0x0000000709200000| Untracked 
|  38|0x0000000709400000, 0x0000000709600000, 0x0000000709600000|100%| O|  |TAMS 0x0000000709600000, 0x0000000709400000| Untracked 
|  39|0x0000000709600000, 0x0000000709800000, 0x0000000709800000|100%| O|  |TAMS 0x0000000709800000, 0x0000000709600000| Untracked 
|  40|0x0000000709800000, 0x0000000709a00000, 0x0000000709a00000|100%| O|  |TAMS 0x0000000709a00000, 0x0000000709800000| Untracked 
|  41|0x0000000709a00000, 0x0000000709c00000, 0x0000000709c00000|100%| O|  |TAMS 0x0000000709c00000, 0x0000000709a00000| Untracked 
|  42|0x0000000709c00000, 0x0000000709e00000, 0x0000000709e00000|100%| O|  |TAMS 0x0000000709e00000, 0x0000000709c00000| Untracked 
|  43|0x0000000709e00000, 0x000000070a000000, 0x000000070a000000|100%|HS|  |TAMS 0x000000070a000000, 0x0000000709e00000| Complete 
|  44|0x000000070a000000, 0x000000070a200000, 0x000000070a200000|100%|HS|  |TAMS 0x000000070a200000, 0x000000070a000000| Complete 
|  45|0x000000070a200000, 0x000000070a400000, 0x000000070a400000|100%| O|  |TAMS 0x000000070a400000, 0x000000070a200000| Untracked 
|  46|0x000000070a400000, 0x000000070a600000, 0x000000070a600000|100%| O|  |TAMS 0x000000070a600000, 0x000000070a400000| Untracked 
|  47|0x000000070a600000, 0x000000070a800000, 0x000000070a800000|100%| O|  |TAMS 0x000000070a800000, 0x000000070a600000| Untracked 
|  48|0x000000070a800000, 0x000000070aa00000, 0x000000070aa00000|100%| O|  |TAMS 0x000000070aa00000, 0x000000070a800000| Untracked 
|  49|0x000000070aa00000, 0x000000070ac00000, 0x000000070ac00000|100%| O|  |TAMS 0x000000070ac00000, 0x000000070aa00000| Untracked 
|  50|0x000000070ac00000, 0x000000070ae00000, 0x000000070ae00000|100%| O|  |TAMS 0x000000070ae00000, 0x000000070ac00000| Untracked 
|  51|0x000000070ae00000, 0x000000070aec6a00, 0x000000070b000000| 38%| O|  |TAMS 0x000000070ae00000, 0x000000070ae00000| Untracked 
|  52|0x000000070b000000, 0x000000070b200000, 0x000000070b200000|100%| O|  |TAMS 0x000000070b200000, 0x000000070b000000| Untracked 
|  53|0x000000070b200000, 0x000000070b400000, 0x000000070b400000|100%| O|  |TAMS 0x000000070b400000, 0x000000070b200000| Untracked 
|  54|0x000000070b400000, 0x000000070b600000, 0x000000070b600000|100%| O|  |TAMS 0x000000070b600000, 0x000000070b400000| Untracked 
|  55|0x000000070b600000, 0x000000070b800000, 0x000000070b800000|100%| O|  |TAMS 0x000000070b800000, 0x000000070b600000| Untracked 
|  56|0x000000070b800000, 0x000000070ba00000, 0x000000070ba00000|100%| O|  |TAMS 0x000000070ba00000, 0x000000070b800000| Untracked 
|  57|0x000000070ba00000, 0x000000070bc00000, 0x000000070bc00000|100%| O|  |TAMS 0x000000070bc00000, 0x000000070ba00000| Complete 
|  58|0x000000070bc00000, 0x000000070be00000, 0x000000070be00000|100%| O|  |TAMS 0x000000070be00000, 0x000000070bc00000| Untracked 
|  59|0x000000070be00000, 0x000000070c000000, 0x000000070c000000|100%| O|  |TAMS 0x000000070c000000, 0x000000070be00000| Untracked 
|  60|0x000000070c000000, 0x000000070c200000, 0x000000070c200000|100%| O|  |TAMS 0x000000070c200000, 0x000000070c000000| Untracked 
|  61|0x000000070c200000, 0x000000070c400000, 0x000000070c400000|100%| O|  |TAMS 0x000000070c400000, 0x000000070c200000| Untracked 
|  62|0x000000070c400000, 0x000000070c600000, 0x000000070c600000|100%| O|  |TAMS 0x000000070c4d2600, 0x000000070c400000| Untracked 
|  63|0x000000070c600000, 0x000000070c600000, 0x000000070c800000|  0%| F|  |TAMS 0x000000070c600000, 0x000000070c600000| Untracked 
|  64|0x000000070c800000, 0x000000070c800000, 0x000000070ca00000|  0%| F|  |TAMS 0x000000070c800000, 0x000000070c800000| Untracked 
|  65|0x000000070ca00000, 0x000000070ca00000, 0x000000070cc00000|  0%| F|  |TAMS 0x000000070ca00000, 0x000000070ca00000| Untracked 
|  66|0x000000070cc00000, 0x000000070cc00000, 0x000000070ce00000|  0%| F|  |TAMS 0x000000070cc00000, 0x000000070cc00000| Untracked 
|  67|0x000000070ce00000, 0x000000070ce00000, 0x000000070d000000|  0%| F|  |TAMS 0x000000070ce00000, 0x000000070ce00000| Untracked 
|  68|0x000000070d000000, 0x000000070d000000, 0x000000070d200000|  0%| F|  |TAMS 0x000000070d000000, 0x000000070d000000| Untracked 
|  69|0x000000070d200000, 0x000000070d200000, 0x000000070d400000|  0%| F|  |TAMS 0x000000070d200000, 0x000000070d200000| Untracked 
|  70|0x000000070d400000, 0x000000070d400000, 0x000000070d600000|  0%| F|  |TAMS 0x000000070d400000, 0x000000070d400000| Untracked 
|  71|0x000000070d600000, 0x000000070d600000, 0x000000070d800000|  0%| F|  |TAMS 0x000000070d600000, 0x000000070d600000| Untracked 
|  72|0x000000070d800000, 0x000000070d800000, 0x000000070da00000|  0%| F|  |TAMS 0x000000070d800000, 0x000000070d800000| Untracked 
|  73|0x000000070da00000, 0x000000070da00000, 0x000000070dc00000|  0%| F|  |TAMS 0x000000070da00000, 0x000000070da00000| Untracked 
|  74|0x000000070dc00000, 0x000000070dc00000, 0x000000070de00000|  0%| F|  |TAMS 0x000000070dc00000, 0x000000070dc00000| Untracked 
|  75|0x000000070de00000, 0x000000070de00000, 0x000000070e000000|  0%| F|  |TAMS 0x000000070de00000, 0x000000070de00000| Untracked 
|  76|0x000000070e000000, 0x000000070e000000, 0x000000070e200000|  0%| F|  |TAMS 0x000000070e000000, 0x000000070e000000| Untracked 
|  77|0x000000070e200000, 0x000000070e200000, 0x000000070e400000|  0%| F|  |TAMS 0x000000070e200000, 0x000000070e200000| Untracked 
|  78|0x000000070e400000, 0x000000070e600000, 0x000000070e600000|100%| S|CS|TAMS 0x000000070e400000, 0x000000070e400000| Complete 
|  79|0x000000070e600000, 0x000000070e800000, 0x000000070e800000|100%| S|CS|TAMS 0x000000070e600000, 0x000000070e600000| Complete 
|  80|0x000000070e800000, 0x000000070ea00000, 0x000000070ea00000|100%| S|CS|TAMS 0x000000070e800000, 0x000000070e800000| Complete 
|  81|0x000000070ea00000, 0x000000070ea00000, 0x000000070ec00000|  0%| F|  |TAMS 0x000000070ea00000, 0x000000070ea00000| Untracked 
|  82|0x000000070ec00000, 0x000000070ec00000, 0x000000070ee00000|  0%| F|  |TAMS 0x000000070ec00000, 0x000000070ec00000| Untracked 
|  83|0x000000070ee00000, 0x000000070ee00000, 0x000000070f000000|  0%| F|  |TAMS 0x000000070ee00000, 0x000000070ee00000| Untracked 
|  84|0x000000070f000000, 0x000000070f000000, 0x000000070f200000|  0%| F|  |TAMS 0x000000070f000000, 0x000000070f000000| Untracked 
|  85|0x000000070f200000, 0x000000070f200000, 0x000000070f400000|  0%| F|  |TAMS 0x000000070f200000, 0x000000070f200000| Untracked 
|  86|0x000000070f400000, 0x000000070f400000, 0x000000070f600000|  0%| F|  |TAMS 0x000000070f400000, 0x000000070f400000| Untracked 
|  87|0x000000070f600000, 0x000000070f600000, 0x000000070f800000|  0%| F|  |TAMS 0x000000070f600000, 0x000000070f600000| Untracked 
|  88|0x000000070f800000, 0x000000070f800000, 0x000000070fa00000|  0%| F|  |TAMS 0x000000070f800000, 0x000000070f800000| Untracked 
|  89|0x000000070fa00000, 0x000000070fa00000, 0x000000070fc00000|  0%| F|  |TAMS 0x000000070fa00000, 0x000000070fa00000| Untracked 
|  90|0x000000070fc00000, 0x000000070fc00000, 0x000000070fe00000|  0%| F|  |TAMS 0x000000070fc00000, 0x000000070fc00000| Untracked 
|  91|0x000000070fe00000, 0x000000070fe00000, 0x0000000710000000|  0%| F|  |TAMS 0x000000070fe00000, 0x000000070fe00000| Untracked 
|  92|0x0000000710000000, 0x0000000710000000, 0x0000000710200000|  0%| F|  |TAMS 0x0000000710000000, 0x0000000710000000| Untracked 
|  93|0x0000000710200000, 0x0000000710200000, 0x0000000710400000|  0%| F|  |TAMS 0x0000000710200000, 0x0000000710200000| Untracked 
|  94|0x0000000710400000, 0x0000000710400000, 0x0000000710600000|  0%| F|  |TAMS 0x0000000710400000, 0x0000000710400000| Untracked 
|  95|0x0000000710600000, 0x0000000710600000, 0x0000000710800000|  0%| F|  |TAMS 0x0000000710600000, 0x0000000710600000| Untracked 
|  96|0x0000000710800000, 0x0000000710800000, 0x0000000710a00000|  0%| F|  |TAMS 0x0000000710800000, 0x0000000710800000| Untracked 
|  97|0x0000000710a00000, 0x0000000710a00000, 0x0000000710c00000|  0%| F|  |TAMS 0x0000000710a00000, 0x0000000710a00000| Untracked 
|  98|0x0000000710c00000, 0x0000000710c00000, 0x0000000710e00000|  0%| F|  |TAMS 0x0000000710c00000, 0x0000000710c00000| Untracked 
|  99|0x0000000710e00000, 0x0000000710e00000, 0x0000000711000000|  0%| F|  |TAMS 0x0000000710e00000, 0x0000000710e00000| Untracked 
| 100|0x0000000711000000, 0x0000000711000000, 0x0000000711200000|  0%| F|  |TAMS 0x0000000711000000, 0x0000000711000000| Untracked 
| 101|0x0000000711200000, 0x0000000711200000, 0x0000000711400000|  0%| F|  |TAMS 0x0000000711200000, 0x0000000711200000| Untracked 
| 102|0x0000000711400000, 0x0000000711400000, 0x0000000711600000|  0%| F|  |TAMS 0x0000000711400000, 0x0000000711400000| Untracked 
| 103|0x0000000711600000, 0x0000000711600000, 0x0000000711800000|  0%| F|  |TAMS 0x0000000711600000, 0x0000000711600000| Untracked 
| 104|0x0000000711800000, 0x00000007118b71c0, 0x0000000711a00000| 35%| E|  |TAMS 0x0000000711800000, 0x0000000711800000| Complete 
| 105|0x0000000711a00000, 0x0000000711c00000, 0x0000000711c00000|100%| E|CS|TAMS 0x0000000711a00000, 0x0000000711a00000| Complete 
| 106|0x0000000711c00000, 0x0000000711e00000, 0x0000000711e00000|100%| E|CS|TAMS 0x0000000711c00000, 0x0000000711c00000| Complete 
| 107|0x0000000711e00000, 0x0000000712000000, 0x0000000712000000|100%| E|CS|TAMS 0x0000000711e00000, 0x0000000711e00000| Complete 
| 108|0x0000000712000000, 0x0000000712200000, 0x0000000712200000|100%| E|CS|TAMS 0x0000000712000000, 0x0000000712000000| Complete 
| 109|0x0000000712200000, 0x0000000712400000, 0x0000000712400000|100%| E|CS|TAMS 0x0000000712200000, 0x0000000712200000| Complete 
| 110|0x0000000712400000, 0x0000000712600000, 0x0000000712600000|100%| E|CS|TAMS 0x0000000712400000, 0x0000000712400000| Complete 
| 125|0x0000000714200000, 0x0000000714400000, 0x0000000714400000|100%| E|CS|TAMS 0x0000000714200000, 0x0000000714200000| Complete 

Card table byte_map: [0x00000224738e0000,0x00000224740c0000] _byte_map_base: 0x00000224700bc000

Marking Bits (Prev, Next): (CMBitMap*) 0x000002246adaac10, (CMBitMap*) 0x000002246adaac50
 Prev Bits: [0x00000224748a0000, 0x0000022478780000)
 Next Bits: [0x0000022478780000, 0x000002247c660000)

Polling page: 0x0000022468890000

Metaspace:

Usage:
  Non-class:     61.79 MB used.
      Class:      7.41 MB used.
       Both:     69.20 MB used.

Virtual space:
  Non-class space:       64.00 MB reserved,      61.94 MB ( 97%) committed,  1 nodes.
      Class space:        1.00 GB reserved,       7.62 MB ( <1%) committed,  1 nodes.
             Both:        1.06 GB reserved,      69.56 MB (  6%) committed. 

Chunk freelists:
   Non-Class:  1.08 MB
       Class:  8.42 MB
        Both:  9.50 MB

MaxMetaspaceSize: unlimited
CompressedClassSpaceSize: 1.00 GB
Initial GC threshold: 21.00 MB
Current GC threshold: 111.56 MB
CDS: on
MetaspaceReclaimPolicy: balanced
 - commit_granule_bytes: 65536.
 - commit_granule_words: 8192.
 - virtual_space_node_default_size: 8388608.
 - enlarge_chunks_in_place: 1.
 - new_chunks_are_fully_committed: 0.
 - uncommit_free_chunks: 1.
 - use_allocation_guard: 0.
 - handle_deallocations: 1.


Internal statistics:

num_allocs_failed_limit: 6.
num_arena_births: 472.
num_arena_deaths: 0.
num_vsnodes_births: 2.
num_vsnodes_deaths: 0.
num_space_committed: 1111.
num_space_uncommitted: 0.
num_chunks_returned_to_freelist: 6.
num_chunks_taken_from_freelist: 3085.
num_chunk_merges: 6.
num_chunk_splits: 2441.
num_chunks_enlarged: 2075.
num_inconsistent_stats: 0.

CodeHeap 'non-profiled nmethods': size=119168Kb used=12968Kb max_used=12968Kb free=106199Kb
 bounds [0x0000022407ba0000, 0x0000022408850000, 0x000002240f000000]
CodeHeap 'profiled nmethods': size=119104Kb used=42246Kb max_used=42246Kb free=76857Kb
 bounds [0x0000022400000000, 0x0000022402950000, 0x0000022407450000]
CodeHeap 'non-nmethods': size=7488Kb used=3087Kb max_used=3155Kb free=4400Kb
 bounds [0x0000022407450000, 0x0000022407770000, 0x0000022407ba0000]
 total_blobs=15475 nmethods=14753 adapters=627
 compilation: enabled
              stopped_count=0, restarted_count=0
 full_count=0

Compilation events (20 events):
Event: 28.506 Thread 0x000002247ea4a840 18284       3       org.jetbrains.kotlin.backend.jvm.lower.JvmStaticAnnotationLoweringKt::isJvmStaticDeclaration (135 bytes)
Event: 28.507 Thread 0x000002247f743f30 nmethod 18283 0x00000224010e2310 code [0x00000224010e24a0, 0x00000224010e2598]
Event: 28.507 Thread 0x00000224540caa10 nmethod 18282 0x000002240292c410 code [0x000002240292c6a0, 0x000002240292d2a8]
Event: 28.507 Thread 0x000002247f743f30 18285       3       org.jetbrains.kotlin.backend.jvm.lower.SingletonObjectJvmStaticTransformer::visitMemberAccess (59 bytes)
Event: 28.507 Thread 0x00000224540caa10 18286       3       org.jetbrains.kotlin.backend.jvm.lower.JvmStaticAnnotationLoweringKt::isJvmStaticInObject (65 bytes)
Event: 28.508 Thread 0x000002247ea4a840 nmethod 18284 0x000002240292d690 code [0x000002240292d900, 0x000002240292e778]
Event: 28.509 Thread 0x000002247ea4a840 18289       1       org.jetbrains.kotlin.ir.declarations.impl.IrLocalDelegatedPropertyImpl::getAnnotations (5 bytes)
Event: 28.509 Thread 0x000002247ea4a840 nmethod 18289 0x0000022408849790 code [0x0000022408849920, 0x00000224088499f8]
Event: 28.510 Thread 0x000002247f743f30 nmethod 18285 0x000002240292ea10 code [0x000002240292ed20, 0x000002240292fe48]
Event: 28.511 Thread 0x00000224540caa10 nmethod 18286 0x0000022402930390 code [0x0000022402930720, 0x0000022402931d78]
Event: 28.520 Thread 0x000002247ea4a840 18291       1       org.jetbrains.kotlin.backend.jvm.JvmBackendContext::getState (5 bytes)
Event: 28.520 Thread 0x00000224540caa10 18292       1       org.jetbrains.kotlin.codegen.state.GenerationState::getClassBuilderMode (5 bytes)
Event: 28.520 Thread 0x000002247ea4a840 nmethod 18291 0x0000022408849a90 code [0x0000022408849c20, 0x0000022408849cf8]
Event: 28.520 Thread 0x00000224540caa10 nmethod 18292 0x0000022408849d90 code [0x0000022408849f20, 0x0000022408849ff8]
Event: 28.520 Thread 0x00000224540caa10 18293       3       org.jetbrains.kotlin.backend.jvm.lower.RepeatedAnnotationLowering::visitElement (15 bytes)
Event: 28.520 Thread 0x000002247ea4a840 18294       3       org.jetbrains.kotlin.backend.jvm.lower.RepeatedAnnotationLowering::visitExpression (6 bytes)
Event: 28.521 Thread 0x0000022458eb1630 18263       4       org.jetbrains.kotlin.ir.interpreter.UtilsKt::hasAnnotation (150 bytes)
Event: 28.521 Thread 0x00000224540caa10 nmethod 18293 0x0000022402932390 code [0x0000022402932640, 0x0000022402933228]
Event: 28.521 Thread 0x00000224540caa10 18296       3       org.jetbrains.kotlin.backend.jvm.lower.RepeatedAnnotationLowering::visitDeclarationReference (6 bytes)
Event: 28.521 Thread 0x000002247f743f30 18297       3       org.jetbrains.kotlin.backend.jvm.lower.RepeatedAnnotationLowering::transformAnnotations (423 bytes)

GC Heap History (20 events):
Event: 13.980 GC heap before
{Heap before GC invocations=21 (full 0):
 garbage-first heap   total 208896K, used 155054K [0x0000000704800000, 0x0000000800000000)
  region size 2048K, 43 young (88064K), 6 survivors (12288K)
 Metaspace       used 54987K, committed 55296K, reserved 1114112K
  class space    used 6193K, committed 6336K, reserved 1048576K
}
Event: 13.998 GC heap after
{Heap after GC invocations=22 (full 0):
 garbage-first heap   total 208896K, used 88064K [0x0000000704800000, 0x0000000800000000)
  region size 2048K, 4 young (8192K), 4 survivors (8192K)
 Metaspace       used 54987K, committed 55296K, reserved 1114112K
  class space    used 6193K, committed 6336K, reserved 1048576K
}
Event: 17.409 GC heap before
{Heap before GC invocations=22 (full 0):
 garbage-first heap   total 208896K, used 159744K [0x0000000704800000, 0x0000000800000000)
  region size 2048K, 39 young (79872K), 4 survivors (8192K)
 Metaspace       used 55802K, committed 56128K, reserved 1114112K
  class space    used 6225K, committed 6400K, reserved 1048576K
}
Event: 17.421 GC heap after
{Heap after GC invocations=23 (full 0):
 garbage-first heap   total 208896K, used 95027K [0x0000000704800000, 0x0000000800000000)
  region size 2048K, 4 young (8192K), 4 survivors (8192K)
 Metaspace       used 55802K, committed 56128K, reserved 1114112K
  class space    used 6225K, committed 6400K, reserved 1048576K
}
Event: 19.656 GC heap before
{Heap before GC invocations=23 (full 0):
 garbage-first heap   total 208896K, used 168755K [0x0000000704800000, 0x0000000800000000)
  region size 2048K, 38 young (77824K), 4 survivors (8192K)
 Metaspace       used 56573K, committed 56832K, reserved 1114112K
  class space    used 6269K, committed 6400K, reserved 1048576K
}
Event: 19.672 GC heap after
{Heap after GC invocations=24 (full 0):
 garbage-first heap   total 208896K, used 106202K [0x0000000704800000, 0x0000000800000000)
  region size 2048K, 4 young (8192K), 4 survivors (8192K)
 Metaspace       used 56573K, committed 56832K, reserved 1114112K
  class space    used 6269K, committed 6400K, reserved 1048576K
}
Event: 21.604 GC heap before
{Heap before GC invocations=24 (full 0):
 garbage-first heap   total 208896K, used 165594K [0x0000000704800000, 0x0000000800000000)
  region size 2048K, 33 young (67584K), 4 survivors (8192K)
 Metaspace       used 56897K, committed 57216K, reserved 1114112K
  class space    used 6273K, committed 6464K, reserved 1048576K
}
Event: 21.615 GC heap after
{Heap after GC invocations=25 (full 0):
 garbage-first heap   total 208896K, used 110867K [0x0000000704800000, 0x0000000800000000)
  region size 2048K, 3 young (6144K), 3 survivors (6144K)
 Metaspace       used 56897K, committed 57216K, reserved 1114112K
  class space    used 6273K, committed 6464K, reserved 1048576K
}
Event: 23.049 GC heap before
{Heap before GC invocations=26 (full 0):
 garbage-first heap   total 208896K, used 168211K [0x0000000704800000, 0x0000000800000000)
  region size 2048K, 31 young (63488K), 3 survivors (6144K)
 Metaspace       used 57765K, committed 58048K, reserved 1114112K
  class space    used 6341K, committed 6528K, reserved 1048576K
}
Event: 23.057 GC heap after
{Heap after GC invocations=27 (full 0):
 garbage-first heap   total 208896K, used 113708K [0x0000000704800000, 0x0000000800000000)
  region size 2048K, 4 young (8192K), 4 survivors (8192K)
 Metaspace       used 57765K, committed 58048K, reserved 1114112K
  class space    used 6341K, committed 6528K, reserved 1048576K
}
Event: 23.071 GC heap before
{Heap before GC invocations=27 (full 0):
 garbage-first heap   total 208896K, used 115756K [0x0000000704800000, 0x0000000800000000)
  region size 2048K, 5 young (10240K), 4 survivors (8192K)
 Metaspace       used 57771K, committed 58112K, reserved 1114112K
  class space    used 6341K, committed 6528K, reserved 1048576K
}
Event: 23.081 GC heap after
{Heap after GC invocations=28 (full 0):
 garbage-first heap   total 208896K, used 113689K [0x0000000704800000, 0x0000000800000000)
  region size 2048K, 1 young (2048K), 1 survivors (2048K)
 Metaspace       used 57771K, committed 58112K, reserved 1114112K
  class space    used 6341K, committed 6528K, reserved 1048576K
}
Event: 25.133 GC heap before
{Heap before GC invocations=28 (full 0):
 garbage-first heap   total 208896K, used 168985K [0x0000000704800000, 0x0000000800000000)
  region size 2048K, 28 young (57344K), 1 survivors (2048K)
 Metaspace       used 64045K, committed 64384K, reserved 1114112K
  class space    used 6935K, committed 7104K, reserved 1048576K
}
Event: 25.141 GC heap after
{Heap after GC invocations=29 (full 0):
 garbage-first heap   total 208896K, used 117104K [0x0000000704800000, 0x0000000800000000)
  region size 2048K, 3 young (6144K), 3 survivors (6144K)
 Metaspace       used 64045K, committed 64384K, reserved 1114112K
  class space    used 6935K, committed 7104K, reserved 1048576K
}
Event: 26.620 GC heap before
{Heap before GC invocations=30 (full 0):
 garbage-first heap   total 208896K, used 168304K [0x0000000704800000, 0x0000000800000000)
  region size 2048K, 28 young (57344K), 3 survivors (6144K)
 Metaspace       used 66937K, committed 67264K, reserved 1114112K
  class space    used 7212K, committed 7360K, reserved 1048576K
}
Event: 26.634 GC heap after
{Heap after GC invocations=31 (full 0):
 garbage-first heap   total 208896K, used 126229K [0x0000000704800000, 0x0000000800000000)
  region size 2048K, 4 young (8192K), 4 survivors (8192K)
 Metaspace       used 66937K, committed 67264K, reserved 1114112K
  class space    used 7212K, committed 7360K, reserved 1048576K
}
Event: 26.678 GC heap before
{Heap before GC invocations=31 (full 0):
 garbage-first heap   total 208896K, used 128277K [0x0000000704800000, 0x0000000800000000)
  region size 2048K, 5 young (10240K), 4 survivors (8192K)
 Metaspace       used 66954K, committed 67264K, reserved 1114112K
  class space    used 7212K, committed 7360K, reserved 1048576K
}
Event: 26.693 GC heap after
{Heap after GC invocations=32 (full 0):
 garbage-first heap   total 208896K, used 127178K [0x0000000704800000, 0x0000000800000000)
  region size 2048K, 1 young (2048K), 1 survivors (2048K)
 Metaspace       used 66954K, committed 67264K, reserved 1114112K
  class space    used 7212K, committed 7360K, reserved 1048576K
}
Event: 27.916 GC heap before
{Heap before GC invocations=32 (full 0):
 garbage-first heap   total 208896K, used 168138K [0x0000000704800000, 0x0000000800000000)
  region size 2048K, 21 young (43008K), 1 survivors (2048K)
 Metaspace       used 68096K, committed 68480K, reserved 1114112K
  class space    used 7302K, committed 7488K, reserved 1048576K
}
Event: 27.925 GC heap after
{Heap after GC invocations=33 (full 0):
 garbage-first heap   total 208896K, used 133914K [0x0000000704800000, 0x0000000800000000)
  region size 2048K, 3 young (6144K), 3 survivors (6144K)
 Metaspace       used 68096K, committed 68480K, reserved 1114112K
  class space    used 7302K, committed 7488K, reserved 1048576K
}

Dll operation events (7 events):
Event: 0.007 Loaded shared library C:\Program Files\Microsoft\jdk-17.0.14.7-hotspot\bin\java.dll
Event: 0.029 Loaded shared library C:\Program Files\Microsoft\jdk-17.0.14.7-hotspot\bin\jsvml.dll
Event: 0.059 Loaded shared library C:\Program Files\Microsoft\jdk-17.0.14.7-hotspot\bin\net.dll
Event: 0.060 Loaded shared library C:\Program Files\Microsoft\jdk-17.0.14.7-hotspot\bin\nio.dll
Event: 0.087 Loaded shared library C:\Program Files\Microsoft\jdk-17.0.14.7-hotspot\bin\zip.dll
Event: 0.113 Loaded shared library C:\Program Files\Microsoft\jdk-17.0.14.7-hotspot\bin\jimage.dll
Event: 1.484 Loaded shared library C:\Program Files\Microsoft\jdk-17.0.14.7-hotspot\bin\verify.dll

Deoptimization events (20 events):
Event: 28.410 Thread 0x000002246ad3b560 Uncommon trap: trap_request=0xffffffde fr.pc=0x000002240812f274 relative=0x00000000000010d4
Event: 28.410 Thread 0x000002246ad3b560 Uncommon trap: reason=class_check action=maybe_recompile pc=0x000002240812f274 method=org.jetbrains.kotlin.load.kotlin.BinaryClassAnnotationAndConstantLoaderImpl$loadAnnotation$1.visitEnd()V @ 49 c2
Event: 28.410 Thread 0x000002246ad3b560 DEOPT PACKING pc=0x000002240812f274 sp=0x00000056de3fc950
Event: 28.410 Thread 0x000002246ad3b560 DEOPT UNPACKING pc=0x00000224074a69a3 sp=0x00000056de3fc920 mode 2
Event: 28.410 Thread 0x000002246ad3b560 Uncommon trap: trap_request=0xffffffde fr.pc=0x000002240812f274 relative=0x00000000000010d4
Event: 28.410 Thread 0x000002246ad3b560 Uncommon trap: reason=class_check action=maybe_recompile pc=0x000002240812f274 method=org.jetbrains.kotlin.load.kotlin.BinaryClassAnnotationAndConstantLoaderImpl$loadAnnotation$1.visitEnd()V @ 49 c2
Event: 28.411 Thread 0x000002246ad3b560 DEOPT PACKING pc=0x000002240812f274 sp=0x00000056de3fc950
Event: 28.411 Thread 0x000002246ad3b560 DEOPT UNPACKING pc=0x00000224074a69a3 sp=0x00000056de3fc920 mode 2
Event: 28.412 Thread 0x000002246ad3b560 Uncommon trap: trap_request=0xfffffff4 fr.pc=0x00000224083e9418 relative=0x0000000000000fb8
Event: 28.412 Thread 0x000002246ad3b560 Uncommon trap: reason=null_check action=make_not_entrant pc=0x00000224083e9418 method=org.jetbrains.kotlin.cli.jvm.compiler.CliVirtualFileFinder.findBinaryOrSigClass(Lorg/jetbrains/kotlin/name/ClassId;Ljava/lang/String;Ljava/util/Set;)Lorg/jetbrains/kotli
Event: 28.412 Thread 0x000002246ad3b560 DEOPT PACKING pc=0x00000224083e9418 sp=0x00000056de3fb760
Event: 28.412 Thread 0x000002246ad3b560 DEOPT UNPACKING pc=0x00000224074a69a3 sp=0x00000056de3fb6d0 mode 2
Event: 28.465 Thread 0x000002246ad3b560 Uncommon trap: trap_request=0xffffff45 fr.pc=0x0000022407f5df18 relative=0x00000000000000f8
Event: 28.465 Thread 0x000002246ad3b560 Uncommon trap: reason=unstable_if action=reinterpret pc=0x0000022407f5df18 method=kotlin.internal.ProgressionUtilKt.getProgressionLastElement(III)I @ 2 c2
Event: 28.465 Thread 0x000002246ad3b560 DEOPT PACKING pc=0x0000022407f5df18 sp=0x00000056de3fc990
Event: 28.465 Thread 0x000002246ad3b560 DEOPT UNPACKING pc=0x00000224074a69a3 sp=0x00000056de3fc8d8 mode 2
Event: 28.465 Thread 0x000002246ad3b560 Uncommon trap: trap_request=0xffffff45 fr.pc=0x000002240801b780 relative=0x00000000000000e0
Event: 28.466 Thread 0x000002246ad3b560 Uncommon trap: reason=unstable_if action=reinterpret pc=0x000002240801b780 method=kotlin.ranges.IntProgressionIterator.<init>(III)V @ 19 c2
Event: 28.466 Thread 0x000002246ad3b560 DEOPT PACKING pc=0x000002240801b780 sp=0x00000056de3fcaa0
Event: 28.466 Thread 0x000002246ad3b560 DEOPT UNPACKING pc=0x00000224074a69a3 sp=0x00000056de3fc968 mode 2

Classes loaded (20 events):
Event: 8.176 Loading class java/util/regex/Pattern$Bound
Event: 8.176 Loading class java/util/regex/Pattern$Bound done
Event: 8.177 Loading class java/util/regex/Pattern$LookBehindEndNode
Event: 8.177 Loading class java/util/regex/Pattern$LookBehindEndNode done
Event: 8.177 Loading class java/util/regex/Pattern$NotBehind
Event: 8.177 Loading class java/util/regex/Pattern$NotBehind done
Event: 9.982 Loading class jdk/internal/math/FloatingDecimal$ASCIIToBinaryBuffer
Event: 9.982 Loading class jdk/internal/math/FloatingDecimal$ASCIIToBinaryBuffer done
Event: 23.514 Loading class java/text/MessageFormat
Event: 23.515 Loading class java/text/MessageFormat done
Event: 23.559 Loading class jdk/internal/reflect/UnsafeBooleanFieldAccessorImpl
Event: 23.559 Loading class jdk/internal/reflect/UnsafeBooleanFieldAccessorImpl done
Event: 23.559 Loading class jdk/internal/reflect/UnsafeQualifiedObjectFieldAccessorImpl
Event: 23.559 Loading class jdk/internal/reflect/UnsafeQualifiedFieldAccessorImpl
Event: 23.559 Loading class jdk/internal/reflect/UnsafeQualifiedFieldAccessorImpl done
Event: 23.559 Loading class jdk/internal/reflect/UnsafeQualifiedObjectFieldAccessorImpl done
Event: 23.677 Loading class java/text/ChoiceFormat
Event: 23.677 Loading class java/text/ChoiceFormat done
Event: 23.722 Loading class java/text/MessageFormat$Field
Event: 23.722 Loading class java/text/MessageFormat$Field done

Classes unloaded (0 events):
No events

Classes redefined (0 events):
No events

Internal exceptions (20 events):
Event: 10.294 Thread 0x000002246ad3b560 Exception <a 'java/lang/NoSuchMethodError'{0x000000070d3412d0}: 'java.lang.Object java.lang.invoke.DirectMethodHandle$Holder.newInvokeSpecial(java.lang.Object, java.lang.Object, java.lang.Object, java.lang.Object, java.lang.Object, java.lang.Object, java.lang.Object)'> (0x000000070d3412d0) 
thrown [s\src\hotspot\share\interpreter\linkResolver.cpp, line 759]
Event: 10.294 Thread 0x000002246ad3b560 Exception <a 'java/lang/NoSuchMethodError'{0x000000070d345e88}: 'java.lang.Object java.lang.invoke.Invokers$Holder.linkToTargetMethod(java.lang.Object, java.lang.Object, java.lang.Object, java.lang.Object, java.lang.Object, java.lang.Object, java.lang.Object)'> (0x000000070d345e88) 
thrown [s\src\hotspot\share\interpreter\linkResolver.cpp, line 759]
Event: 10.354 Thread 0x000002246ad3b560 Exception <a 'java/lang/NoSuchMethodError'{0x000000070d0ec090}: 'java.lang.Object java.lang.invoke.DirectMethodHandle$Holder.invokeInterface(java.lang.Object, java.lang.Object, java.lang.Object)'> (0x000000070d0ec090) 
thrown [s\src\hotspot\share\interpreter\linkResolver.cpp, line 759]
Event: 10.354 Thread 0x000002246ad3b560 Exception <a 'java/lang/IncompatibleClassChangeError'{0x000000070d0eff50}: Found class java.lang.Object, but interface was expected> (0x000000070d0eff50) 
thrown [s\src\hotspot\share\interpreter\linkResolver.cpp, line 826]
Event: 10.451 Thread 0x000002246ad3b560 Implicit null exception at 0x0000022407d16a56 to 0x0000022407d16b65
Event: 10.457 Thread 0x000002246ad3b560 Implicit null exception at 0x00000224080e1ab9 to 0x00000224080e2228
Event: 10.695 Thread 0x000002246ad3b560 Implicit null exception at 0x0000022407d1752f to 0x0000022407d175e4
Event: 14.052 Thread 0x000002246ad3b560 Exception <a 'java/lang/NoSuchMethodError'{0x00000007123d5f40}: 'java.lang.Object java.lang.invoke.DirectMethodHandle$Holder.invokeStatic(java.lang.Object, int, java.lang.Object)'> (0x00000007123d5f40) 
thrown [s\src\hotspot\share\interpreter\linkResolver.cpp, line 759]
Event: 17.758 Thread 0x000002246ad3b560 Implicit null exception at 0x0000022408360a62 to 0x000002240836163b
Event: 19.430 Thread 0x000002246ad3b560 Implicit null exception at 0x00000224081675b3 to 0x000002240816771c
Event: 23.476 Thread 0x000002246ad3b560 Implicit null exception at 0x0000022407dced93 to 0x0000022407dceee4
Event: 23.660 Thread 0x000002246ad3b560 Exception <a 'java/lang/NoSuchMethodError'{0x00000007101b36b0}: 'java.lang.Object java.lang.invoke.DirectMethodHandle$Holder.invokeStaticInit(java.lang.Object, java.lang.Object, java.lang.Object, java.lang.Object)'> (0x00000007101b36b0) 
thrown [s\src\hotspot\share\interpreter\linkResolver.cpp, line 759]
Event: 24.198 Thread 0x000002246ad3b560 Exception <a 'java/lang/NoSuchMethodError'{0x000000070f2f7380}: 'java.lang.Object java.lang.invoke.DirectMethodHandle$Holder.newInvokeSpecial(java.lang.Object, java.lang.Object, java.lang.Object, int, int)'> (0x000000070f2f7380) 
thrown [s\src\hotspot\share\interpreter\linkResolver.cpp, line 759]
Event: 24.198 Thread 0x000002246ad3b560 Exception <a 'java/lang/NoSuchMethodError'{0x000000070f2fb1c0}: 'java.lang.Object java.lang.invoke.DirectMethodHandle$Holder.invokeSpecial(java.lang.Object, java.lang.Object, java.lang.Object, java.lang.Object, int, int)'> (0x000000070f2fb1c0) 
thrown [s\src\hotspot\share\interpreter\linkResolver.cpp, line 759]
Event: 24.419 Thread 0x000002246ad3b560 Exception <a 'java/lang/NoSuchMethodError'{0x000000070eabb548}: 'java.lang.Object java.lang.invoke.DirectMethodHandle$Holder.newInvokeSpecial(java.lang.Object, java.lang.Object, int, int, java.lang.Object, java.lang.Object, java.lang.Object)'> (0x000000070eabb548) 
thrown [s\src\hotspot\share\interpreter\linkResolver.cpp, line 759]
Event: 24.420 Thread 0x000002246ad3b560 Exception <a 'java/lang/NoSuchMethodError'{0x000000070eac0098}: 'java.lang.Object java.lang.invoke.DirectMethodHandle$Holder.invokeSpecial(java.lang.Object, java.lang.Object, java.lang.Object, int, int, java.lang.Object, java.lang.Object, java.lang.Object)'> (0x000000070eac0098) 
thrown [s\src\hotspot\share\interpreter\linkResolver.cpp, line 759]
Event: 24.431 Thread 0x000002246ad3b560 Implicit null exception at 0x0000022407c0e899 to 0x0000022407c0eb74
Event: 24.521 Thread 0x000002246ad3b560 Exception <a 'java/lang/NoSuchMethodError'{0x000000070e811328}: 'java.lang.Object java.lang.invoke.DirectMethodHandle$Holder.invokeSpecial(java.lang.Object, java.lang.Object, int, int, java.lang.Object, java.lang.Object, java.lang.Object, java.lang.Object, java.lang.Object)'> (0x000000070e811328) 
thrown [s\src\hotspot\share\interpreter\linkResolver.cpp, line 759]
Event: 26.826 Thread 0x000002246ad3b560 Implicit null exception at 0x00000224082ddf6c to 0x00000224082df440
Event: 28.412 Thread 0x000002246ad3b560 Implicit null exception at 0x00000224083e8c40 to 0x00000224083e940c

VM Operations (20 events):
Event: 28.074 Executing VM operation: G1PauseCleanup done
Event: 28.097 Executing VM operation: HandshakeAllThreads
Event: 28.097 Executing VM operation: HandshakeAllThreads done
Event: 28.101 Executing VM operation: HandshakeAllThreads
Event: 28.101 Executing VM operation: HandshakeAllThreads done
Event: 28.103 Executing VM operation: HandshakeAllThreads
Event: 28.103 Executing VM operation: HandshakeAllThreads done
Event: 28.224 Executing VM operation: HandshakeAllThreads
Event: 28.224 Executing VM operation: HandshakeAllThreads done
Event: 28.243 Executing VM operation: HandshakeAllThreads
Event: 28.243 Executing VM operation: HandshakeAllThreads done
Event: 28.245 Executing VM operation: HandshakeAllThreads
Event: 28.245 Executing VM operation: HandshakeAllThreads done
Event: 28.245 Executing VM operation: HandshakeAllThreads
Event: 28.245 Executing VM operation: HandshakeAllThreads done
Event: 28.253 Executing VM operation: HandshakeAllThreads
Event: 28.253 Executing VM operation: HandshakeAllThreads done
Event: 28.493 Executing VM operation: HandshakeAllThreads
Event: 28.493 Executing VM operation: HandshakeAllThreads done
Event: 29.500 Executing VM operation: Cleanup

Memory protections (0 events):
No events

Nmethod flushes (20 events):
Event: 26.943 Thread 0x000002247ea4b850 flushing  nmethod 0x000002240241fb90
Event: 26.943 Thread 0x000002247ea4b850 flushing  nmethod 0x0000022402421010
Event: 26.943 Thread 0x000002247ea4b850 flushing  nmethod 0x000002240246fa90
Event: 26.944 Thread 0x000002247ea4b850 flushing  nmethod 0x000002240247bb90
Event: 26.944 Thread 0x000002247ea4b850 flushing  nmethod 0x000002240248ae90
Event: 26.944 Thread 0x000002247ea4b850 flushing  nmethod 0x00000224024e2490
Event: 28.249 Thread 0x000002247ea4b850 flushing  nmethod 0x000002240825e290
Event: 28.254 Thread 0x000002247ea4b850 flushing  nmethod 0x000002240006c790
Event: 28.254 Thread 0x000002247ea4b850 flushing  nmethod 0x000002240010e910
Event: 28.255 Thread 0x000002247ea4b850 flushing  nmethod 0x000002240033ff90
Event: 28.257 Thread 0x000002247ea4b850 flushing  nmethod 0x00000224004a5f10
Event: 28.261 Thread 0x000002247ea4b850 flushing  nmethod 0x00000224005eea90
Event: 28.269 Thread 0x000002247ea4b850 flushing  nmethod 0x0000022400be7510
Event: 28.285 Thread 0x000002247ea4b850 flushing  nmethod 0x00000224014d1790
Event: 28.287 Thread 0x000002247ea4b850 flushing  nmethod 0x0000022401617d10
Event: 28.290 Thread 0x000002247ea4b850 flushing  nmethod 0x0000022401ab0810
Event: 28.294 Thread 0x000002247ea4b850 flushing  nmethod 0x0000022402093810
Event: 28.296 Thread 0x000002247ea4b850 flushing  nmethod 0x00000224022f9a10
Event: 28.297 Thread 0x000002247ea4b850 flushing  nmethod 0x000002240239d190
Event: 28.297 Thread 0x000002247ea4b850 flushing  nmethod 0x0000022402434490

Events (20 events):
Event: 22.914 Thread 0x000002247f8350f0 Thread added: 0x0000022456f2fc90
Event: 22.999 Thread 0x000002247f80dde0 Thread added: 0x00000224554395a0
Event: 23.048 Thread 0x00000224540caa10 Thread added: 0x00000224554375c0
Event: 23.067 Thread 0x000002247ea4a840 Thread added: 0x0000022455437b10
Event: 24.019 Thread 0x0000022455437b10 Thread exited: 0x0000022455437b10
Event: 24.145 Thread 0x00000224554375c0 Thread exited: 0x00000224554375c0
Event: 24.145 Thread 0x00000224554395a0 Thread exited: 0x00000224554395a0
Event: 24.145 Thread 0x0000022456f2fc90 Thread exited: 0x0000022456f2fc90
Event: 24.145 Thread 0x0000022455d8b780 Thread exited: 0x0000022455d8b780
Event: 24.369 Thread 0x00000224540caa10 Thread added: 0x000002245543a040
Event: 24.883 Thread 0x000002247ea4a840 Thread added: 0x0000022456f2ace0
Event: 25.198 Thread 0x000002247ea40760 Thread added: 0x0000022456f2fc90
Event: 26.041 Thread 0x0000022456f2fc90 Thread exited: 0x0000022456f2fc90
Event: 26.812 Thread 0x00000224540caa10 Thread added: 0x0000022458eabbe0
Event: 27.827 Thread 0x000002247ea4a840 Thread added: 0x0000022458eb0640
Event: 27.885 Thread 0x00000224540caa10 Thread added: 0x0000022458eb0b90
Event: 28.190 Thread 0x0000022458eb0b90 Thread exited: 0x0000022458eb0b90
Event: 28.228 Thread 0x0000022458eb0640 Thread exited: 0x0000022458eb0640
Event: 28.460 Thread 0x000002247f80dde0 Thread added: 0x0000022458eb30c0
Event: 28.520 Thread 0x000002247ea4a840 Thread added: 0x0000022458eb1630


Dynamic libraries:
0x00007ff639330000 - 0x00007ff63933e000 	C:\Program Files\Microsoft\jdk-17.0.14.7-hotspot\bin\java.exe
0x00007ffc97400000 - 0x00007ffc97666000 	C:\WINDOWS\SYSTEM32\ntdll.dll
0x00007ffc96980000 - 0x00007ffc96a49000 	C:\WINDOWS\System32\KERNEL32.DLL
0x00007ffc94b00000 - 0x00007ffc94ecc000 	C:\WINDOWS\System32\KERNELBASE.dll
0x00007ffc94910000 - 0x00007ffc94a5b000 	C:\WINDOWS\System32\ucrtbase.dll
0x00007ffc52260000 - 0x00007ffc52277000 	C:\Program Files\Microsoft\jdk-17.0.14.7-hotspot\bin\jli.dll
0x00007ffc51270000 - 0x00007ffc5128d000 	C:\Program Files\Microsoft\jdk-17.0.14.7-hotspot\bin\VCRUNTIME140.dll
0x00007ffc95f00000 - 0x00007ffc960ca000 	C:\WINDOWS\System32\USER32.dll
0x00007ffc7a280000 - 0x00007ffc7a51a000 	C:\WINDOWS\WinSxS\amd64_microsoft.windows.common-controls_6595b64144ccf1df_6.0.26100.3912_none_3e07963ce335137e\COMCTL32.dll
0x00007ffc95010000 - 0x00007ffc95037000 	C:\WINDOWS\System32\win32u.dll
0x00007ffc954d0000 - 0x00007ffc95579000 	C:\WINDOWS\System32\msvcrt.dll
0x00007ffc95640000 - 0x00007ffc9566b000 	C:\WINDOWS\System32\GDI32.dll
0x00007ffc947d0000 - 0x00007ffc94902000 	C:\WINDOWS\System32\gdi32full.dll
0x00007ffc94f60000 - 0x00007ffc95003000 	C:\WINDOWS\System32\msvcp_win.dll
0x00007ffc97380000 - 0x00007ffc973b0000 	C:\WINDOWS\System32\IMM32.DLL
0x00007ffc6cad0000 - 0x00007ffc6cadc000 	C:\Program Files\Microsoft\jdk-17.0.14.7-hotspot\bin\vcruntime140_1.dll
0x00007ffc377e0000 - 0x00007ffc3786d000 	C:\Program Files\Microsoft\jdk-17.0.14.7-hotspot\bin\msvcp140.dll
0x00007ffc0a3c0000 - 0x00007ffc0b032000 	C:\Program Files\Microsoft\jdk-17.0.14.7-hotspot\bin\server\jvm.dll
0x00007ffc95580000 - 0x00007ffc95632000 	C:\WINDOWS\System32\ADVAPI32.dll
0x00007ffc951c0000 - 0x00007ffc95266000 	C:\WINDOWS\System32\sechost.dll
0x00007ffc952a0000 - 0x00007ffc953b6000 	C:\WINDOWS\System32\RPCRT4.dll
0x00007ffc95450000 - 0x00007ffc954c4000 	C:\WINDOWS\System32\WS2_32.dll
0x00007ffc943e0000 - 0x00007ffc9443e000 	C:\WINDOWS\SYSTEM32\POWRPROF.dll
0x00007ffc82f80000 - 0x00007ffc82f8b000 	C:\WINDOWS\SYSTEM32\VERSION.dll
0x00007ffc8a320000 - 0x00007ffc8a356000 	C:\WINDOWS\SYSTEM32\WINMM.dll
0x00007ffc943c0000 - 0x00007ffc943d4000 	C:\WINDOWS\SYSTEM32\UMPDC.dll
0x00007ffc93350000 - 0x00007ffc9336a000 	C:\WINDOWS\SYSTEM32\kernel.appcore.dll
0x00007ffc6ca30000 - 0x00007ffc6ca3a000 	C:\Program Files\Microsoft\jdk-17.0.14.7-hotspot\bin\jimage.dll
0x00007ffc91d90000 - 0x00007ffc91fd1000 	C:\WINDOWS\SYSTEM32\DBGHELP.DLL
0x00007ffc96230000 - 0x00007ffc965b4000 	C:\WINDOWS\System32\combase.dll
0x00007ffc96140000 - 0x00007ffc96220000 	C:\WINDOWS\System32\OLEAUT32.dll
0x00007ffc6c860000 - 0x00007ffc6c899000 	C:\WINDOWS\SYSTEM32\dbgcore.DLL
0x00007ffc94a60000 - 0x00007ffc94af9000 	C:\WINDOWS\System32\bcryptPrimitives.dll
0x00007ffc51240000 - 0x00007ffc51265000 	C:\Program Files\Microsoft\jdk-17.0.14.7-hotspot\bin\java.dll
0x00007ffc2ca10000 - 0x00007ffc2cae7000 	C:\Program Files\Microsoft\jdk-17.0.14.7-hotspot\bin\jsvml.dll
0x00007ffc96c50000 - 0x00007ffc9737d000 	C:\WINDOWS\System32\SHELL32.dll
0x00007ffc94650000 - 0x00007ffc947c4000 	C:\WINDOWS\System32\wintypes.dll
0x00007ffc92200000 - 0x00007ffc92a56000 	C:\WINDOWS\SYSTEM32\windows.storage.dll
0x00007ffc95bb0000 - 0x00007ffc95c9f000 	C:\WINDOWS\System32\SHCORE.dll
0x00007ffc960d0000 - 0x00007ffc96139000 	C:\WINDOWS\System32\shlwapi.dll
0x00007ffc944a0000 - 0x00007ffc944cf000 	C:\WINDOWS\SYSTEM32\profapi.dll
0x00007ffc4e1e0000 - 0x00007ffc4e1fa000 	C:\Program Files\Microsoft\jdk-17.0.14.7-hotspot\bin\net.dll
0x00007ffc8d620000 - 0x00007ffc8d73e000 	C:\WINDOWS\SYSTEM32\WINHTTP.dll
0x00007ffc938c0000 - 0x00007ffc9392a000 	C:\WINDOWS\system32\mswsock.dll
0x00007ffc4e120000 - 0x00007ffc4e136000 	C:\Program Files\Microsoft\jdk-17.0.14.7-hotspot\bin\nio.dll
0x00007ffc4e100000 - 0x00007ffc4e118000 	C:\Program Files\Microsoft\jdk-17.0.14.7-hotspot\bin\zip.dll
0x00007ffc67960000 - 0x00007ffc67970000 	C:\Program Files\Microsoft\jdk-17.0.14.7-hotspot\bin\verify.dll

dbghelp: loaded successfully - version: 4.0.5 - missing functions: none
symbol engine: initialized successfully - sym options: 0x614 - pdb path: .;C:\Program Files\Microsoft\jdk-17.0.14.7-hotspot\bin;C:\WINDOWS\SYSTEM32;C:\WINDOWS\WinSxS\amd64_microsoft.windows.common-controls_6595b64144ccf1df_6.0.26100.3912_none_3e07963ce335137e;C:\Program Files\Microsoft\jdk-17.0.14.7-hotspot\bin\server

VM Arguments:
java_command: org.jetbrains.kotlin.cli.jvm.K2JVMCompiler @E:\priya\kharrrchu\latest_kharchaji-\app\build\20250517_10243733531524612456.compiler.options
java_class_path (initial): C:\Users\Abhishek soni\.gradle\caches\modules-2\files-2.1\org.jetbrains.kotlin\kotlin-compiler-embeddable\1.9.0\2c8c3a7402becca891f12739b3e9fd2dc2adbd7a\kotlin-compiler-embeddable-1.9.0.jar;C:\Users\Abhishek soni\.gradle\caches\modules-2\files-2.1\org.jetbrains.kotlin\kotlin-stdlib\1.9.0\8ee15ef0c67dc83d874f412d84378d7f0eb50b63\kotlin-stdlib-1.9.0.jar;C:\Users\Abhishek soni\.gradle\caches\modules-2\files-2.1\org.jetbrains.kotlin\kotlin-script-runtime\1.9.0\4b3102cbbb7e1b58d9d1adf89563f00069ffa7d1\kotlin-script-runtime-1.9.0.jar;C:\Users\Abhishek soni\.gradle\caches\modules-2\files-2.1\org.jetbrains.kotlin\kotlin-reflect\1.6.10\1cbe9c92c12a94eea200d23c2bbaedaf3daf5132\kotlin-reflect-1.6.10.jar;C:\Users\Abhishek soni\.gradle\caches\modules-2\files-2.1\org.jetbrains.kotlin\kotlin-daemon-embeddable\1.9.0\186543f5e28cf8d9a0290fecc2cf34301c40a65c\kotlin-daemon-embeddable-1.9.0.jar;C:\Users\Abhishek soni\.gradle\caches\modules-2\files-2.1\org.jetbrains.intellij.deps\trove4j\1.0.20200330\3afb14d5f9ceb459d724e907a21145e8ff394f02\trove4j-1.0.20200330.jar;C:\Users\Abhishek soni\.gradle\caches\modules-2\files-2.1\org.jetbrains.kotlin\kotlin-stdlib-common\1.9.0\cd65c21cfd1eec4d44ef09f9f52b6d9f8a720636\kotlin-stdlib-common-1.9.0.jar;C:\Users\Abhishek soni\.gradle\caches\modules-2\files-2.1\org.jetbrains\annotations\13.0\919f0dfe192fb4e063e7dacadee7f8bb9a2672a9\annotations-13.0.jar
Launcher Type: SUN_STANDARD

[Global flags]
     intx CICompilerCount                          = 12                                        {product} {ergonomic}
     uint ConcGCThreads                            = 3                                         {product} {ergonomic}
     uint G1ConcRefinementThreads                  = 13                                        {product} {ergonomic}
   size_t G1HeapRegionSize                         = 2097152                                   {product} {ergonomic}
    uintx GCDrainStackTargetSize                   = 64                                        {product} {ergonomic}
   size_t InitialHeapSize                          = 264241152                                 {product} {ergonomic}
   size_t MarkStackSize                            = 4194304                                   {product} {ergonomic}
   size_t MaxHeapSize                              = 4219469824                                {product} {ergonomic}
   size_t MaxNewSize                               = 2531262464                                {product} {ergonomic}
   size_t MinHeapDeltaBytes                        = 2097152                                   {product} {ergonomic}
   size_t MinHeapSize                              = 8388608                                   {product} {ergonomic}
    uintx NonNMethodCodeHeapSize                   = 7602480                                {pd product} {ergonomic}
    uintx NonProfiledCodeHeapSize                  = 122027880                              {pd product} {ergonomic}
    uintx ProfiledCodeHeapSize                     = 122027880                              {pd product} {ergonomic}
    uintx ReservedCodeCacheSize                    = 251658240                              {pd product} {ergonomic}
     bool SegmentedCodeCache                       = true                                      {product} {ergonomic}
   size_t SoftMaxHeapSize                          = 4219469824                             {manageable} {ergonomic}
     bool UseCompressedClassPointers               = true                           {product lp64_product} {ergonomic}
     bool UseCompressedOops                        = true                           {product lp64_product} {ergonomic}
     bool UseG1GC                                  = true                                      {product} {ergonomic}
     bool UseLargePagesIndividualAllocation        = false                                  {pd product} {ergonomic}

Logging:
Log output configuration:
 #0: stdout all=warning uptime,level,tags
 #1: stderr all=off uptime,level,tags

Environment Variables:
JAVA_HOME=C:\Program Files\Microsoft\jdk-17.0.14.7-hotspot
CLASSPATH=E:\priya\kharrrchu\latest_kharchaji-\\gradle\wrapper\gradle-wrapper.jar
PATH=C:\Program Files\PowerShell\7;C:\scrcpy-win32-v3.1;C:\src\flutter\bin;C:\androids\platform-tools;C:\AndroidSDK\cmdline-tools\latest\bin;C:\Program Files\Microsoft\jdk-17.0.14.7-hotspot\bin;C:\Program Files\Microsoft\jdk-17.0.14.7-hotspot\bin;C:\Program Files\WindowsApps\Microsoft.DesktopAppInstaller_1.24.25200.0_x64__8wekyb3d8bbwe;c:\Users\Abhishek soni\AppData\Local\Programs\cursor\resources\app\bin;C:\Program Files\Microsoft\jdk-17.0.10.7-hotspot\\bin;C:\Users\Abhishek soni\AppData\Local\Android\Sdk;C:\Users\Abhishek soni\AppData\Local\Android\Sdk\platform-tools;C:\Program Files\nodejs;C:\WINDOWS\system32;C:\WINDOWS;C:\WINDOWS\System32\Wbem;C:\WINDOWS\System32\WindowsPowerShell\v1.0\;C:\WINDOWS\System32\OpenSSH\;C:\Program Files\dotnet\;C:\MinGW\bin;E:\Aakash itr\platform-tools_r34.0.1-windows\platform-tools;C:\ProgramData\chocolatey\bin;C:\Program Files\nodejs\;C:\Program Files\Git\cmd;C:\Program Files (x86)\Microsoft SQL Server\160\Tools\Binn\;C:\Program Files\Microsoft SQL Server\160\Tools\Binn\;C:\Program Files\Microsoft SQL Server\Client SDK\ODBC\170\Tools\Binn\;C:\Program Files\Microsoft SQL Server\160\DTS\Binn\;C:\Program Files\Microsoft\jdk-17.0.14.7-hotspot;C:\Program Files\PowerShell\7\;C:\Users\Abhishek soni\AppData\Local\Programs\Python\Python313\Scripts\;C:\Users\Abhishek soni\AppData\Local\Programs\Python\Python313\;E:\trucckkk\Go_rider_passenger_app\flutter\flutter\bin;C:\Users\Abhishek soni\AppData\Local\Programs\Microsoft VS Code\bin;C:\Program Files\Tesseract-OCR;E:\codekamaal\my_first_app\flutter\bin;C:\Users\Abhishek soni\AppData\Local\Microsoft\WindowsApps;C:\Users\Abhishek soni\AppData\Local\Microsoft\WinGet\Packages\Genymobile.scrcpy_Microsoft.Winget.Source_8wekyb3d8bbwe\scrcpy-win64-v3.1;C:\Program Files\WindowsApps\Microsoft.DesktopAppInstaller_1.25.320.0_x64__8wekyb3d8bbwe;C:\Windows\System32
USERNAME=Abhishek soni
LANG=en_US.UTF-8
OS=Windows_NT
PROCESSOR_IDENTIFIER=Intel64 Family 6 Model 154 Stepping 3, GenuineIntel
TMP=C:\Users\Abhishek soni\AppData\Local\Temp
TEMP=C:\Users\Abhishek soni\AppData\Local\Temp



Periodic native trim disabled


---------------  S Y S T E M  ---------------

OS:
 Windows 11 , 64 bit Build 26100 (10.0.26100.3912)
OS uptime: 1 days 3:06 hours
Hyper-V role detected

CPU: total 16 (initial active 16) (8 cores per cpu, 2 threads per core) family 6 model 154 stepping 3 microcode 0x435, cx8, cmov, fxsr, ht, mmx, 3dnowpref, sse, sse2, sse3, ssse3, sse4.1, sse4.2, popcnt, lzcnt, tsc, tscinvbit, avx, avx2, aes, erms, clmul, bmi1, bmi2, adx, sha, fma, vzeroupper, clflush, clflushopt, clwb, hv
Processor Information for processor 0
  Max Mhz: 2500, Current Mhz: 2500, Mhz Limit: 2500
Processor Information for processor 1
  Max Mhz: 2500, Current Mhz: 2500, Mhz Limit: 2500
Processor Information for processor 2
  Max Mhz: 2500, Current Mhz: 2500, Mhz Limit: 2500
Processor Information for processor 3
  Max Mhz: 2500, Current Mhz: 2500, Mhz Limit: 2500
Processor Information for processor 4
  Max Mhz: 2500, Current Mhz: 2500, Mhz Limit: 2500
Processor Information for processor 5
  Max Mhz: 2500, Current Mhz: 2500, Mhz Limit: 2500
Processor Information for processor 6
  Max Mhz: 2500, Current Mhz: 2500, Mhz Limit: 2500
Processor Information for processor 7
  Max Mhz: 2500, Current Mhz: 2500, Mhz Limit: 2500
Processor Information for processor 8
  Max Mhz: 2500, Current Mhz: 1800, Mhz Limit: 1800
Processor Information for processor 9
  Max Mhz: 2500, Current Mhz: 1800, Mhz Limit: 1800
Processor Information for processor 10
  Max Mhz: 2500, Current Mhz: 1800, Mhz Limit: 1800
Processor Information for processor 11
  Max Mhz: 2500, Current Mhz: 1800, Mhz Limit: 1800
Processor Information for processor 12
  Max Mhz: 2500, Current Mhz: 1500, Mhz Limit: 1800
Processor Information for processor 13
  Max Mhz: 2500, Current Mhz: 1800, Mhz Limit: 1800
Processor Information for processor 14
  Max Mhz: 2500, Current Mhz: 1800, Mhz Limit: 1800
Processor Information for processor 15
  Max Mhz: 2500, Current Mhz: 1500, Mhz Limit: 1800

Memory: 4k page, system-wide physical 16095M (1871M free)
TotalPageFile size 23095M (AvailPageFile size 7M)
current process WorkingSet (physical memory assigned to process): 507M, peak: 508M
current process commit charge ("private bytes"): 567M, peak: 569M

vm_info: OpenJDK 64-Bit Server VM (17.0.14+7-LTS) for windows-amd64 JRE (17.0.14+7-LTS), built on Jan  8 2025 23:39:28 by "MicrosoftCorporation" with unknown MS VC++:1939

END.
